{"F:\\Automation\\Hybrent3.7.0-RC3\\conf.js":{"path":"F:\\Automation\\Hybrent3.7.0-RC3\\conf.js","statementMap":{"0":{"start":{"line":1,"column":13},"end":{"line":1,"column":33}},"1":{"start":{"line":3,"column":17},"end":{"line":3,"column":54}},"2":{"start":{"line":4,"column":23},"end":{"line":4,"column":51}},"3":{"start":{"line":5,"column":21},"end":{"line":5,"column":58}},"4":{"start":{"line":9,"column":0},"end":{"line":110,"column":2}},"5":{"start":{"line":53,"column":4},"end":{"line":53,"column":41}},"6":{"start":{"line":54,"column":27},"end":{"line":54,"column":55}},"7":{"start":{"line":59,"column":4},"end":{"line":63,"column":8}},"8":{"start":{"line":78,"column":22},"end":{"line":78,"column":47}},"9":{"start":{"line":80,"column":4},"end":{"line":99,"column":7}},"10":{"start":{"line":81,"column":6},"end":{"line":81,"column":44}},"11":{"start":{"line":82,"column":6},"end":{"line":82,"column":43}},"12":{"start":{"line":83,"column":6},"end":{"line":83,"column":38}},"13":{"start":{"line":85,"column":23},"end":{"line":85,"column":60}},"14":{"start":{"line":87,"column":6},"end":{"line":97,"column":8}},"15":{"start":{"line":98,"column":6},"end":{"line":98,"column":58}}},"fnMap":{"0":{"name":"(anonymous_0)","decl":{"start":{"line":52,"column":13},"end":{"line":52,"column":14}},"loc":{"start":{"line":52,"column":25},"end":{"line":65,"column":3}},"line":52},"1":{"name":"(anonymous_1)","decl":{"start":{"line":76,"column":14},"end":{"line":76,"column":15}},"loc":{"start":{"line":76,"column":26},"end":{"line":101,"column":3}},"line":76},"2":{"name":"(anonymous_2)","decl":{"start":{"line":80,"column":21},"end":{"line":80,"column":22}},"loc":{"start":{"line":80,"column":37},"end":{"line":99,"column":5}},"line":80}},"branchMap":{},"s":{"0":1,"1":1,"2":1,"3":1,"4":1,"5":1,"6":1,"7":1,"8":1,"9":1,"10":1,"11":1,"12":1,"13":1,"14":1,"15":1},"f":{"0":1,"1":1,"2":1},"b":{},"_coverageSchema":"1a1c01bbd47fc00a2c39e90264f33305004495a9","hash":"ce5d8d9c215d3dc8457365c88b3ce9789339d5bc","contentHash":"77cba3c5dcba500588ae12a1c0ffa863234cf489100b1e07c44e1b6f0714915b"},"F:\\Automation\\Hybrent3.7.0-RC3\\objects.js":{"path":"F:\\Automation\\Hybrent3.7.0-RC3\\objects.js","statementMap":{"0":{"start":{"line":1,"column":0},"end":{"line":1,"column":57}},"1":{"start":{"line":3,"column":0},"end":{"line":8,"column":2}},"2":{"start":{"line":11,"column":0},"end":{"line":20,"column":2}},"3":{"start":{"line":22,"column":0},"end":{"line":27,"column":1}},"4":{"start":{"line":29,"column":0},"end":{"line":61,"column":1}},"5":{"start":{"line":63,"column":0},"end":{"line":66,"column":1}},"6":{"start":{"line":67,"column":0},"end":{"line":71,"column":1}},"7":{"start":{"line":73,"column":0},"end":{"line":76,"column":1}},"8":{"start":{"line":77,"column":0},"end":{"line":82,"column":1}},"9":{"start":{"line":84,"column":0},"end":{"line":86,"column":1}},"10":{"start":{"line":88,"column":0},"end":{"line":90,"column":1}},"11":{"start":{"line":92,"column":0},"end":{"line":95,"column":1}},"12":{"start":{"line":97,"column":0},"end":{"line":100,"column":1}},"13":{"start":{"line":102,"column":0},"end":{"line":105,"column":1}},"14":{"start":{"line":107,"column":0},"end":{"line":122,"column":1}},"15":{"start":{"line":124,"column":0},"end":{"line":128,"column":1}},"16":{"start":{"line":130,"column":0},"end":{"line":136,"column":1}},"17":{"start":{"line":138,"column":0},"end":{"line":141,"column":1}},"18":{"start":{"line":143,"column":0},"end":{"line":145,"column":1}}},"fnMap":{},"branchMap":{},"s":{"0":1,"1":1,"2":1,"3":1,"4":1,"5":1,"6":1,"7":1,"8":1,"9":1,"10":1,"11":1,"12":1,"13":1,"14":1,"15":1,"16":1,"17":1,"18":1},"f":{},"b":{},"_coverageSchema":"1a1c01bbd47fc00a2c39e90264f33305004495a9","hash":"da39c7467fe69f471dc5c8a9f15b0aceddad6644","contentHash":"985ba91ee69c4a65f74a90cf15c5b102a6b6ced85f33564b88e52bf2cfd27221"},"F:\\Automation\\Hybrent3.7.0-RC3\\Testcases\\login\\login.js":{"path":"F:\\Automation\\Hybrent3.7.0-RC3\\Testcases\\login\\login.js","statementMap":{"0":{"start":{"line":1,"column":0},"end":{"line":44,"column":3}},"1":{"start":{"line":3,"column":18},"end":{"line":3,"column":54}},"2":{"start":{"line":4,"column":11},"end":{"line":4,"column":40}},"3":{"start":{"line":5,"column":2},"end":{"line":8,"column":5}},"4":{"start":{"line":6,"column":4},"end":{"line":6,"column":41}},"5":{"start":{"line":7,"column":4},"end":{"line":7,"column":36}},"6":{"start":{"line":10,"column":2},"end":{"line":18,"column":5}},"7":{"start":{"line":12,"column":4},"end":{"line":12,"column":75}},"8":{"start":{"line":14,"column":4},"end":{"line":14,"column":44}},"9":{"start":{"line":15,"column":4},"end":{"line":15,"column":24}},"10":{"start":{"line":16,"column":4},"end":{"line":16,"column":64}},"11":{"start":{"line":20,"column":2},"end":{"line":29,"column":5}},"12":{"start":{"line":22,"column":4},"end":{"line":22,"column":75}},"13":{"start":{"line":24,"column":4},"end":{"line":24,"column":63}},"14":{"start":{"line":25,"column":4},"end":{"line":25,"column":63}},"15":{"start":{"line":26,"column":4},"end":{"line":26,"column":50}},"16":{"start":{"line":27,"column":4},"end":{"line":27,"column":24}},"17":{"start":{"line":28,"column":4},"end":{"line":28,"column":74}},"18":{"start":{"line":32,"column":2},"end":{"line":40,"column":5}},"19":{"start":{"line":33,"column":4},"end":{"line":33,"column":75}},"20":{"start":{"line":35,"column":4},"end":{"line":35,"column":85}},"21":{"start":{"line":36,"column":4},"end":{"line":36,"column":85}},"22":{"start":{"line":37,"column":4},"end":{"line":37,"column":50}},"23":{"start":{"line":38,"column":4},"end":{"line":38,"column":42}},"24":{"start":{"line":39,"column":4},"end":{"line":39,"column":52}}},"fnMap":{"0":{"name":"(anonymous_0)","decl":{"start":{"line":1,"column":33},"end":{"line":1,"column":34}},"loc":{"start":{"line":1,"column":45},"end":{"line":44,"column":1}},"line":1},"1":{"name":"(anonymous_1)","decl":{"start":{"line":5,"column":13},"end":{"line":5,"column":14}},"loc":{"start":{"line":5,"column":25},"end":{"line":8,"column":3}},"line":5},"2":{"name":"(anonymous_2)","decl":{"start":{"line":10,"column":50},"end":{"line":10,"column":51}},"loc":{"start":{"line":10,"column":62},"end":{"line":18,"column":3}},"line":10},"3":{"name":"(anonymous_3)","decl":{"start":{"line":20,"column":49},"end":{"line":20,"column":50}},"loc":{"start":{"line":20,"column":67},"end":{"line":29,"column":3}},"line":20},"4":{"name":"(anonymous_4)","decl":{"start":{"line":32,"column":51},"end":{"line":32,"column":52}},"loc":{"start":{"line":32,"column":69},"end":{"line":40,"column":3}},"line":32}},"branchMap":{},"s":{"0":1,"1":1,"2":1,"3":1,"4":3,"5":3,"6":1,"7":1,"8":1,"9":1,"10":1,"11":1,"12":1,"13":1,"14":1,"15":1,"16":1,"17":1,"18":1,"19":1,"20":1,"21":1,"22":1,"23":1,"24":1},"f":{"0":1,"1":3,"2":1,"3":1,"4":1},"b":{},"_coverageSchema":"1a1c01bbd47fc00a2c39e90264f33305004495a9","hash":"5709fa597da0388868e13bd20d941f99e28fa40b","contentHash":"5a577bbfe3026dca72aa99ecdbbe8beb6cf3464161b01cffee5eb6500b1c099f"},"F:\\Automation\\Hybrent3.7.0-RC3\\Testcases\\Dashboard\\dash.js":{"path":"F:\\Automation\\Hybrent3.7.0-RC3\\Testcases\\Dashboard\\dash.js","statementMap":{"0":{"start":{"line":1,"column":0},"end":{"line":16,"column":2}}},"fnMap":{},"branchMap":{},"s":{"0":1},"f":{},"b":{},"_coverageSchema":"1a1c01bbd47fc00a2c39e90264f33305004495a9","hash":"be8b28879910b60d3cf7bd309598a21414bf1b32","contentHash":"ed1e9427fc25dfafa966a0a8a02466b0bb613c74f44bffdecc4ae69d2631095a"},"F:\\Automation\\Hybrent3.7.0-RC3\\Testcases\\Dashboard\\dashboard.js":{"path":"F:\\Automation\\Hybrent3.7.0-RC3\\Testcases\\Dashboard\\dashboard.js","statementMap":{"0":{"start":{"line":1,"column":20},"end":{"line":1,"column":45}},"1":{"start":{"line":2,"column":14},"end":{"line":2,"column":34}},"2":{"start":{"line":3,"column":0},"end":{"line":192,"column":3}},"3":{"start":{"line":5,"column":11},"end":{"line":5,"column":40}},"4":{"start":{"line":6,"column":44},"end":{"line":6,"column":92}},"5":{"start":{"line":7,"column":21},"end":{"line":7,"column":63}},"6":{"start":{"line":11,"column":2},"end":{"line":21,"column":12}},"7":{"start":{"line":12,"column":4},"end":{"line":12,"column":75}},"8":{"start":{"line":13,"column":4},"end":{"line":13,"column":24}},"9":{"start":{"line":14,"column":4},"end":{"line":14,"column":94}},"10":{"start":{"line":15,"column":4},"end":{"line":15,"column":65}},"11":{"start":{"line":16,"column":4},"end":{"line":18,"column":6}},"12":{"start":{"line":17,"column":6},"end":{"line":17,"column":61}},"13":{"start":{"line":19,"column":4},"end":{"line":19,"column":24}},"14":{"start":{"line":20,"column":4},"end":{"line":20,"column":55}},"15":{"start":{"line":23,"column":2},"end":{"line":29,"column":5}},"16":{"start":{"line":24,"column":4},"end":{"line":24,"column":75}},"17":{"start":{"line":25,"column":4},"end":{"line":25,"column":94}},"18":{"start":{"line":26,"column":4},"end":{"line":26,"column":58}},"19":{"start":{"line":27,"column":4},"end":{"line":27,"column":24}},"20":{"start":{"line":28,"column":4},"end":{"line":28,"column":65}},"21":{"start":{"line":31,"column":2},"end":{"line":38,"column":5}},"22":{"start":{"line":32,"column":4},"end":{"line":32,"column":75}},"23":{"start":{"line":33,"column":4},"end":{"line":33,"column":94}},"24":{"start":{"line":34,"column":4},"end":{"line":34,"column":43}},"25":{"start":{"line":35,"column":4},"end":{"line":35,"column":24}},"26":{"start":{"line":36,"column":4},"end":{"line":36,"column":53}},"27":{"start":{"line":40,"column":2},"end":{"line":59,"column":5}},"28":{"start":{"line":41,"column":4},"end":{"line":41,"column":75}},"29":{"start":{"line":42,"column":4},"end":{"line":42,"column":94}},"30":{"start":{"line":43,"column":4},"end":{"line":43,"column":63}},"31":{"start":{"line":44,"column":4},"end":{"line":44,"column":75}},"32":{"start":{"line":46,"column":23},"end":{"line":46,"column":89}},"33":{"start":{"line":47,"column":4},"end":{"line":57,"column":7}},"34":{"start":{"line":48,"column":6},"end":{"line":55,"column":7}},"35":{"start":{"line":49,"column":8},"end":{"line":49,"column":44}},"36":{"start":{"line":50,"column":8},"end":{"line":50,"column":69}},"37":{"start":{"line":52,"column":8},"end":{"line":52,"column":53}},"38":{"start":{"line":53,"column":8},"end":{"line":53,"column":28}},"39":{"start":{"line":54,"column":8},"end":{"line":54,"column":45}},"40":{"start":{"line":61,"column":2},"end":{"line":69,"column":5}},"41":{"start":{"line":62,"column":4},"end":{"line":62,"column":75}},"42":{"start":{"line":63,"column":4},"end":{"line":63,"column":94}},"43":{"start":{"line":64,"column":4},"end":{"line":64,"column":61}},"44":{"start":{"line":65,"column":4},"end":{"line":65,"column":95}},"45":{"start":{"line":67,"column":4},"end":{"line":67,"column":24}},"46":{"start":{"line":68,"column":4},"end":{"line":68,"column":45}},"47":{"start":{"line":71,"column":2},"end":{"line":81,"column":5}},"48":{"start":{"line":72,"column":4},"end":{"line":72,"column":75}},"49":{"start":{"line":73,"column":4},"end":{"line":79,"column":6}},"50":{"start":{"line":74,"column":6},"end":{"line":78,"column":7}},"51":{"start":{"line":75,"column":8},"end":{"line":75,"column":58}},"52":{"start":{"line":77,"column":8},"end":{"line":77,"column":67}},"53":{"start":{"line":83,"column":2},"end":{"line":95,"column":5}},"54":{"start":{"line":84,"column":4},"end":{"line":84,"column":75}},"55":{"start":{"line":85,"column":4},"end":{"line":93,"column":6}},"56":{"start":{"line":86,"column":6},"end":{"line":92,"column":7}},"57":{"start":{"line":87,"column":8},"end":{"line":89,"column":11}},"58":{"start":{"line":88,"column":10},"end":{"line":88,"column":73}},"59":{"start":{"line":91,"column":8},"end":{"line":91,"column":60}},"60":{"start":{"line":97,"column":2},"end":{"line":105,"column":5}},"61":{"start":{"line":98,"column":4},"end":{"line":98,"column":75}},"62":{"start":{"line":99,"column":19},"end":{"line":99,"column":69}},"63":{"start":{"line":100,"column":4},"end":{"line":100,"column":21}},"64":{"start":{"line":102,"column":4},"end":{"line":102,"column":45}},"65":{"start":{"line":103,"column":4},"end":{"line":103,"column":24}},"66":{"start":{"line":104,"column":4},"end":{"line":104,"column":56}},"67":{"start":{"line":107,"column":2},"end":{"line":122,"column":5}},"68":{"start":{"line":108,"column":4},"end":{"line":108,"column":75}},"69":{"start":{"line":109,"column":4},"end":{"line":109,"column":46}},"70":{"start":{"line":110,"column":4},"end":{"line":110,"column":52}},"71":{"start":{"line":111,"column":25},"end":{"line":111,"column":75}},"72":{"start":{"line":112,"column":4},"end":{"line":112,"column":27}},"73":{"start":{"line":113,"column":4},"end":{"line":113,"column":112}},"74":{"start":{"line":114,"column":4},"end":{"line":120,"column":6}},"75":{"start":{"line":115,"column":6},"end":{"line":119,"column":7}},"76":{"start":{"line":115,"column":19},"end":{"line":115,"column":20}},"77":{"start":{"line":117,"column":8},"end":{"line":117,"column":60}},"78":{"start":{"line":124,"column":2},"end":{"line":165,"column":5}},"79":{"start":{"line":125,"column":4},"end":{"line":125,"column":46}},"80":{"start":{"line":127,"column":4},"end":{"line":127,"column":75}},"81":{"start":{"line":129,"column":4},"end":{"line":139,"column":6}},"82":{"start":{"line":130,"column":6},"end":{"line":138,"column":74}},"83":{"start":{"line":131,"column":8},"end":{"line":133,"column":10}},"84":{"start":{"line":132,"column":10},"end":{"line":132,"column":70}},"85":{"start":{"line":134,"column":8},"end":{"line":136,"column":10}},"86":{"start":{"line":135,"column":10},"end":{"line":135,"column":61}},"87":{"start":{"line":138,"column":8},"end":{"line":138,"column":74}},"88":{"start":{"line":140,"column":4},"end":{"line":140,"column":75}},"89":{"start":{"line":141,"column":4},"end":{"line":162,"column":6}},"90":{"start":{"line":142,"column":6},"end":{"line":160,"column":7}},"91":{"start":{"line":143,"column":8},"end":{"line":159,"column":10}},"92":{"start":{"line":144,"column":10},"end":{"line":144,"column":77}},"93":{"start":{"line":145,"column":10},"end":{"line":145,"column":93}},"94":{"start":{"line":146,"column":10},"end":{"line":146,"column":81}},"95":{"start":{"line":147,"column":34},"end":{"line":147,"column":96}},"96":{"start":{"line":148,"column":10},"end":{"line":151,"column":12}},"97":{"start":{"line":149,"column":12},"end":{"line":149,"column":59}},"98":{"start":{"line":150,"column":12},"end":{"line":150,"column":44}},"99":{"start":{"line":168,"column":2},"end":{"line":189,"column":5}},"100":{"start":{"line":169,"column":4},"end":{"line":169,"column":75}},"101":{"start":{"line":170,"column":4},"end":{"line":170,"column":46}},"102":{"start":{"line":171,"column":4},"end":{"line":187,"column":6}},"103":{"start":{"line":172,"column":6},"end":{"line":186,"column":7}},"104":{"start":{"line":173,"column":8},"end":{"line":173,"column":59}},"105":{"start":{"line":174,"column":20},"end":{"line":174,"column":90}},"106":{"start":{"line":175,"column":8},"end":{"line":177,"column":9}},"107":{"start":{"line":176,"column":10},"end":{"line":176,"column":40}},"108":{"start":{"line":178,"column":19},"end":{"line":178,"column":89}},"109":{"start":{"line":179,"column":8},"end":{"line":179,"column":54}},"110":{"start":{"line":180,"column":8},"end":{"line":180,"column":28}},"111":{"start":{"line":181,"column":8},"end":{"line":181,"column":61}},"112":{"start":{"line":185,"column":8},"end":{"line":185,"column":67}},"113":{"start":{"line":188,"column":4},"end":{"line":188,"column":46}}},"fnMap":{"0":{"name":"(anonymous_0)","decl":{"start":{"line":3,"column":33},"end":{"line":3,"column":34}},"loc":{"start":{"line":3,"column":45},"end":{"line":192,"column":1}},"line":3},"1":{"name":"(anonymous_1)","decl":{"start":{"line":11,"column":92},"end":{"line":11,"column":93}},"loc":{"start":{"line":11,"column":104},"end":{"line":21,"column":3}},"line":11},"2":{"name":"(anonymous_2)","decl":{"start":{"line":16,"column":51},"end":{"line":16,"column":52}},"loc":{"start":{"line":16,"column":76},"end":{"line":18,"column":5}},"line":16},"3":{"name":"(anonymous_3)","decl":{"start":{"line":23,"column":122},"end":{"line":23,"column":123}},"loc":{"start":{"line":23,"column":134},"end":{"line":29,"column":3}},"line":23},"4":{"name":"(anonymous_4)","decl":{"start":{"line":31,"column":90},"end":{"line":31,"column":91}},"loc":{"start":{"line":31,"column":102},"end":{"line":38,"column":3}},"line":31},"5":{"name":"(anonymous_5)","decl":{"start":{"line":40,"column":95},"end":{"line":40,"column":96}},"loc":{"start":{"line":40,"column":107},"end":{"line":59,"column":3}},"line":40},"6":{"name":"(anonymous_6)","decl":{"start":{"line":47,"column":34},"end":{"line":47,"column":35}},"loc":{"start":{"line":47,"column":53},"end":{"line":57,"column":5}},"line":47},"7":{"name":"(anonymous_7)","decl":{"start":{"line":61,"column":113},"end":{"line":61,"column":114}},"loc":{"start":{"line":61,"column":125},"end":{"line":69,"column":3}},"line":61},"8":{"name":"(anonymous_8)","decl":{"start":{"line":71,"column":63},"end":{"line":71,"column":64}},"loc":{"start":{"line":71,"column":75},"end":{"line":81,"column":3}},"line":71},"9":{"name":"(anonymous_9)","decl":{"start":{"line":73,"column":62},"end":{"line":73,"column":63}},"loc":{"start":{"line":73,"column":81},"end":{"line":79,"column":5}},"line":73},"10":{"name":"(anonymous_10)","decl":{"start":{"line":83,"column":63},"end":{"line":83,"column":64}},"loc":{"start":{"line":83,"column":75},"end":{"line":95,"column":3}},"line":83},"11":{"name":"(anonymous_11)","decl":{"start":{"line":85,"column":65},"end":{"line":85,"column":66}},"loc":{"start":{"line":85,"column":84},"end":{"line":93,"column":5}},"line":85},"12":{"name":"(anonymous_12)","decl":{"start":{"line":87,"column":67},"end":{"line":87,"column":68}},"loc":{"start":{"line":87,"column":84},"end":{"line":89,"column":9}},"line":87},"13":{"name":"(anonymous_13)","decl":{"start":{"line":97,"column":99},"end":{"line":97,"column":100}},"loc":{"start":{"line":97,"column":111},"end":{"line":105,"column":3}},"line":97},"14":{"name":"(anonymous_14)","decl":{"start":{"line":107,"column":102},"end":{"line":107,"column":103}},"loc":{"start":{"line":107,"column":114},"end":{"line":122,"column":3}},"line":107},"15":{"name":"(anonymous_15)","decl":{"start":{"line":114,"column":95},"end":{"line":114,"column":96}},"loc":{"start":{"line":114,"column":114},"end":{"line":120,"column":5}},"line":114},"16":{"name":"(anonymous_16)","decl":{"start":{"line":124,"column":131},"end":{"line":124,"column":132}},"loc":{"start":{"line":124,"column":143},"end":{"line":165,"column":3}},"line":124},"17":{"name":"(anonymous_17)","decl":{"start":{"line":129,"column":106},"end":{"line":129,"column":107}},"loc":{"start":{"line":129,"column":125},"end":{"line":139,"column":5}},"line":129},"18":{"name":"(anonymous_18)","decl":{"start":{"line":131,"column":108},"end":{"line":131,"column":109}},"loc":{"start":{"line":131,"column":125},"end":{"line":133,"column":9}},"line":131},"19":{"name":"(anonymous_19)","decl":{"start":{"line":134,"column":106},"end":{"line":134,"column":107}},"loc":{"start":{"line":134,"column":123},"end":{"line":136,"column":9}},"line":134},"20":{"name":"(anonymous_20)","decl":{"start":{"line":141,"column":126},"end":{"line":141,"column":127}},"loc":{"start":{"line":141,"column":145},"end":{"line":162,"column":5}},"line":141},"21":{"name":"(anonymous_21)","decl":{"start":{"line":143,"column":102},"end":{"line":143,"column":103}},"loc":{"start":{"line":143,"column":120},"end":{"line":159,"column":9}},"line":143},"22":{"name":"(anonymous_22)","decl":{"start":{"line":148,"column":41},"end":{"line":148,"column":42}},"loc":{"start":{"line":148,"column":57},"end":{"line":151,"column":11}},"line":148},"23":{"name":"(anonymous_23)","decl":{"start":{"line":168,"column":81},"end":{"line":168,"column":82}},"loc":{"start":{"line":168,"column":93},"end":{"line":189,"column":3}},"line":168},"24":{"name":"(anonymous_24)","decl":{"start":{"line":171,"column":83},"end":{"line":171,"column":84}},"loc":{"start":{"line":171,"column":102},"end":{"line":187,"column":5}},"line":171}},"branchMap":{"0":{"loc":{"start":{"line":48,"column":6},"end":{"line":55,"column":7}},"type":"if","locations":[{"start":{"line":48,"column":6},"end":{"line":55,"column":7}},{"start":{"line":48,"column":6},"end":{"line":55,"column":7}}],"line":48},"1":{"loc":{"start":{"line":74,"column":6},"end":{"line":78,"column":7}},"type":"if","locations":[{"start":{"line":74,"column":6},"end":{"line":78,"column":7}},{"start":{"line":74,"column":6},"end":{"line":78,"column":7}}],"line":74},"2":{"loc":{"start":{"line":86,"column":6},"end":{"line":92,"column":7}},"type":"if","locations":[{"start":{"line":86,"column":6},"end":{"line":92,"column":7}},{"start":{"line":86,"column":6},"end":{"line":92,"column":7}}],"line":86},"3":{"loc":{"start":{"line":130,"column":6},"end":{"line":138,"column":74}},"type":"if","locations":[{"start":{"line":130,"column":6},"end":{"line":138,"column":74}},{"start":{"line":130,"column":6},"end":{"line":138,"column":74}}],"line":130},"4":{"loc":{"start":{"line":142,"column":6},"end":{"line":160,"column":7}},"type":"if","locations":[{"start":{"line":142,"column":6},"end":{"line":160,"column":7}},{"start":{"line":142,"column":6},"end":{"line":160,"column":7}}],"line":142},"5":{"loc":{"start":{"line":172,"column":6},"end":{"line":186,"column":7}},"type":"if","locations":[{"start":{"line":172,"column":6},"end":{"line":186,"column":7}},{"start":{"line":172,"column":6},"end":{"line":186,"column":7}}],"line":172},"6":{"loc":{"start":{"line":175,"column":8},"end":{"line":177,"column":9}},"type":"if","locations":[{"start":{"line":175,"column":8},"end":{"line":177,"column":9}},{"start":{"line":175,"column":8},"end":{"line":177,"column":9}}],"line":175}},"s":{"0":1,"1":1,"2":1,"3":1,"4":1,"5":1,"6":1,"7":1,"8":1,"9":1,"10":1,"11":1,"12":1,"13":1,"14":1,"15":1,"16":1,"17":1,"18":1,"19":1,"20":1,"21":1,"22":1,"23":1,"24":1,"25":1,"26":1,"27":1,"28":1,"29":1,"30":1,"31":1,"32":1,"33":1,"34":1,"35":0,"36":0,"37":1,"38":1,"39":1,"40":1,"41":1,"42":1,"43":1,"44":1,"45":1,"46":1,"47":1,"48":1,"49":1,"50":1,"51":1,"52":0,"53":1,"54":1,"55":1,"56":1,"57":0,"58":0,"59":1,"60":1,"61":1,"62":1,"63":1,"64":1,"65":1,"66":1,"67":1,"68":1,"69":1,"70":1,"71":1,"72":1,"73":1,"74":1,"75":1,"76":1,"77":35,"78":1,"79":1,"80":1,"81":1,"82":1,"83":0,"84":0,"85":0,"86":0,"87":1,"88":1,"89":1,"90":1,"91":0,"92":0,"93":0,"94":0,"95":0,"96":0,"97":0,"98":0,"99":1,"100":1,"101":1,"102":1,"103":1,"104":1,"105":1,"106":1,"107":0,"108":1,"109":1,"110":1,"111":1,"112":0,"113":1},"f":{"0":1,"1":1,"2":1,"3":1,"4":1,"5":1,"6":1,"7":1,"8":1,"9":1,"10":1,"11":1,"12":0,"13":1,"14":1,"15":1,"16":1,"17":1,"18":0,"19":0,"20":1,"21":0,"22":0,"23":1,"24":1},"b":{"0":[0,1],"1":[1,0],"2":[0,1],"3":[0,1],"4":[0,1],"5":[1,0],"6":[0,1]},"_coverageSchema":"1a1c01bbd47fc00a2c39e90264f33305004495a9","hash":"c00559d58e2c288f1aded5b107384f333d77b56d","contentHash":"4b1d7fe57a136d4e0c5aee69522ac03b4093eca6c726e5c34cff07842b1beba9"},"F:\\Automation\\Hybrent3.7.0-RC3\\Testcases\\Userfacility\\User_defaultfacility.js":{"path":"F:\\Automation\\Hybrent3.7.0-RC3\\Testcases\\Userfacility\\User_defaultfacility.js","statementMap":{"0":{"start":{"line":1,"column":0},"end":{"line":31,"column":3}},"1":{"start":{"line":2,"column":11},"end":{"line":2,"column":40}},"2":{"start":{"line":3,"column":21},"end":{"line":3,"column":86}},"3":{"start":{"line":4,"column":21},"end":{"line":4,"column":73}},"4":{"start":{"line":5,"column":21},"end":{"line":5,"column":63}},"5":{"start":{"line":6,"column":22},"end":{"line":6,"column":59}},"6":{"start":{"line":7,"column":19},"end":{"line":7,"column":56}},"7":{"start":{"line":8,"column":17},"end":{"line":8,"column":19}},"8":{"start":{"line":9,"column":2},"end":{"line":29,"column":5}},"9":{"start":{"line":10,"column":4},"end":{"line":10,"column":63}},"10":{"start":{"line":11,"column":4},"end":{"line":11,"column":25}},"11":{"start":{"line":12,"column":4},"end":{"line":12,"column":63}},"12":{"start":{"line":13,"column":4},"end":{"line":13,"column":25}},"13":{"start":{"line":14,"column":4},"end":{"line":20,"column":6}},"14":{"start":{"line":15,"column":6},"end":{"line":15,"column":61}},"15":{"start":{"line":16,"column":6},"end":{"line":16,"column":51}},"16":{"start":{"line":17,"column":6},"end":{"line":17,"column":26}},"17":{"start":{"line":18,"column":6},"end":{"line":18,"column":48}},"18":{"start":{"line":19,"column":6},"end":{"line":19,"column":57}},"19":{"start":{"line":22,"column":4},"end":{"line":28,"column":6}},"20":{"start":{"line":23,"column":6},"end":{"line":23,"column":62}},"21":{"start":{"line":24,"column":6},"end":{"line":24,"column":51}},"22":{"start":{"line":25,"column":6},"end":{"line":25,"column":26}},"23":{"start":{"line":26,"column":6},"end":{"line":26,"column":48}},"24":{"start":{"line":27,"column":6},"end":{"line":27,"column":57}}},"fnMap":{"0":{"name":"(anonymous_0)","decl":{"start":{"line":1,"column":34},"end":{"line":1,"column":35}},"loc":{"start":{"line":1,"column":46},"end":{"line":31,"column":1}},"line":1},"1":{"name":"(anonymous_1)","decl":{"start":{"line":9,"column":33},"end":{"line":9,"column":34}},"loc":{"start":{"line":9,"column":45},"end":{"line":29,"column":3}},"line":9},"2":{"name":"(anonymous_2)","decl":{"start":{"line":14,"column":51},"end":{"line":14,"column":52}},"loc":{"start":{"line":14,"column":76},"end":{"line":20,"column":5}},"line":14},"3":{"name":"(anonymous_3)","decl":{"start":{"line":22,"column":52},"end":{"line":22,"column":53}},"loc":{"start":{"line":22,"column":77},"end":{"line":28,"column":5}},"line":22}},"branchMap":{},"s":{"0":1,"1":1,"2":1,"3":1,"4":1,"5":1,"6":1,"7":1,"8":1,"9":1,"10":1,"11":1,"12":1,"13":1,"14":1,"15":1,"16":1,"17":1,"18":1,"19":1,"20":1,"21":1,"22":1,"23":1,"24":1},"f":{"0":1,"1":1,"2":1,"3":1},"b":{},"_coverageSchema":"1a1c01bbd47fc00a2c39e90264f33305004495a9","hash":"f8dc04e1924110e114d093ff2560bf949ca04cc2","contentHash":"5c799c81ca3acc3748d1c56294ca0e00d44eb8c35277c7eb7f2e473125d79f7b"},"F:\\Automation\\Hybrent3.7.0-RC3\\Testcases\\ItemCatalog\\itn.js":{"path":"F:\\Automation\\Hybrent3.7.0-RC3\\Testcases\\ItemCatalog\\itn.js","statementMap":{"0":{"start":{"line":1,"column":0},"end":{"line":583,"column":3}},"1":{"start":{"line":3,"column":11},"end":{"line":3,"column":40}},"2":{"start":{"line":4,"column":26},"end":{"line":4,"column":70}},"3":{"start":{"line":5,"column":26},"end":{"line":5,"column":70}},"4":{"start":{"line":6,"column":27},"end":{"line":6,"column":72}},"5":{"start":{"line":7,"column":27},"end":{"line":7,"column":72}},"6":{"start":{"line":8,"column":22},"end":{"line":8,"column":62}},"7":{"start":{"line":9,"column":22},"end":{"line":9,"column":62}},"8":{"start":{"line":10,"column":23},"end":{"line":10,"column":64}},"9":{"start":{"line":11,"column":20},"end":{"line":11,"column":58}},"10":{"start":{"line":12,"column":20},"end":{"line":12,"column":58}},"11":{"start":{"line":13,"column":21},"end":{"line":13,"column":60}},"12":{"start":{"line":14,"column":26},"end":{"line":14,"column":70}},"13":{"start":{"line":15,"column":26},"end":{"line":15,"column":70}},"14":{"start":{"line":16,"column":21},"end":{"line":16,"column":60}},"15":{"start":{"line":17,"column":15},"end":{"line":17,"column":48}},"16":{"start":{"line":18,"column":24},"end":{"line":18,"column":66}},"17":{"start":{"line":19,"column":17},"end":{"line":19,"column":52}},"18":{"start":{"line":20,"column":28},"end":{"line":20,"column":66}},"19":{"start":{"line":21,"column":20},"end":{"line":21,"column":58}},"20":{"start":{"line":22,"column":24},"end":{"line":22,"column":66}},"21":{"start":{"line":23,"column":18},"end":{"line":23,"column":54}},"22":{"start":{"line":24,"column":19},"end":{"line":24,"column":56}},"23":{"start":{"line":25,"column":21},"end":{"line":25,"column":87}},"24":{"start":{"line":26,"column":21},"end":{"line":26,"column":79}},"25":{"start":{"line":27,"column":21},"end":{"line":27,"column":63}},"26":{"start":{"line":28,"column":17},"end":{"line":28,"column":45}},"27":{"start":{"line":29,"column":16},"end":{"line":29,"column":50}},"28":{"start":{"line":30,"column":22},"end":{"line":30,"column":62}},"29":{"start":{"line":31,"column":18},"end":{"line":31,"column":54}},"30":{"start":{"line":32,"column":16},"end":{"line":32,"column":50}},"31":{"start":{"line":33,"column":12},"end":{"line":33,"column":39}},"32":{"start":{"line":34,"column":20},"end":{"line":34,"column":58}},"33":{"start":{"line":35,"column":16},"end":{"line":35,"column":50}},"34":{"start":{"line":36,"column":21},"end":{"line":36,"column":69}},"35":{"start":{"line":37,"column":23},"end":{"line":37,"column":51}},"36":{"start":{"line":40,"column":2},"end":{"line":47,"column":5}},"37":{"start":{"line":41,"column":4},"end":{"line":41,"column":83}},"38":{"start":{"line":42,"column":4},"end":{"line":42,"column":52}},"39":{"start":{"line":43,"column":4},"end":{"line":43,"column":24}},"40":{"start":{"line":44,"column":4},"end":{"line":44,"column":56}},"41":{"start":{"line":45,"column":4},"end":{"line":45,"column":75}},"42":{"start":{"line":46,"column":4},"end":{"line":46,"column":63}},"43":{"start":{"line":49,"column":2},"end":{"line":61,"column":5}},"44":{"start":{"line":50,"column":4},"end":{"line":50,"column":24}},"45":{"start":{"line":51,"column":4},"end":{"line":51,"column":82}},"46":{"start":{"line":52,"column":4},"end":{"line":52,"column":79}},"47":{"start":{"line":53,"column":4},"end":{"line":53,"column":78}},"48":{"start":{"line":54,"column":4},"end":{"line":54,"column":82}},"49":{"start":{"line":55,"column":4},"end":{"line":55,"column":140}},"50":{"start":{"line":56,"column":4},"end":{"line":56,"column":81}},"51":{"start":{"line":57,"column":4},"end":{"line":57,"column":76}},"52":{"start":{"line":58,"column":4},"end":{"line":58,"column":140}},"53":{"start":{"line":59,"column":4},"end":{"line":59,"column":85}},"54":{"start":{"line":60,"column":4},"end":{"line":60,"column":88}},"55":{"start":{"line":63,"column":2},"end":{"line":71,"column":5}},"56":{"start":{"line":64,"column":4},"end":{"line":69,"column":7}},"57":{"start":{"line":66,"column":6},"end":{"line":66,"column":26}},"58":{"start":{"line":67,"column":21},"end":{"line":67,"column":27}},"59":{"start":{"line":68,"column":6},"end":{"line":68,"column":74}},"60":{"start":{"line":73,"column":2},"end":{"line":81,"column":5}},"61":{"start":{"line":74,"column":4},"end":{"line":79,"column":7}},"62":{"start":{"line":76,"column":6},"end":{"line":76,"column":26}},"63":{"start":{"line":77,"column":21},"end":{"line":77,"column":27}},"64":{"start":{"line":78,"column":6},"end":{"line":78,"column":81}},"65":{"start":{"line":83,"column":2},"end":{"line":91,"column":5}},"66":{"start":{"line":84,"column":4},"end":{"line":89,"column":7}},"67":{"start":{"line":86,"column":6},"end":{"line":86,"column":26}},"68":{"start":{"line":87,"column":21},"end":{"line":87,"column":27}},"69":{"start":{"line":88,"column":6},"end":{"line":88,"column":128}},"70":{"start":{"line":93,"column":2},"end":{"line":101,"column":5}},"71":{"start":{"line":94,"column":4},"end":{"line":99,"column":7}},"72":{"start":{"line":96,"column":6},"end":{"line":96,"column":26}},"73":{"start":{"line":97,"column":21},"end":{"line":97,"column":27}},"74":{"start":{"line":98,"column":6},"end":{"line":98,"column":98}},"75":{"start":{"line":103,"column":2},"end":{"line":150,"column":5}},"76":{"start":{"line":104,"column":4},"end":{"line":149,"column":5}},"77":{"start":{"line":105,"column":4},"end":{"line":105,"column":81}},"78":{"start":{"line":106,"column":4},"end":{"line":106,"column":50}},"79":{"start":{"line":107,"column":4},"end":{"line":107,"column":88}},"80":{"start":{"line":108,"column":4},"end":{"line":108,"column":57}},"81":{"start":{"line":109,"column":4},"end":{"line":109,"column":78}},"82":{"start":{"line":110,"column":4},"end":{"line":110,"column":89}},"83":{"start":{"line":111,"column":4},"end":{"line":111,"column":79}},"84":{"start":{"line":112,"column":4},"end":{"line":112,"column":88}},"85":{"start":{"line":113,"column":4},"end":{"line":113,"column":74}},"86":{"start":{"line":114,"column":4},"end":{"line":114,"column":83}},"87":{"start":{"line":115,"column":4},"end":{"line":115,"column":62}},"88":{"start":{"line":116,"column":4},"end":{"line":116,"column":24}},"89":{"start":{"line":117,"column":26},"end":{"line":117,"column":89}},"90":{"start":{"line":118,"column":4},"end":{"line":124,"column":6}},"91":{"start":{"line":119,"column":6},"end":{"line":123,"column":7}},"92":{"start":{"line":120,"column":8},"end":{"line":120,"column":58}},"93":{"start":{"line":122,"column":8},"end":{"line":122,"column":50}},"94":{"start":{"line":125,"column":14},"end":{"line":125,"column":108}},"95":{"start":{"line":126,"column":4},"end":{"line":126,"column":16}},"96":{"start":{"line":127,"column":17},"end":{"line":127,"column":111}},"97":{"start":{"line":128,"column":4},"end":{"line":128,"column":19}},"98":{"start":{"line":129,"column":26},"end":{"line":129,"column":120}},"99":{"start":{"line":130,"column":4},"end":{"line":130,"column":28}},"100":{"start":{"line":131,"column":4},"end":{"line":131,"column":24}},"101":{"start":{"line":132,"column":4},"end":{"line":132,"column":87}},"102":{"start":{"line":133,"column":4},"end":{"line":133,"column":24}},"103":{"start":{"line":134,"column":4},"end":{"line":134,"column":100}},"104":{"start":{"line":135,"column":4},"end":{"line":135,"column":50}},"105":{"start":{"line":136,"column":4},"end":{"line":136,"column":50}},"106":{"start":{"line":137,"column":4},"end":{"line":137,"column":51}},"107":{"start":{"line":138,"column":4},"end":{"line":138,"column":99}},"108":{"start":{"line":139,"column":4},"end":{"line":139,"column":72}},"109":{"start":{"line":140,"column":4},"end":{"line":140,"column":80}},"110":{"start":{"line":141,"column":4},"end":{"line":141,"column":49}},"111":{"start":{"line":142,"column":4},"end":{"line":142,"column":101}},"112":{"start":{"line":143,"column":4},"end":{"line":143,"column":78}},"113":{"start":{"line":144,"column":4},"end":{"line":144,"column":118}},"114":{"start":{"line":145,"column":4},"end":{"line":145,"column":87}},"115":{"start":{"line":148,"column":6},"end":{"line":148,"column":48}},"116":{"start":{"line":152,"column":2},"end":{"line":188,"column":4}},"117":{"start":{"line":153,"column":4},"end":{"line":153,"column":82}},"118":{"start":{"line":154,"column":4},"end":{"line":154,"column":94}},"119":{"start":{"line":155,"column":4},"end":{"line":155,"column":24}},"120":{"start":{"line":156,"column":4},"end":{"line":156,"column":51}},"121":{"start":{"line":157,"column":4},"end":{"line":157,"column":24}},"122":{"start":{"line":158,"column":4},"end":{"line":187,"column":7}},"123":{"start":{"line":159,"column":6},"end":{"line":163,"column":8}},"124":{"start":{"line":160,"column":8},"end":{"line":160,"column":29}},"125":{"start":{"line":161,"column":8},"end":{"line":161,"column":108}},"126":{"start":{"line":162,"column":8},"end":{"line":162,"column":64}},"127":{"start":{"line":164,"column":6},"end":{"line":164,"column":120}},"128":{"start":{"line":165,"column":6},"end":{"line":165,"column":89}},"129":{"start":{"line":166,"column":6},"end":{"line":166,"column":118}},"130":{"start":{"line":167,"column":6},"end":{"line":167,"column":114}},"131":{"start":{"line":168,"column":6},"end":{"line":168,"column":82}},"132":{"start":{"line":169,"column":6},"end":{"line":169,"column":98}},"133":{"start":{"line":170,"column":6},"end":{"line":170,"column":53}},"134":{"start":{"line":171,"column":6},"end":{"line":171,"column":84}},"135":{"start":{"line":172,"column":6},"end":{"line":174,"column":8}},"136":{"start":{"line":173,"column":8},"end":{"line":173,"column":61}},"137":{"start":{"line":175,"column":6},"end":{"line":175,"column":26}},"138":{"start":{"line":176,"column":6},"end":{"line":176,"column":81}},"139":{"start":{"line":177,"column":6},"end":{"line":177,"column":62}},"140":{"start":{"line":178,"column":6},"end":{"line":178,"column":26}},"141":{"start":{"line":179,"column":6},"end":{"line":179,"column":65}},"142":{"start":{"line":180,"column":6},"end":{"line":180,"column":64}},"143":{"start":{"line":181,"column":6},"end":{"line":181,"column":82}},"144":{"start":{"line":182,"column":6},"end":{"line":182,"column":51}},"145":{"start":{"line":183,"column":6},"end":{"line":183,"column":103}},"146":{"start":{"line":184,"column":6},"end":{"line":184,"column":80}},"147":{"start":{"line":185,"column":6},"end":{"line":185,"column":104}},"148":{"start":{"line":186,"column":6},"end":{"line":186,"column":73}},"149":{"start":{"line":190,"column":2},"end":{"line":240,"column":5}},"150":{"start":{"line":191,"column":4},"end":{"line":239,"column":5}},"151":{"start":{"line":192,"column":4},"end":{"line":192,"column":24}},"152":{"start":{"line":193,"column":4},"end":{"line":193,"column":81}},"153":{"start":{"line":194,"column":4},"end":{"line":194,"column":50}},"154":{"start":{"line":195,"column":4},"end":{"line":195,"column":24}},"155":{"start":{"line":196,"column":4},"end":{"line":196,"column":57}},"156":{"start":{"line":197,"column":4},"end":{"line":197,"column":78}},"157":{"start":{"line":198,"column":4},"end":{"line":198,"column":83}},"158":{"start":{"line":199,"column":4},"end":{"line":199,"column":79}},"159":{"start":{"line":200,"column":4},"end":{"line":200,"column":77}},"160":{"start":{"line":201,"column":4},"end":{"line":201,"column":74}},"161":{"start":{"line":202,"column":4},"end":{"line":202,"column":83}},"162":{"start":{"line":203,"column":4},"end":{"line":203,"column":62}},"163":{"start":{"line":204,"column":4},"end":{"line":204,"column":24}},"164":{"start":{"line":205,"column":26},"end":{"line":205,"column":89}},"165":{"start":{"line":206,"column":4},"end":{"line":212,"column":6}},"166":{"start":{"line":207,"column":6},"end":{"line":211,"column":7}},"167":{"start":{"line":208,"column":8},"end":{"line":208,"column":59}},"168":{"start":{"line":210,"column":8},"end":{"line":210,"column":50}},"169":{"start":{"line":213,"column":14},"end":{"line":213,"column":108}},"170":{"start":{"line":214,"column":4},"end":{"line":214,"column":16}},"171":{"start":{"line":215,"column":17},"end":{"line":215,"column":111}},"172":{"start":{"line":216,"column":4},"end":{"line":216,"column":19}},"173":{"start":{"line":217,"column":26},"end":{"line":217,"column":120}},"174":{"start":{"line":218,"column":4},"end":{"line":218,"column":28}},"175":{"start":{"line":219,"column":4},"end":{"line":219,"column":24}},"176":{"start":{"line":220,"column":4},"end":{"line":220,"column":108}},"177":{"start":{"line":221,"column":4},"end":{"line":221,"column":24}},"178":{"start":{"line":222,"column":4},"end":{"line":222,"column":87}},"179":{"start":{"line":223,"column":4},"end":{"line":223,"column":24}},"180":{"start":{"line":224,"column":4},"end":{"line":224,"column":100}},"181":{"start":{"line":225,"column":4},"end":{"line":225,"column":50}},"182":{"start":{"line":226,"column":4},"end":{"line":226,"column":50}},"183":{"start":{"line":227,"column":4},"end":{"line":227,"column":51}},"184":{"start":{"line":228,"column":4},"end":{"line":228,"column":99}},"185":{"start":{"line":229,"column":4},"end":{"line":229,"column":68}},"186":{"start":{"line":230,"column":4},"end":{"line":230,"column":80}},"187":{"start":{"line":231,"column":4},"end":{"line":231,"column":49}},"188":{"start":{"line":232,"column":4},"end":{"line":232,"column":101}},"189":{"start":{"line":233,"column":4},"end":{"line":233,"column":78}},"190":{"start":{"line":234,"column":4},"end":{"line":234,"column":118}},"191":{"start":{"line":235,"column":4},"end":{"line":235,"column":87}},"192":{"start":{"line":238,"column":6},"end":{"line":238,"column":48}},"193":{"start":{"line":242,"column":2},"end":{"line":278,"column":5}},"194":{"start":{"line":243,"column":4},"end":{"line":243,"column":24}},"195":{"start":{"line":244,"column":4},"end":{"line":244,"column":90}},"196":{"start":{"line":245,"column":4},"end":{"line":245,"column":24}},"197":{"start":{"line":246,"column":4},"end":{"line":246,"column":51}},"198":{"start":{"line":247,"column":4},"end":{"line":247,"column":24}},"199":{"start":{"line":248,"column":4},"end":{"line":277,"column":7}},"200":{"start":{"line":249,"column":6},"end":{"line":253,"column":7}},"201":{"start":{"line":250,"column":8},"end":{"line":250,"column":29}},"202":{"start":{"line":251,"column":8},"end":{"line":251,"column":116}},"203":{"start":{"line":252,"column":8},"end":{"line":252,"column":59}},"204":{"start":{"line":254,"column":6},"end":{"line":254,"column":26}},"205":{"start":{"line":255,"column":6},"end":{"line":255,"column":89}},"206":{"start":{"line":256,"column":6},"end":{"line":256,"column":26}},"207":{"start":{"line":257,"column":6},"end":{"line":257,"column":114}},"208":{"start":{"line":258,"column":6},"end":{"line":258,"column":26}},"209":{"start":{"line":259,"column":6},"end":{"line":259,"column":98}},"210":{"start":{"line":260,"column":6},"end":{"line":260,"column":53}},"211":{"start":{"line":261,"column":6},"end":{"line":261,"column":84}},"212":{"start":{"line":262,"column":6},"end":{"line":264,"column":8}},"213":{"start":{"line":263,"column":8},"end":{"line":263,"column":61}},"214":{"start":{"line":265,"column":6},"end":{"line":265,"column":26}},"215":{"start":{"line":266,"column":6},"end":{"line":266,"column":81}},"216":{"start":{"line":267,"column":6},"end":{"line":267,"column":62}},"217":{"start":{"line":268,"column":6},"end":{"line":268,"column":26}},"218":{"start":{"line":269,"column":6},"end":{"line":269,"column":65}},"219":{"start":{"line":270,"column":6},"end":{"line":270,"column":64}},"220":{"start":{"line":271,"column":6},"end":{"line":271,"column":82}},"221":{"start":{"line":272,"column":6},"end":{"line":272,"column":51}},"222":{"start":{"line":273,"column":6},"end":{"line":273,"column":103}},"223":{"start":{"line":274,"column":6},"end":{"line":274,"column":80}},"224":{"start":{"line":275,"column":6},"end":{"line":275,"column":104}},"225":{"start":{"line":276,"column":6},"end":{"line":276,"column":73}},"226":{"start":{"line":280,"column":2},"end":{"line":325,"column":5}},"227":{"start":{"line":281,"column":4},"end":{"line":324,"column":5}},"228":{"start":{"line":282,"column":4},"end":{"line":282,"column":24}},"229":{"start":{"line":283,"column":4},"end":{"line":283,"column":81}},"230":{"start":{"line":284,"column":4},"end":{"line":284,"column":50}},"231":{"start":{"line":285,"column":4},"end":{"line":285,"column":24}},"232":{"start":{"line":286,"column":4},"end":{"line":286,"column":57}},"233":{"start":{"line":287,"column":4},"end":{"line":287,"column":78}},"234":{"start":{"line":288,"column":4},"end":{"line":288,"column":85}},"235":{"start":{"line":289,"column":4},"end":{"line":289,"column":76}},"236":{"start":{"line":290,"column":4},"end":{"line":290,"column":78}},"237":{"start":{"line":291,"column":4},"end":{"line":291,"column":74}},"238":{"start":{"line":292,"column":4},"end":{"line":292,"column":83}},"239":{"start":{"line":293,"column":4},"end":{"line":293,"column":62}},"240":{"start":{"line":294,"column":4},"end":{"line":294,"column":24}},"241":{"start":{"line":295,"column":26},"end":{"line":295,"column":89}},"242":{"start":{"line":296,"column":4},"end":{"line":302,"column":6}},"243":{"start":{"line":297,"column":6},"end":{"line":301,"column":7}},"244":{"start":{"line":298,"column":8},"end":{"line":298,"column":59}},"245":{"start":{"line":300,"column":8},"end":{"line":300,"column":50}},"246":{"start":{"line":303,"column":4},"end":{"line":303,"column":24}},"247":{"start":{"line":304,"column":4},"end":{"line":304,"column":108}},"248":{"start":{"line":305,"column":4},"end":{"line":305,"column":24}},"249":{"start":{"line":306,"column":4},"end":{"line":306,"column":100}},"250":{"start":{"line":307,"column":4},"end":{"line":307,"column":24}},"251":{"start":{"line":308,"column":4},"end":{"line":308,"column":81}},"252":{"start":{"line":309,"column":4},"end":{"line":309,"column":24}},"253":{"start":{"line":310,"column":4},"end":{"line":310,"column":50}},"254":{"start":{"line":311,"column":4},"end":{"line":311,"column":50}},"255":{"start":{"line":312,"column":4},"end":{"line":312,"column":51}},"256":{"start":{"line":313,"column":4},"end":{"line":313,"column":99}},"257":{"start":{"line":314,"column":4},"end":{"line":314,"column":68}},"258":{"start":{"line":315,"column":4},"end":{"line":315,"column":80}},"259":{"start":{"line":316,"column":4},"end":{"line":316,"column":49}},"260":{"start":{"line":317,"column":4},"end":{"line":317,"column":101}},"261":{"start":{"line":318,"column":4},"end":{"line":318,"column":78}},"262":{"start":{"line":319,"column":4},"end":{"line":319,"column":118}},"263":{"start":{"line":320,"column":4},"end":{"line":320,"column":87}},"264":{"start":{"line":323,"column":6},"end":{"line":323,"column":48}},"265":{"start":{"line":327,"column":2},"end":{"line":363,"column":5}},"266":{"start":{"line":328,"column":4},"end":{"line":328,"column":24}},"267":{"start":{"line":329,"column":4},"end":{"line":329,"column":90}},"268":{"start":{"line":330,"column":4},"end":{"line":330,"column":24}},"269":{"start":{"line":331,"column":4},"end":{"line":331,"column":51}},"270":{"start":{"line":332,"column":4},"end":{"line":332,"column":24}},"271":{"start":{"line":333,"column":4},"end":{"line":362,"column":7}},"272":{"start":{"line":334,"column":6},"end":{"line":338,"column":7}},"273":{"start":{"line":335,"column":8},"end":{"line":335,"column":29}},"274":{"start":{"line":336,"column":8},"end":{"line":336,"column":117}},"275":{"start":{"line":337,"column":8},"end":{"line":337,"column":60}},"276":{"start":{"line":339,"column":6},"end":{"line":339,"column":26}},"277":{"start":{"line":340,"column":6},"end":{"line":340,"column":89}},"278":{"start":{"line":341,"column":6},"end":{"line":341,"column":26}},"279":{"start":{"line":342,"column":6},"end":{"line":342,"column":114}},"280":{"start":{"line":343,"column":6},"end":{"line":343,"column":26}},"281":{"start":{"line":344,"column":6},"end":{"line":344,"column":98}},"282":{"start":{"line":345,"column":6},"end":{"line":345,"column":53}},"283":{"start":{"line":346,"column":6},"end":{"line":346,"column":84}},"284":{"start":{"line":347,"column":6},"end":{"line":349,"column":8}},"285":{"start":{"line":348,"column":8},"end":{"line":348,"column":61}},"286":{"start":{"line":350,"column":6},"end":{"line":350,"column":26}},"287":{"start":{"line":351,"column":6},"end":{"line":351,"column":81}},"288":{"start":{"line":352,"column":6},"end":{"line":352,"column":62}},"289":{"start":{"line":353,"column":6},"end":{"line":353,"column":26}},"290":{"start":{"line":354,"column":6},"end":{"line":354,"column":65}},"291":{"start":{"line":355,"column":6},"end":{"line":355,"column":64}},"292":{"start":{"line":356,"column":6},"end":{"line":356,"column":82}},"293":{"start":{"line":357,"column":6},"end":{"line":357,"column":51}},"294":{"start":{"line":358,"column":6},"end":{"line":358,"column":103}},"295":{"start":{"line":359,"column":6},"end":{"line":359,"column":80}},"296":{"start":{"line":360,"column":6},"end":{"line":360,"column":104}},"297":{"start":{"line":361,"column":6},"end":{"line":361,"column":73}},"298":{"start":{"line":365,"column":2},"end":{"line":409,"column":5}},"299":{"start":{"line":366,"column":4},"end":{"line":408,"column":5}},"300":{"start":{"line":367,"column":4},"end":{"line":367,"column":24}},"301":{"start":{"line":368,"column":4},"end":{"line":368,"column":81}},"302":{"start":{"line":369,"column":4},"end":{"line":369,"column":50}},"303":{"start":{"line":370,"column":4},"end":{"line":370,"column":24}},"304":{"start":{"line":371,"column":4},"end":{"line":371,"column":57}},"305":{"start":{"line":372,"column":4},"end":{"line":372,"column":78}},"306":{"start":{"line":373,"column":4},"end":{"line":373,"column":90}},"307":{"start":{"line":374,"column":4},"end":{"line":374,"column":80}},"308":{"start":{"line":375,"column":4},"end":{"line":375,"column":83}},"309":{"start":{"line":376,"column":4},"end":{"line":376,"column":74}},"310":{"start":{"line":377,"column":4},"end":{"line":377,"column":83}},"311":{"start":{"line":378,"column":4},"end":{"line":378,"column":62}},"312":{"start":{"line":379,"column":4},"end":{"line":379,"column":24}},"313":{"start":{"line":380,"column":26},"end":{"line":380,"column":89}},"314":{"start":{"line":381,"column":4},"end":{"line":387,"column":6}},"315":{"start":{"line":382,"column":6},"end":{"line":386,"column":7}},"316":{"start":{"line":383,"column":8},"end":{"line":383,"column":60}},"317":{"start":{"line":385,"column":8},"end":{"line":385,"column":50}},"318":{"start":{"line":388,"column":4},"end":{"line":388,"column":24}},"319":{"start":{"line":389,"column":4},"end":{"line":389,"column":87}},"320":{"start":{"line":390,"column":4},"end":{"line":390,"column":120}},"321":{"start":{"line":391,"column":4},"end":{"line":391,"column":82}},"322":{"start":{"line":392,"column":4},"end":{"line":392,"column":132}},"323":{"start":{"line":393,"column":4},"end":{"line":393,"column":100}},"324":{"start":{"line":394,"column":4},"end":{"line":394,"column":50}},"325":{"start":{"line":395,"column":4},"end":{"line":395,"column":50}},"326":{"start":{"line":396,"column":4},"end":{"line":396,"column":51}},"327":{"start":{"line":397,"column":4},"end":{"line":397,"column":99}},"328":{"start":{"line":398,"column":4},"end":{"line":398,"column":73}},"329":{"start":{"line":399,"column":4},"end":{"line":399,"column":80}},"330":{"start":{"line":400,"column":4},"end":{"line":400,"column":49}},"331":{"start":{"line":401,"column":4},"end":{"line":401,"column":101}},"332":{"start":{"line":402,"column":4},"end":{"line":402,"column":78}},"333":{"start":{"line":403,"column":4},"end":{"line":403,"column":118}},"334":{"start":{"line":404,"column":4},"end":{"line":404,"column":87}},"335":{"start":{"line":407,"column":6},"end":{"line":407,"column":48}},"336":{"start":{"line":411,"column":2},"end":{"line":447,"column":5}},"337":{"start":{"line":412,"column":4},"end":{"line":412,"column":24}},"338":{"start":{"line":413,"column":4},"end":{"line":413,"column":95}},"339":{"start":{"line":414,"column":4},"end":{"line":414,"column":24}},"340":{"start":{"line":415,"column":4},"end":{"line":415,"column":51}},"341":{"start":{"line":416,"column":4},"end":{"line":416,"column":24}},"342":{"start":{"line":417,"column":4},"end":{"line":446,"column":7}},"343":{"start":{"line":418,"column":6},"end":{"line":422,"column":7}},"344":{"start":{"line":419,"column":8},"end":{"line":419,"column":29}},"345":{"start":{"line":420,"column":8},"end":{"line":420,"column":122}},"346":{"start":{"line":421,"column":8},"end":{"line":421,"column":65}},"347":{"start":{"line":423,"column":6},"end":{"line":423,"column":26}},"348":{"start":{"line":424,"column":6},"end":{"line":424,"column":89}},"349":{"start":{"line":425,"column":6},"end":{"line":425,"column":26}},"350":{"start":{"line":426,"column":6},"end":{"line":426,"column":114}},"351":{"start":{"line":427,"column":6},"end":{"line":427,"column":26}},"352":{"start":{"line":428,"column":6},"end":{"line":428,"column":98}},"353":{"start":{"line":429,"column":6},"end":{"line":429,"column":53}},"354":{"start":{"line":430,"column":6},"end":{"line":430,"column":84}},"355":{"start":{"line":431,"column":6},"end":{"line":433,"column":8}},"356":{"start":{"line":432,"column":8},"end":{"line":432,"column":61}},"357":{"start":{"line":434,"column":6},"end":{"line":434,"column":26}},"358":{"start":{"line":435,"column":6},"end":{"line":435,"column":81}},"359":{"start":{"line":436,"column":6},"end":{"line":436,"column":62}},"360":{"start":{"line":437,"column":6},"end":{"line":437,"column":26}},"361":{"start":{"line":438,"column":6},"end":{"line":438,"column":65}},"362":{"start":{"line":439,"column":6},"end":{"line":439,"column":64}},"363":{"start":{"line":440,"column":6},"end":{"line":440,"column":82}},"364":{"start":{"line":441,"column":6},"end":{"line":441,"column":51}},"365":{"start":{"line":442,"column":6},"end":{"line":442,"column":103}},"366":{"start":{"line":443,"column":6},"end":{"line":443,"column":80}},"367":{"start":{"line":444,"column":6},"end":{"line":444,"column":104}},"368":{"start":{"line":445,"column":6},"end":{"line":445,"column":73}},"369":{"start":{"line":449,"column":2},"end":{"line":495,"column":5}},"370":{"start":{"line":450,"column":4},"end":{"line":494,"column":5}},"371":{"start":{"line":451,"column":4},"end":{"line":451,"column":24}},"372":{"start":{"line":452,"column":4},"end":{"line":452,"column":81}},"373":{"start":{"line":453,"column":4},"end":{"line":453,"column":50}},"374":{"start":{"line":454,"column":4},"end":{"line":454,"column":24}},"375":{"start":{"line":455,"column":4},"end":{"line":455,"column":57}},"376":{"start":{"line":456,"column":4},"end":{"line":456,"column":78}},"377":{"start":{"line":457,"column":4},"end":{"line":457,"column":89}},"378":{"start":{"line":458,"column":4},"end":{"line":458,"column":79}},"379":{"start":{"line":459,"column":4},"end":{"line":459,"column":88}},"380":{"start":{"line":460,"column":4},"end":{"line":460,"column":74}},"381":{"start":{"line":461,"column":4},"end":{"line":461,"column":83}},"382":{"start":{"line":462,"column":4},"end":{"line":462,"column":62}},"383":{"start":{"line":463,"column":4},"end":{"line":463,"column":24}},"384":{"start":{"line":464,"column":26},"end":{"line":464,"column":89}},"385":{"start":{"line":465,"column":4},"end":{"line":471,"column":6}},"386":{"start":{"line":466,"column":6},"end":{"line":470,"column":7}},"387":{"start":{"line":467,"column":8},"end":{"line":467,"column":63}},"388":{"start":{"line":469,"column":8},"end":{"line":469,"column":50}},"389":{"start":{"line":472,"column":4},"end":{"line":472,"column":24}},"390":{"start":{"line":473,"column":4},"end":{"line":473,"column":87}},"391":{"start":{"line":474,"column":4},"end":{"line":474,"column":112}},"392":{"start":{"line":475,"column":4},"end":{"line":475,"column":74}},"393":{"start":{"line":476,"column":4},"end":{"line":476,"column":132}},"394":{"start":{"line":477,"column":4},"end":{"line":477,"column":100}},"395":{"start":{"line":478,"column":4},"end":{"line":478,"column":50}},"396":{"start":{"line":479,"column":4},"end":{"line":479,"column":50}},"397":{"start":{"line":480,"column":4},"end":{"line":480,"column":51}},"398":{"start":{"line":481,"column":4},"end":{"line":481,"column":99}},"399":{"start":{"line":482,"column":4},"end":{"line":482,"column":72}},"400":{"start":{"line":483,"column":4},"end":{"line":483,"column":24}},"401":{"start":{"line":484,"column":4},"end":{"line":484,"column":111}},"402":{"start":{"line":485,"column":4},"end":{"line":485,"column":80}},"403":{"start":{"line":486,"column":4},"end":{"line":486,"column":49}},"404":{"start":{"line":487,"column":4},"end":{"line":487,"column":101}},"405":{"start":{"line":488,"column":4},"end":{"line":488,"column":78}},"406":{"start":{"line":489,"column":4},"end":{"line":489,"column":118}},"407":{"start":{"line":490,"column":4},"end":{"line":490,"column":87}},"408":{"start":{"line":493,"column":6},"end":{"line":493,"column":48}},"409":{"start":{"line":497,"column":2},"end":{"line":533,"column":5}},"410":{"start":{"line":498,"column":4},"end":{"line":498,"column":24}},"411":{"start":{"line":499,"column":4},"end":{"line":499,"column":94}},"412":{"start":{"line":500,"column":4},"end":{"line":500,"column":24}},"413":{"start":{"line":501,"column":4},"end":{"line":501,"column":51}},"414":{"start":{"line":502,"column":4},"end":{"line":502,"column":24}},"415":{"start":{"line":503,"column":4},"end":{"line":532,"column":7}},"416":{"start":{"line":504,"column":6},"end":{"line":508,"column":7}},"417":{"start":{"line":505,"column":8},"end":{"line":505,"column":29}},"418":{"start":{"line":506,"column":8},"end":{"line":506,"column":127}},"419":{"start":{"line":507,"column":8},"end":{"line":507,"column":70}},"420":{"start":{"line":509,"column":6},"end":{"line":509,"column":26}},"421":{"start":{"line":510,"column":6},"end":{"line":510,"column":89}},"422":{"start":{"line":511,"column":6},"end":{"line":511,"column":26}},"423":{"start":{"line":512,"column":6},"end":{"line":512,"column":114}},"424":{"start":{"line":513,"column":6},"end":{"line":513,"column":26}},"425":{"start":{"line":514,"column":6},"end":{"line":514,"column":98}},"426":{"start":{"line":515,"column":6},"end":{"line":515,"column":53}},"427":{"start":{"line":516,"column":6},"end":{"line":516,"column":84}},"428":{"start":{"line":517,"column":6},"end":{"line":519,"column":8}},"429":{"start":{"line":518,"column":8},"end":{"line":518,"column":61}},"430":{"start":{"line":520,"column":6},"end":{"line":520,"column":26}},"431":{"start":{"line":521,"column":6},"end":{"line":521,"column":81}},"432":{"start":{"line":522,"column":6},"end":{"line":522,"column":62}},"433":{"start":{"line":523,"column":6},"end":{"line":523,"column":26}},"434":{"start":{"line":524,"column":6},"end":{"line":524,"column":65}},"435":{"start":{"line":525,"column":6},"end":{"line":525,"column":64}},"436":{"start":{"line":526,"column":6},"end":{"line":526,"column":82}},"437":{"start":{"line":527,"column":6},"end":{"line":527,"column":51}},"438":{"start":{"line":528,"column":6},"end":{"line":528,"column":103}},"439":{"start":{"line":529,"column":6},"end":{"line":529,"column":80}},"440":{"start":{"line":530,"column":6},"end":{"line":530,"column":104}},"441":{"start":{"line":531,"column":6},"end":{"line":531,"column":73}},"442":{"start":{"line":534,"column":2},"end":{"line":550,"column":5}},"443":{"start":{"line":535,"column":4},"end":{"line":535,"column":24}},"444":{"start":{"line":536,"column":4},"end":{"line":536,"column":81}},"445":{"start":{"line":537,"column":4},"end":{"line":537,"column":50}},"446":{"start":{"line":538,"column":4},"end":{"line":538,"column":24}},"447":{"start":{"line":539,"column":4},"end":{"line":539,"column":60}},"448":{"start":{"line":540,"column":4},"end":{"line":540,"column":81}},"449":{"start":{"line":541,"column":4},"end":{"line":541,"column":83}},"450":{"start":{"line":542,"column":4},"end":{"line":542,"column":83}},"451":{"start":{"line":543,"column":4},"end":{"line":543,"column":102}},"452":{"start":{"line":544,"column":4},"end":{"line":544,"column":80}},"453":{"start":{"line":545,"column":4},"end":{"line":545,"column":49}},"454":{"start":{"line":546,"column":4},"end":{"line":546,"column":104}},"455":{"start":{"line":547,"column":4},"end":{"line":547,"column":81}},"456":{"start":{"line":548,"column":4},"end":{"line":548,"column":116}},"457":{"start":{"line":549,"column":4},"end":{"line":549,"column":85}},"458":{"start":{"line":552,"column":2},"end":{"line":581,"column":5}},"459":{"start":{"line":553,"column":4},"end":{"line":553,"column":24}},"460":{"start":{"line":554,"column":4},"end":{"line":554,"column":91}},"461":{"start":{"line":555,"column":4},"end":{"line":555,"column":24}},"462":{"start":{"line":556,"column":4},"end":{"line":556,"column":51}},"463":{"start":{"line":557,"column":4},"end":{"line":557,"column":24}},"464":{"start":{"line":558,"column":4},"end":{"line":580,"column":7}},"465":{"start":{"line":559,"column":6},"end":{"line":563,"column":7}},"466":{"start":{"line":560,"column":8},"end":{"line":560,"column":29}},"467":{"start":{"line":561,"column":8},"end":{"line":561,"column":109}},"468":{"start":{"line":562,"column":8},"end":{"line":562,"column":61}},"469":{"start":{"line":564,"column":6},"end":{"line":564,"column":123}},"470":{"start":{"line":565,"column":6},"end":{"line":565,"column":91}},"471":{"start":{"line":566,"column":6},"end":{"line":566,"column":81}},"472":{"start":{"line":567,"column":6},"end":{"line":567,"column":98}},"473":{"start":{"line":568,"column":6},"end":{"line":568,"column":85}},"474":{"start":{"line":569,"column":6},"end":{"line":569,"column":53}},"475":{"start":{"line":570,"column":6},"end":{"line":570,"column":113}},"476":{"start":{"line":571,"column":6},"end":{"line":571,"column":81}},"477":{"start":{"line":572,"column":6},"end":{"line":572,"column":26}},"478":{"start":{"line":573,"column":6},"end":{"line":573,"column":64}},"479":{"start":{"line":574,"column":6},"end":{"line":574,"column":83}},"480":{"start":{"line":575,"column":6},"end":{"line":575,"column":51}},"481":{"start":{"line":576,"column":6},"end":{"line":576,"column":103}},"482":{"start":{"line":577,"column":6},"end":{"line":577,"column":80}},"483":{"start":{"line":578,"column":6},"end":{"line":578,"column":104}},"484":{"start":{"line":579,"column":6},"end":{"line":579,"column":73}}},"fnMap":{"0":{"name":"(anonymous_0)","decl":{"start":{"line":1,"column":40},"end":{"line":1,"column":41}},"loc":{"start":{"line":1,"column":52},"end":{"line":583,"column":1}},"line":1},"1":{"name":"(anonymous_1)","decl":{"start":{"line":40,"column":38},"end":{"line":40,"column":39}},"loc":{"start":{"line":40,"column":56},"end":{"line":47,"column":3}},"line":40},"2":{"name":"(anonymous_2)","decl":{"start":{"line":49,"column":62},"end":{"line":49,"column":63}},"loc":{"start":{"line":49,"column":74},"end":{"line":61,"column":3}},"line":49},"3":{"name":"(anonymous_3)","decl":{"start":{"line":63,"column":75},"end":{"line":63,"column":76}},"loc":{"start":{"line":63,"column":93},"end":{"line":71,"column":3}},"line":63},"4":{"name":"(anonymous_4)","decl":{"start":{"line":65,"column":45},"end":{"line":65,"column":46}},"loc":{"start":{"line":65,"column":63},"end":{"line":69,"column":5}},"line":65},"5":{"name":"(anonymous_5)","decl":{"start":{"line":73,"column":98},"end":{"line":73,"column":99}},"loc":{"start":{"line":73,"column":116},"end":{"line":81,"column":3}},"line":73},"6":{"name":"(anonymous_6)","decl":{"start":{"line":75,"column":45},"end":{"line":75,"column":46}},"loc":{"start":{"line":75,"column":63},"end":{"line":79,"column":5}},"line":75},"7":{"name":"(anonymous_7)","decl":{"start":{"line":83,"column":80},"end":{"line":83,"column":81}},"loc":{"start":{"line":83,"column":98},"end":{"line":91,"column":3}},"line":83},"8":{"name":"(anonymous_8)","decl":{"start":{"line":85,"column":45},"end":{"line":85,"column":46}},"loc":{"start":{"line":85,"column":63},"end":{"line":89,"column":5}},"line":85},"9":{"name":"(anonymous_9)","decl":{"start":{"line":93,"column":86},"end":{"line":93,"column":87}},"loc":{"start":{"line":93,"column":104},"end":{"line":101,"column":3}},"line":93},"10":{"name":"(anonymous_10)","decl":{"start":{"line":95,"column":45},"end":{"line":95,"column":46}},"loc":{"start":{"line":95,"column":63},"end":{"line":99,"column":5}},"line":95},"11":{"name":"(anonymous_11)","decl":{"start":{"line":103,"column":27},"end":{"line":103,"column":28}},"loc":{"start":{"line":103,"column":43},"end":{"line":150,"column":3}},"line":103},"12":{"name":"(anonymous_12)","decl":{"start":{"line":118,"column":37},"end":{"line":118,"column":38}},"loc":{"start":{"line":118,"column":60},"end":{"line":124,"column":5}},"line":118},"13":{"name":"(anonymous_13)","decl":{"start":{"line":152,"column":87},"end":{"line":152,"column":88}},"loc":{"start":{"line":152,"column":105},"end":{"line":188,"column":3}},"line":152},"14":{"name":"(anonymous_14)","decl":{"start":{"line":158,"column":51},"end":{"line":158,"column":52}},"loc":{"start":{"line":158,"column":77},"end":{"line":187,"column":5}},"line":158},"15":{"name":"(anonymous_15)","decl":{"start":{"line":159,"column":60},"end":{"line":159,"column":61}},"loc":{"start":{"line":159,"column":85},"end":{"line":163,"column":7}},"line":159},"16":{"name":"(anonymous_16)","decl":{"start":{"line":172,"column":58},"end":{"line":172,"column":59}},"loc":{"start":{"line":172,"column":74},"end":{"line":174,"column":7}},"line":172},"17":{"name":"(anonymous_17)","decl":{"start":{"line":190,"column":31},"end":{"line":190,"column":32}},"loc":{"start":{"line":190,"column":47},"end":{"line":240,"column":3}},"line":190},"18":{"name":"(anonymous_18)","decl":{"start":{"line":206,"column":37},"end":{"line":206,"column":38}},"loc":{"start":{"line":206,"column":60},"end":{"line":212,"column":5}},"line":206},"19":{"name":"(anonymous_19)","decl":{"start":{"line":242,"column":99},"end":{"line":242,"column":100}},"loc":{"start":{"line":242,"column":117},"end":{"line":278,"column":3}},"line":242},"20":{"name":"(anonymous_20)","decl":{"start":{"line":248,"column":51},"end":{"line":248,"column":52}},"loc":{"start":{"line":248,"column":77},"end":{"line":277,"column":5}},"line":248},"21":{"name":"(anonymous_21)","decl":{"start":{"line":249,"column":73},"end":{"line":249,"column":74}},"loc":{"start":{"line":249,"column":98},"end":{"line":253,"column":5}},"line":249},"22":{"name":"(anonymous_22)","decl":{"start":{"line":262,"column":58},"end":{"line":262,"column":59}},"loc":{"start":{"line":262,"column":74},"end":{"line":264,"column":7}},"line":262},"23":{"name":"(anonymous_23)","decl":{"start":{"line":280,"column":23},"end":{"line":280,"column":24}},"loc":{"start":{"line":280,"column":39},"end":{"line":325,"column":3}},"line":280},"24":{"name":"(anonymous_24)","decl":{"start":{"line":296,"column":37},"end":{"line":296,"column":38}},"loc":{"start":{"line":296,"column":60},"end":{"line":302,"column":5}},"line":296},"25":{"name":"(anonymous_25)","decl":{"start":{"line":327,"column":91},"end":{"line":327,"column":92}},"loc":{"start":{"line":327,"column":109},"end":{"line":363,"column":3}},"line":327},"26":{"name":"(anonymous_26)","decl":{"start":{"line":333,"column":51},"end":{"line":333,"column":52}},"loc":{"start":{"line":333,"column":77},"end":{"line":362,"column":5}},"line":333},"27":{"name":"(anonymous_27)","decl":{"start":{"line":334,"column":73},"end":{"line":334,"column":74}},"loc":{"start":{"line":334,"column":98},"end":{"line":338,"column":5}},"line":334},"28":{"name":"(anonymous_28)","decl":{"start":{"line":347,"column":58},"end":{"line":347,"column":59}},"loc":{"start":{"line":347,"column":74},"end":{"line":349,"column":7}},"line":347},"29":{"name":"(anonymous_29)","decl":{"start":{"line":365,"column":29},"end":{"line":365,"column":30}},"loc":{"start":{"line":365,"column":45},"end":{"line":409,"column":3}},"line":365},"30":{"name":"(anonymous_30)","decl":{"start":{"line":381,"column":37},"end":{"line":381,"column":38}},"loc":{"start":{"line":381,"column":60},"end":{"line":387,"column":5}},"line":381},"31":{"name":"(anonymous_31)","decl":{"start":{"line":411,"column":92},"end":{"line":411,"column":93}},"loc":{"start":{"line":411,"column":110},"end":{"line":447,"column":3}},"line":411},"32":{"name":"(anonymous_32)","decl":{"start":{"line":417,"column":51},"end":{"line":417,"column":52}},"loc":{"start":{"line":417,"column":77},"end":{"line":446,"column":5}},"line":417},"33":{"name":"(anonymous_33)","decl":{"start":{"line":418,"column":73},"end":{"line":418,"column":74}},"loc":{"start":{"line":418,"column":98},"end":{"line":422,"column":5}},"line":418},"34":{"name":"(anonymous_34)","decl":{"start":{"line":431,"column":58},"end":{"line":431,"column":59}},"loc":{"start":{"line":431,"column":74},"end":{"line":433,"column":7}},"line":431},"35":{"name":"(anonymous_35)","decl":{"start":{"line":449,"column":27},"end":{"line":449,"column":28}},"loc":{"start":{"line":449,"column":43},"end":{"line":495,"column":3}},"line":449},"36":{"name":"(anonymous_36)","decl":{"start":{"line":465,"column":37},"end":{"line":465,"column":38}},"loc":{"start":{"line":465,"column":60},"end":{"line":471,"column":5}},"line":465},"37":{"name":"(anonymous_37)","decl":{"start":{"line":497,"column":92},"end":{"line":497,"column":93}},"loc":{"start":{"line":497,"column":110},"end":{"line":533,"column":3}},"line":497},"38":{"name":"(anonymous_38)","decl":{"start":{"line":503,"column":51},"end":{"line":503,"column":52}},"loc":{"start":{"line":503,"column":77},"end":{"line":532,"column":5}},"line":503},"39":{"name":"(anonymous_39)","decl":{"start":{"line":504,"column":73},"end":{"line":504,"column":74}},"loc":{"start":{"line":504,"column":98},"end":{"line":508,"column":5}},"line":504},"40":{"name":"(anonymous_40)","decl":{"start":{"line":517,"column":58},"end":{"line":517,"column":59}},"loc":{"start":{"line":517,"column":74},"end":{"line":519,"column":7}},"line":517},"41":{"name":"(anonymous_41)","decl":{"start":{"line":534,"column":25},"end":{"line":534,"column":26}},"loc":{"start":{"line":534,"column":43},"end":{"line":550,"column":3}},"line":534},"42":{"name":"(anonymous_42)","decl":{"start":{"line":552,"column":84},"end":{"line":552,"column":85}},"loc":{"start":{"line":552,"column":102},"end":{"line":581,"column":3}},"line":552},"43":{"name":"(anonymous_43)","decl":{"start":{"line":558,"column":51},"end":{"line":558,"column":52}},"loc":{"start":{"line":558,"column":77},"end":{"line":580,"column":5}},"line":558},"44":{"name":"(anonymous_44)","decl":{"start":{"line":559,"column":64},"end":{"line":559,"column":65}},"loc":{"start":{"line":559,"column":89},"end":{"line":563,"column":5}},"line":559}},"branchMap":{"0":{"loc":{"start":{"line":119,"column":6},"end":{"line":123,"column":7}},"type":"if","locations":[{"start":{"line":119,"column":6},"end":{"line":123,"column":7}},{"start":{"line":119,"column":6},"end":{"line":123,"column":7}}],"line":119},"1":{"loc":{"start":{"line":207,"column":6},"end":{"line":211,"column":7}},"type":"if","locations":[{"start":{"line":207,"column":6},"end":{"line":211,"column":7}},{"start":{"line":207,"column":6},"end":{"line":211,"column":7}}],"line":207},"2":{"loc":{"start":{"line":297,"column":6},"end":{"line":301,"column":7}},"type":"if","locations":[{"start":{"line":297,"column":6},"end":{"line":301,"column":7}},{"start":{"line":297,"column":6},"end":{"line":301,"column":7}}],"line":297},"3":{"loc":{"start":{"line":382,"column":6},"end":{"line":386,"column":7}},"type":"if","locations":[{"start":{"line":382,"column":6},"end":{"line":386,"column":7}},{"start":{"line":382,"column":6},"end":{"line":386,"column":7}}],"line":382},"4":{"loc":{"start":{"line":466,"column":6},"end":{"line":470,"column":7}},"type":"if","locations":[{"start":{"line":466,"column":6},"end":{"line":470,"column":7}},{"start":{"line":466,"column":6},"end":{"line":470,"column":7}}],"line":466}},"s":{"0":1,"1":1,"2":1,"3":1,"4":1,"5":1,"6":1,"7":1,"8":1,"9":1,"10":1,"11":1,"12":1,"13":1,"14":1,"15":1,"16":1,"17":1,"18":1,"19":1,"20":1,"21":1,"22":1,"23":1,"24":1,"25":1,"26":1,"27":1,"28":1,"29":1,"30":1,"31":1,"32":1,"33":1,"34":1,"35":1,"36":1,"37":1,"38":1,"39":1,"40":1,"41":1,"42":1,"43":1,"44":1,"45":1,"46":1,"47":1,"48":1,"49":1,"50":1,"51":1,"52":1,"53":1,"54":1,"55":1,"56":1,"57":1,"58":1,"59":1,"60":1,"61":1,"62":1,"63":1,"64":1,"65":1,"66":1,"67":1,"68":1,"69":1,"70":1,"71":1,"72":1,"73":1,"74":1,"75":1,"76":1,"77":1,"78":1,"79":1,"80":1,"81":1,"82":1,"83":1,"84":1,"85":1,"86":1,"87":1,"88":1,"89":1,"90":1,"91":1,"92":1,"93":0,"94":1,"95":1,"96":1,"97":1,"98":1,"99":1,"100":1,"101":1,"102":1,"103":1,"104":1,"105":1,"106":1,"107":1,"108":1,"109":1,"110":1,"111":1,"112":1,"113":1,"114":1,"115":0,"116":1,"117":1,"118":1,"119":1,"120":1,"121":1,"122":1,"123":1,"124":1,"125":1,"126":1,"127":1,"128":1,"129":1,"130":1,"131":1,"132":1,"133":1,"134":1,"135":1,"136":1,"137":1,"138":1,"139":1,"140":1,"141":1,"142":1,"143":1,"144":1,"145":1,"146":1,"147":1,"148":1,"149":1,"150":1,"151":1,"152":1,"153":1,"154":1,"155":1,"156":1,"157":1,"158":1,"159":1,"160":1,"161":1,"162":1,"163":1,"164":1,"165":1,"166":1,"167":1,"168":0,"169":1,"170":1,"171":1,"172":1,"173":1,"174":1,"175":1,"176":1,"177":1,"178":1,"179":1,"180":1,"181":1,"182":1,"183":1,"184":1,"185":1,"186":1,"187":1,"188":1,"189":1,"190":1,"191":1,"192":0,"193":1,"194":1,"195":1,"196":1,"197":1,"198":1,"199":1,"200":1,"201":1,"202":1,"203":1,"204":1,"205":1,"206":1,"207":1,"208":1,"209":1,"210":1,"211":1,"212":1,"213":1,"214":1,"215":1,"216":1,"217":1,"218":1,"219":1,"220":1,"221":1,"222":1,"223":1,"224":1,"225":1,"226":1,"227":1,"228":1,"229":1,"230":1,"231":1,"232":1,"233":1,"234":1,"235":1,"236":1,"237":1,"238":1,"239":1,"240":1,"241":1,"242":1,"243":1,"244":1,"245":0,"246":1,"247":1,"248":1,"249":1,"250":1,"251":1,"252":1,"253":1,"254":1,"255":1,"256":1,"257":1,"258":1,"259":1,"260":1,"261":1,"262":1,"263":1,"264":0,"265":1,"266":1,"267":1,"268":1,"269":1,"270":1,"271":1,"272":1,"273":1,"274":1,"275":1,"276":1,"277":1,"278":1,"279":1,"280":1,"281":1,"282":1,"283":1,"284":1,"285":1,"286":1,"287":1,"288":1,"289":1,"290":1,"291":1,"292":1,"293":1,"294":1,"295":1,"296":1,"297":1,"298":1,"299":1,"300":1,"301":1,"302":1,"303":1,"304":1,"305":1,"306":1,"307":1,"308":1,"309":1,"310":1,"311":1,"312":1,"313":1,"314":1,"315":1,"316":1,"317":0,"318":1,"319":1,"320":1,"321":1,"322":1,"323":1,"324":1,"325":1,"326":1,"327":1,"328":1,"329":1,"330":1,"331":1,"332":1,"333":1,"334":1,"335":0,"336":1,"337":1,"338":1,"339":1,"340":1,"341":1,"342":1,"343":1,"344":1,"345":1,"346":1,"347":1,"348":1,"349":1,"350":1,"351":1,"352":1,"353":1,"354":1,"355":1,"356":1,"357":1,"358":1,"359":1,"360":1,"361":1,"362":1,"363":1,"364":1,"365":1,"366":1,"367":1,"368":1,"369":1,"370":1,"371":1,"372":1,"373":1,"374":1,"375":1,"376":1,"377":1,"378":1,"379":1,"380":1,"381":1,"382":1,"383":1,"384":1,"385":1,"386":1,"387":1,"388":0,"389":1,"390":1,"391":1,"392":1,"393":1,"394":1,"395":1,"396":1,"397":1,"398":1,"399":1,"400":1,"401":1,"402":1,"403":1,"404":1,"405":1,"406":1,"407":1,"408":0,"409":1,"410":1,"411":1,"412":1,"413":1,"414":1,"415":1,"416":1,"417":1,"418":1,"419":1,"420":1,"421":1,"422":1,"423":1,"424":1,"425":1,"426":1,"427":1,"428":1,"429":1,"430":1,"431":1,"432":1,"433":1,"434":1,"435":1,"436":1,"437":1,"438":1,"439":1,"440":1,"441":1,"442":1,"443":1,"444":1,"445":1,"446":1,"447":1,"448":1,"449":1,"450":1,"451":1,"452":1,"453":1,"454":1,"455":1,"456":1,"457":1,"458":1,"459":1,"460":1,"461":1,"462":1,"463":1,"464":1,"465":1,"466":1,"467":1,"468":1,"469":1,"470":1,"471":1,"472":1,"473":1,"474":1,"475":1,"476":1,"477":1,"478":1,"479":1,"480":1,"481":1,"482":1,"483":1,"484":1},"f":{"0":1,"1":1,"2":1,"3":1,"4":1,"5":1,"6":1,"7":1,"8":1,"9":1,"10":1,"11":1,"12":1,"13":1,"14":1,"15":1,"16":1,"17":1,"18":1,"19":1,"20":1,"21":1,"22":1,"23":1,"24":1,"25":1,"26":1,"27":1,"28":1,"29":1,"30":1,"31":1,"32":1,"33":1,"34":1,"35":1,"36":1,"37":1,"38":1,"39":1,"40":1,"41":1,"42":1,"43":1,"44":1},"b":{"0":[1,0],"1":[1,0],"2":[1,0],"3":[1,0],"4":[1,0]},"_coverageSchema":"1a1c01bbd47fc00a2c39e90264f33305004495a9","hash":"f37f418a9f66c3897988e09713868a2c97e5d19c","contentHash":"7aa369f6a600e7393d595bb632ea59839c95020037c78affcbe80b288262d939"},"F:\\Automation\\Hybrent3.7.0-RC3\\Testcases\\Shop\\shop.js":{"path":"F:\\Automation\\Hybrent3.7.0-RC3\\Testcases\\Shop\\shop.js","statementMap":{"0":{"start":{"line":1,"column":0},"end":{"line":116,"column":3}},"1":{"start":{"line":2,"column":11},"end":{"line":2,"column":40}},"2":{"start":{"line":3,"column":12},"end":{"line":3,"column":49}},"3":{"start":{"line":4,"column":15},"end":{"line":4,"column":48}},"4":{"start":{"line":5,"column":26},"end":{"line":5,"column":70}},"5":{"start":{"line":6,"column":19},"end":{"line":6,"column":56}},"6":{"start":{"line":7,"column":21},"end":{"line":7,"column":63}},"7":{"start":{"line":8,"column":22},"end":{"line":8,"column":51}},"8":{"start":{"line":9,"column":21},"end":{"line":9,"column":87}},"9":{"start":{"line":10,"column":21},"end":{"line":10,"column":79}},"10":{"start":{"line":11,"column":21},"end":{"line":11,"column":60}},"11":{"start":{"line":12,"column":20},"end":{"line":12,"column":58}},"12":{"start":{"line":13,"column":17},"end":{"line":13,"column":45}},"13":{"start":{"line":16,"column":2},"end":{"line":25,"column":5}},"14":{"start":{"line":17,"column":4},"end":{"line":17,"column":79}},"15":{"start":{"line":18,"column":4},"end":{"line":18,"column":47}},"16":{"start":{"line":19,"column":4},"end":{"line":19,"column":42}},"17":{"start":{"line":20,"column":4},"end":{"line":20,"column":47}},"18":{"start":{"line":21,"column":4},"end":{"line":24,"column":6}},"19":{"start":{"line":22,"column":6},"end":{"line":22,"column":76}},"20":{"start":{"line":23,"column":6},"end":{"line":23,"column":62}},"21":{"start":{"line":27,"column":2},"end":{"line":35,"column":5}},"22":{"start":{"line":28,"column":4},"end":{"line":28,"column":78}},"23":{"start":{"line":29,"column":4},"end":{"line":29,"column":24}},"24":{"start":{"line":30,"column":4},"end":{"line":30,"column":88}},"25":{"start":{"line":31,"column":4},"end":{"line":31,"column":75}},"26":{"start":{"line":32,"column":4},"end":{"line":32,"column":24}},"27":{"start":{"line":33,"column":4},"end":{"line":33,"column":75}},"28":{"start":{"line":34,"column":4},"end":{"line":34,"column":37}},"29":{"start":{"line":37,"column":2},"end":{"line":43,"column":5}},"30":{"start":{"line":38,"column":4},"end":{"line":38,"column":92}},"31":{"start":{"line":39,"column":4},"end":{"line":39,"column":54}},"32":{"start":{"line":40,"column":4},"end":{"line":40,"column":46}},"33":{"start":{"line":41,"column":4},"end":{"line":41,"column":50}},"34":{"start":{"line":45,"column":2},"end":{"line":54,"column":5}},"35":{"start":{"line":46,"column":4},"end":{"line":46,"column":79}},"36":{"start":{"line":47,"column":4},"end":{"line":47,"column":41}},"37":{"start":{"line":48,"column":4},"end":{"line":48,"column":43}},"38":{"start":{"line":49,"column":4},"end":{"line":49,"column":89}},"39":{"start":{"line":50,"column":4},"end":{"line":53,"column":7}},"40":{"start":{"line":51,"column":6},"end":{"line":51,"column":85}},"41":{"start":{"line":52,"column":6},"end":{"line":52,"column":44}},"42":{"start":{"line":56,"column":2},"end":{"line":69,"column":5}},"43":{"start":{"line":57,"column":4},"end":{"line":57,"column":79}},"44":{"start":{"line":58,"column":4},"end":{"line":58,"column":41}},"45":{"start":{"line":59,"column":4},"end":{"line":59,"column":24}},"46":{"start":{"line":60,"column":4},"end":{"line":60,"column":53}},"47":{"start":{"line":61,"column":4},"end":{"line":61,"column":47}},"48":{"start":{"line":62,"column":4},"end":{"line":62,"column":89}},"49":{"start":{"line":63,"column":4},"end":{"line":63,"column":51}},"50":{"start":{"line":64,"column":16},"end":{"line":64,"column":57}},"51":{"start":{"line":65,"column":4},"end":{"line":67,"column":5}},"52":{"start":{"line":66,"column":6},"end":{"line":66,"column":47}},"53":{"start":{"line":68,"column":4},"end":{"line":68,"column":24}},"54":{"start":{"line":71,"column":2},"end":{"line":81,"column":5}},"55":{"start":{"line":72,"column":4},"end":{"line":72,"column":89}},"56":{"start":{"line":73,"column":4},"end":{"line":73,"column":51}},"57":{"start":{"line":74,"column":4},"end":{"line":74,"column":24}},"58":{"start":{"line":75,"column":4},"end":{"line":75,"column":53}},"59":{"start":{"line":76,"column":4},"end":{"line":76,"column":24}},"60":{"start":{"line":77,"column":16},"end":{"line":77,"column":57}},"61":{"start":{"line":78,"column":4},"end":{"line":80,"column":5}},"62":{"start":{"line":79,"column":6},"end":{"line":79,"column":47}},"63":{"start":{"line":83,"column":2},"end":{"line":88,"column":5}},"64":{"start":{"line":84,"column":4},"end":{"line":84,"column":89}},"65":{"start":{"line":85,"column":4},"end":{"line":85,"column":51}},"66":{"start":{"line":86,"column":4},"end":{"line":86,"column":70}},"67":{"start":{"line":87,"column":4},"end":{"line":87,"column":71}}},"fnMap":{"0":{"name":"(anonymous_0)","decl":{"start":{"line":1,"column":32},"end":{"line":1,"column":33}},"loc":{"start":{"line":1,"column":44},"end":{"line":116,"column":1}},"line":1},"1":{"name":"(anonymous_1)","decl":{"start":{"line":16,"column":71},"end":{"line":16,"column":72}},"loc":{"start":{"line":16,"column":89},"end":{"line":25,"column":3}},"line":16},"2":{"name":"(anonymous_2)","decl":{"start":{"line":21,"column":58},"end":{"line":21,"column":59}},"loc":{"start":{"line":21,"column":82},"end":{"line":24,"column":5}},"line":21},"3":{"name":"(anonymous_3)","decl":{"start":{"line":27,"column":33},"end":{"line":27,"column":34}},"loc":{"start":{"line":27,"column":49},"end":{"line":35,"column":3}},"line":27},"4":{"name":"(anonymous_4)","decl":{"start":{"line":37,"column":81},"end":{"line":37,"column":82}},"loc":{"start":{"line":37,"column":97},"end":{"line":43,"column":3}},"line":37},"5":{"name":"(anonymous_5)","decl":{"start":{"line":45,"column":74},"end":{"line":45,"column":75}},"loc":{
[...]
"line":1,"column":23}},"loc":{"start":{"line":1,"column":34},"end":{"line":149,"column":1}},"line":1},"1":{"name":"(anonymous_1)","decl":{"start":{"line":21,"column":30},"end":{"line":21,"column":31}},"loc":{"start":{"line":21,"column":42},"end":{"line":27,"column":3}},"line":21},"2":{"name":"(anonymous_2)","decl":{"start":{"line":29,"column":63},"end":{"line":29,"column":64}},"loc":{"start":{"line":29,"column":75},"end":{"line":32,"column":3}},"line":29},"3":{"name":"(anonymous_3)","decl":{"start":{"line":34,"column":54},"end":{"line":34,"column":55}},"loc":{"start":{"line":34,"column":66},"end":{"line":40,"column":3}},"line":34},"4":{"name":"(anonymous_4)","decl":{"start":{"line":42,"column":56},"end":{"line":42,"column":57}},"loc":{"start":{"line":42,"column":68},"end":{"line":48,"column":3}},"line":42},"5":{"name":"(anonymous_5)","decl":{"start":{"line":50,"column":53},"end":{"line":50,"column":54}},"loc":{"start":{"line":50,"column":65},"end":{"line":57,"column":3}},"line":50},"6":{"name":"(anonymous_6)","decl":{"start":{"line":59,"column":51},"end":{"line":59,"column":52}},"loc":{"start":{"line":59,"column":63},"end":{"line":66,"column":3}},"line":59},"7":{"name":"(anonymous_7)","decl":{"start":{"line":68,"column":51},"end":{"line":68,"column":52}},"loc":{"start":{"line":68,"column":63},"end":{"line":75,"column":3}},"line":68},"8":{"name":"(anonymous_8)","decl":{"start":{"line":77,"column":47},"end":{"line":77,"column":48}},"loc":{"start":{"line":77,"column":59},"end":{"line":84,"column":3}},"line":77},"9":{"name":"(anonymous_9)","decl":{"start":{"line":86,"column":47},"end":{"line":86,"column":48}},"loc":{"start":{"line":86,"column":59},"end":{"line":93,"column":3}},"line":86},"10":{"name":"(anonymous_10)","decl":{"start":{"line":95,"column":56},"end":{"line":95,"column":57}},"loc":{"start":{"line":95,"column":68},"end":{"line":102,"column":3}},"line":95},"11":{"name":"(anonymous_11)","decl":{"start":{"line":104,"column":66},"end":{"line":104,"column":67}},"loc":{"start":{"line":104,"column":78},"end":{"line":111,"column":3}},"line":104},"12":{"name":"(anonymous_12)","decl":{"start":{"line":113,"column":70},"end":{"line":113,"column":71}},"loc":{"start":{"line":113,"column":82},"end":{"line":120,"column":3}},"line":113},"13":{"name":"(anonymous_13)","decl":{"start":{"line":122,"column":68},"end":{"line":122,"column":69}},"loc":{"start":{"line":122,"column":80},"end":{"line":129,"column":3}},"line":122},"14":{"name":"(anonymous_14)","decl":{"start":{"line":131,"column":66},"end":{"line":131,"column":67}},"loc":{"start":{"line":131,"column":78},"end":{"line":138,"column":3}},"line":131},"15":{"name":"(anonymous_15)","decl":{"start":{"line":140,"column":66},"end":{"line":140,"column":67}},"loc":{"start":{"line":140,"column":78},"end":{"line":147,"column":3}},"line":140}},"branchMap":{},"s":{"0":1,"1":1,"2":1,"3":1,"4":1,"5":1,"6":1,"7":1,"8":1,"9":1,"10":1,"11":1,"12":1,"13":1,"14":1,"15":1,"16":1,"17":1,"18":1,"19":1,"20":1,"21":1,"22":1,"23":1,"24":1,"25":1,"26":1,"27":1,"28":1,"29":1,"30":1,"31":1,"32":1,"33":1,"34":1,"35":1,"36":1,"37":1,"38":1,"39":1,"40":1,"41":1,"42":1,"43":1,"44":1,"45":1,"46":1,"47":1,"48":1,"49":1,"50":1,"51":1,"52":1,"53":1,"54":1,"55":1,"56":1,"57":1,"58":1,"59":1,"60":1,"61":1,"62":1,"63":1,"64":1,"65":1,"66":1,"67":1,"68":1,"69":1,"70":1,"71":1,"72":1,"73":1,"74":1,"75":1,"76":1,"77":1,"78":1,"79":1,"80":1,"81":1,"82":1,"83":1,"84":1,"85":1,"86":1,"87":1,"88":1,"89":1,"90":1,"91":1,"92":1,"93":1,"94":1,"95":1,"96":1,"97":1,"98":1,"99":1,"100":1,"101":1,"102":1},"f":{"0":1,"1":1,"2":1,"3":1,"4":1,"5":1,"6":1,"7":1,"8":1,"9":1,"10":1,"11":1,"12":1,"13":1,"14":1,"15":1},"b":{},"_coverageSchema":"1a1c01bbd47fc00a2c39e90264f33305004495a9","hash":"c7a5e72f4c7fedfedbdb6d1c0a837572e06838f3","contentHash":"e0fa6403990d05248bc0082d1b30c2b1e4262a491c02dde0d78d5300b7b81106"},"F:\\Automation\\Hybrent3.7.0-RC3\\Testcases\\Admin_section\\Vendor_account_setup.js":{"path":"F:\\Automation\\Hybrent3.7.0-RC3\\Testcases\\Admin_section\\Vendor_account_setup.js","statementMap":{"0":{"start":{"line":1,"column":0},"end":{"line":50,"column":3}},"1":{"start":{"line":2,"column":11},"end":{"line":2,"column":40}},"2":{"start":{"line":3,"column":17},"end":{"line":3,"column":45}},"3":{"start":{"line":4,"column":19},"end":{"line":4,"column":56}},"4":{"start":{"line":5,"column":20},"end":{"line":5,"column":46}},"5":{"start":{"line":8,"column":2},"end":{"line":15,"column":5}},"6":{"start":{"line":9,"column":4},"end":{"line":9,"column":69}},"7":{"start":{"line":10,"column":4},"end":{"line":10,"column":24}},"8":{"start":{"line":11,"column":4},"end":{"line":11,"column":58}},"9":{"start":{"line":12,"column":4},"end":{"line":12,"column":24}},"10":{"start":{"line":13,"column":4},"end":{"line":13,"column":74}},"11":{"start":{"line":14,"column":4},"end":{"line":14,"column":64}},"12":{"start":{"line":17,"column":2},"end":{"line":35,"column":5}},"13":{"start":{"line":18,"column":4},"end":{"line":18,"column":24}},"14":{"start":{"line":19,"column":4},"end":{"line":19,"column":64}},"15":{"start":{"line":20,"column":4},"end":{"line":20,"column":24}},"16":{"start":{"line":21,"column":4},"end":{"line":21,"column":76}},"17":{"start":{"line":22,"column":4},"end":{"line":22,"column":24}},"18":{"start":{"line":23,"column":4},"end":{"line":23,"column":45}},"19":{"start":{"line":24,"column":4},"end":{"line":24,"column":24}},"20":{"start":{"line":25,"column":4},"end":{"line":25,"column":68}},"21":{"start":{"line":26,"column":4},"end":{"line":26,"column":24}},"22":{"start":{"line":27,"column":4},"end":{"line":27,"column":92}},"23":{"start":{"line":28,"column":4},"end":{"line":28,"column":24}},"24":{"start":{"line":29,"column":4},"end":{"line":29,"column":54}},"25":{"start":{"line":30,"column":4},"end":{"line":30,"column":24}},"26":{"start":{"line":31,"column":4},"end":{"line":33,"column":6}},"27":{"start":{"line":32,"column":6},"end":{"line":32,"column":82}},"28":{"start":{"line":37,"column":2},"end":{"line":41,"column":5}},"29":{"start":{"line":38,"column":4},"end":{"line":38,"column":43}},"30":{"start":{"line":39,"column":4},"end":{"line":39,"column":24}},"31":{"start":{"line":40,"column":4},"end":{"line":40,"column":92}},"32":{"start":{"line":43,"column":2},"end":{"line":48,"column":5}},"33":{"start":{"line":44,"column":4},"end":{"line":44,"column":44}},"34":{"start":{"line":45,"column":4},"end":{"line":45,"column":24}},"35":{"start":{"line":46,"column":4},"end":{"line":46,"column":52}}},"fnMap":{"0":{"name":"(anonymous_0)","decl":{"start":{"line":1,"column":41},"end":{"line":1,"column":42}},"loc":{"start":{"line":1,"column":53},"end":{"line":50,"column":1}},"line":1},"1":{"name":"(anonymous_1)","decl":{"start":{"line":8,"column":42},"end":{"line":8,"column":43}},"loc":{"start":{"line":8,"column":54},"end":{"line":15,"column":3}},"line":8},"2":{"name":"(anonymous_2)","decl":{"start":{"line":17,"column":99},"end":{"line":17,"column":100}},"loc":{"start":{"line":17,"column":111},"end":{"line":35,"column":3}},"line":17},"3":{"name":"(anonymous_3)","decl":{"start":{"line":31,"column":79},"end":{"line":31,"column":80}},"loc":{"start":{"line":31,"column":103},"end":{"line":33,"column":5}},"line":31},"4":{"name":"(anonymous_4)","decl":{"start":{"line":37,"column":103},"end":{"line":37,"column":104}},"loc":{"start":{"line":37,"column":115},"end":{"line":41,"column":3}},"line":37},"5":{"name":"(anonymous_5)","decl":{"start":{"line":43,"column":81},"end":{"line":43,"column":82}},"loc":{"start":{"line":43,"column":93},"end":{"line":48,"column":3}},"line":43}},"branchMap":{},"s":{"0":1,"1":1,"2":1,"3":1,"4":1,"5":1,"6":1,"7":1,"8":1,"9":1,"10":1,"11":1,"12":1,"13":1,"14":1,"15":1,"16":1,"17":1,"18":1,"19":1,"20":1,"21":1,"22":1,"23":1,"24":1,"25":1,"26":1,"27":1,"28":1,"29":1,"30":1,"31":1,"32":1,"33":1,"34":1,"35":1},"f":{"0":1,"1":1,"2":1,"3":1,"4":1,"5":1},"b":{},"_coverageSchema":"1a1c01bbd47fc00a2c39e90264f33305004495a9","hash":"065c6282fbacb62748f07eab6f7585ecce7e8e36","contentHash":"194c4adf636c611d77ec7ea8d7feab82408032f3cbff3a754f8ad3dac2dffb90"},"F:\\Automation\\Hybrent3.7.0-RC3\\Testcases\\Admin_section\\Vendor.js":{"path":"F:\\Automation\\Hybrent3.7.0-RC3\\Testcases\\Admin_section\\Vendor.js","statementMap":{"0":{"start":{"line":1,"column":0},"end":{"line":33,"column":3}},"1":{"start":{"line":2,"column":11},"end":{"line":2,"column":40}},"2":{"start":{"line":3,"column":17},"end":{"line":3,"column":45}},"3":{"start":{"line":4,"column":19},"end":{"line":4,"column":56}},"4":{"start":{"line":5,"column":20},"end":{"line":5,"column":46}},"5":{"start":{"line":8,"column":2},"end":{"line":15,"column":5}},"6":{"start":{"line":9,"column":4},"end":{"line":9,"column":69}},"7":{"start":{"line":10,"column":4},"end":{"line":10,"column":24}},"8":{"start":{"line":11,"column":4},"end":{"line":11,"column":44}},"9":{"start":{"line":12,"column":4},"end":{"line":12,"column":24}},"10":{"start":{"line":13,"column":4},"end":{"line":13,"column":74}},"11":{"start":{"line":14,"column":4},"end":{"line":14,"column":49}},"12":{"start":{"line":17,"column":2},"end":{"line":20,"column":5}},"13":{"start":{"line":18,"column":4},"end":{"line":18,"column":71}},"14":{"start":{"line":19,"column":4},"end":{"line":19,"column":71}},"15":{"start":{"line":22,"column":2},"end":{"line":30,"column":5}},"16":{"start":{"line":23,"column":4},"end":{"line":23,"column":68}},"17":{"start":{"line":24,"column":4},"end":{"line":24,"column":24}},"18":{"start":{"line":25,"column":4},"end":{"line":25,"column":45}},"19":{"start":{"line":26,"column":4},"end":{"line":26,"column":75}},"20":{"start":{"line":27,"column":4},"end":{"line":27,"column":24}},"21":{"start":{"line":28,"column":4},"end":{"line":28,"column":95}}},"fnMap":{"0":{"name":"(anonymous_0)","decl":{"start":{"line":1,"column":26},"end":{"line":1,"column":27}},"loc":{"start":{"line":1,"column":38},"end":{"line":33,"column":1}},"line":1},"1":{"name":"(anonymous_1)","decl":{"start":{"line":8,"column":27},"end":{"line":8,"column":28}},"loc":{"start":{"line":8,"column":39},"end":{"line":15,"column":3}},"line":8},"2":{"name":"(anonymous_2)","decl":{"start":{"line":17,"column":68},"end":{"line":17,"column":69}},"loc":{"start":{"line":17,"column":80},"end":{"line":20,"column":3}},"line":17},"3":{"name":"(anonymous_3)","decl":{"start":{"line":22,"column":37},"end":{"line":22,"column":38}},"loc":{"start":{"line":22,"column":49},"end":{"line":30,"column":3}},"line":22}},"branchMap":{},"s":{"0":1,"1":1,"2":1,"3":1,"4":1,"5":1,"6":1,"7":1,"8":1,"9":1,"10":1,"11":1,"12":1,"13":1,"14":1,"15":1,"16":1,"17":1,"18":1,"19":1,"20":1,"21":1},"f":{"0":1,"1":1,"2":1,"3":1},"b":{},"_coverageSchema":"1a1c01bbd47fc00a2c39e90264f33305004495a9","hash":"660f7b488429cd0a238841ae4808311f4026218a","contentHash":"19a13bbbedd7ebb02afcab5786b25717a448362faf1029e9f961e0b309f4eb91"},"F:\\Automation\\Hybrent3.7.0-RC3\\Testcases\\DME\\Start_new_claim.js":{"path":"F:\\Automation\\Hybrent3.7.0-RC3\\Testcases\\DME\\Start_new_claim.js","statementMap":{"0":{"start":{"line":1,"column":20},"end":{"line":1,"column":70}},"1":{"start":{"line":2,"column":0},"end":{"line":63,"column":3}},"2":{"start":{"line":3,"column":11},"end":{"line":3,"column":40}},"3":{"start":{"line":4,"column":17},"end":{"line":4,"column":45}},"4":{"start":{"line":5,"column":16},"end":{"line":5,"column":50}},"5":{"start":{"line":6,"column":22},"end":{"line":6,"column":62}},"6":{"start":{"line":7,"column":18},"end":{"line":7,"column":54}},"7":{"start":{"line":8,"column":16},"end":{"line":8,"column":50}},"8":{"start":{"line":9,"column":22},"end":{"line":9,"column":59}},"9":{"start":{"line":10,"column":19},"end":{"line":10,"column":56}},"10":{"start":{"line":11,"column":23},"end":{"line":11,"column":51}},"11":{"start":{"line":13,"column":2},"end":{"line":19,"column":5}},"12":{"start":{"line":14,"column":4},"end":{"line":16,"column":7}},"13":{"start":{"line":15,"column":6},"end":{"line":15,"column":78}},"14":{"start":{"line":17,"column":4},"end":{"line":17,"column":59}},"15":{"start":{"line":18,"column":4},"end":{"line":18,"column":69}},"16":{"start":{"line":21,"column":2},"end":{"line":33,"column":5}},"17":{"start":{"line":22,"column":4},"end":{"line":22,"column":77}},"18":{"start":{"line":23,"column":4},"end":{"line":23,"column":24}},"19":{"start":{"line":25,"column":4},"end":{"line":25,"column":86}},"20":{"start":{"line":26,"column":4},"end":{"line":26,"column":24}},"21":{"start":{"line":27,"column":4},"end":{"line":27,"column":45}},"22":{"start":{"line":28,"column":4},"end":{"line":28,"column":24}},"23":{"start":{"line":29,"column":4},"end":{"line":29,"column":45}},"24":{"start":{"line":30,"column":4},"end":{"line":30,"column":24}},"25":{"start":{"line":31,"column":4},"end":{"line":31,"column":92}},"26":{"start":{"line":32,"column":4},"end":{"line":32,"column":76}},"27":{"start":{"line":35,"column":2},"end":{"line":49,"column":5}},"28":{"start":{"line":36,"column":4},"end":{"line":36,"column":24}},"29":{"start":{"line":37,"column":4},"end":{"line":37,"column":63}},"30":{"start":{"line":38,"column":4},"end":{"line":38,"column":24}},"31":{"start":{"line":40,"column":4},"end":{"line":40,"column":77}},"32":{"start":{"line":41,"column":4},"end":{"line":41,"column":24}},"33":{"start":{"line":42,"column":4},"end":{"line":42,"column":45}},"34":{"start":{"line":43,"column":4},"end":{"line":43,"column":24}},"35":{"start":{"line":44,"column":4},"end":{"line":44,"column":42}},"36":{"start":{"line":45,"column":4},"end":{"line":45,"column":24}},"37":{"start":{"line":46,"column":4},"end":{"line":46,"column":80}},"38":{"start":{"line":47,"column":4},"end":{"line":47,"column":24}},"39":{"start":{"line":48,"column":4},"end":{"line":48,"column":46}},"40":{"start":{"line":51,"column":2},"end":{"line":61,"column":5}},"41":{"start":{"line":52,"column":4},"end":{"line":52,"column":24}},"42":{"start":{"line":53,"column":4},"end":{"line":60,"column":7}},"43":{"start":{"line":54,"column":6},"end":{"line":54,"column":26}},"44":{"start":{"line":55,"column":6},"end":{"line":55,"column":58}},"45":{"start":{"line":56,"column":6},"end":{"line":56,"column":26}},"46":{"start":{"line":57,"column":6},"end":{"line":57,"column":90}},"47":{"start":{"line":58,"column":6},"end":{"line":58,"column":52}},"48":{"start":{"line":59,"column":6},"end":{"line":59,"column":55}}},"fnMap":{"0":{"name":"(anonymous_0)","decl":{"start":{"line":2,"column":49},"end":{"line":2,"column":50}},"loc":{"start":{"line":2,"column":61},"end":{"line":63,"column":1}},"line":2},"1":{"name":"(anonymous_1)","decl":{"start":{"line":13,"column":41},"end":{"line":13,"column":42}},"loc":{"start":{"line":13,"column":53},"end":{"line":19,"column":3}},"line":13},"2":{"name":"(anonymous_2)","decl":{"start":{"line":14,"column":146},"end":{"line":14,"column":147}},"loc":{"start":{"line":14,"column":158},"end":{"line":16,"column":5}},"line":14},"3":{"name":"(anonymous_3)","decl":{"start":{"line":21,"column":69},"end":{"line":21,"column":70}},"loc":{"start":{"line":21,"column":81},"end":{"line":33,"column":3}},"line":21},"4":{"name":"(anonymous_4)","decl":{"start":{"line":35,"column":75},"end":{"line":35,"column":76}},"loc":{"start":{"line":35,"column":85},"end":{"line":49,"column":3}},"line":35},"5":{"name":"(anonymous_5)","decl":{"start":{"line":51,"column":83},"end":{"line":51,"column":84}},"loc":{"start":{"line":51,"column":93},"end":{"line":61,"column":3}},"line":51},"6":{"name":"(anonymous_6)","decl":{"start":{"line":53,"column":119},"end":{"line":53,"column":120}},"loc":{"start":{"line":53,"column":131},"end":{"line":60,"column":5}},"line":53}},"branchMap":{},"s":{"0":1,"1":1,"2":1,"3":1,"4":1,"5":1,"6":1,"7":1,"8":1,"9":1,"10":1,"11":1,"12":1,"13":1,"14":1,"15":1,"16":1,"17":1,"18":1,"19":1,"20":1,"21":1,"22":1,"23":1,"24":1,"25":1,"26":1,"27":1,"28":1,"29":1,"30":1,"31":1,"32":1,"33":1,"34":1,"35":1,"36":1,"37":1,"38":1,"39":1,"40":1,"41":1,"42":1,"43":1,"44":1,"45":1,"46":1,"47":1,"48":1},"f":{"0":1,"1":1,"2":1,"3":1,"4":1,"5":1,"6":1},"b":{},"_coverageSchema":"1a1c01bbd47fc00a2c39e90264f33305004495a9","hash":"5841dc88e1b7fec304da23008eafec7f4b723c26","contentHash":"759893f05b303179e14f42a6b9b48a0cc6557f3f29e44d3db13c1dab5812168d"},"F:\\Automation\\Hybrent3.7.0-RC3\\Testcases\\DME\\Start_new_claimlisting.js":{"path":"F:\\Automation\\Hybrent3.7.0-RC3\\Testcases\\DME\\Start_new_claimlisting.js","statementMap":{"0":{"start":{"line":1,"column":20},"end":{"line":1,"column":70}},"1":{"start":{"line":2,"column":0},"end":{"line":57,"column":3}},"2":{"start":{"line":3,"column":11},"end":{"line":3,"column":40}},"3":{"start":{"line":4,"column":17},"end":{"line":4,"column":45}},"4":{"start":{"line":5,"column":16},"end":{"line":5,"column":50}},"5":{"start":{"line":6,"column":22},"end":{"line":6,"column":62}},"6":{"start":{"line":7,"column":18},"end":{"line":7,"column":54}},"7":{"start":{"line":8,"column":16},"end":{"line":8,"column":50}},"8":{"start":{"line":9,"column":22},"end":{"line":9,"column":59}},"9":{"start":{"line":10,"column":19},"end":{"line":10,"column":56}},"10":{"start":{"line":11,"column":23},"end":{"line":11,"column":51}},"11":{"start":{"line":12,"column":2},"end":{"line":19,"column":5}},"12":{"start":{"line":13,"column":4},"end":{"line":13,"column":24}},"13":{"start":{"line":14,"column":4},"end":{"line":14,"column":88}},"14":{"start":{"line":15,"column":4},"end":{"line":15,"column":82}},"15":{"start":{"line":16,"column":4},"end":{"line":16,"column":69}},"16":{"start":{"line":17,"column":4},"end":{"line":17,"column":82}},"17":{"start":{"line":18,"column":4},"end":{"line":18,"column":81}},"18":{"start":{"line":21,"column":2},"end":{"line":35,"column":5}},"19":{"start":{"line":22,"column":4},"end":{"line":22,"column":44}},"20":{"start":{"line":23,"column":4},"end":{"line":23,"column":24}},"21":{"start":{"line":25,"column":4},"end":{"line":25,"column":81}},"22":{"start":{"line":26,"column":4},"end":{"line":26,"column":91}},"23":{"start":{"line":27,"column":4},"end":{"line":27,"column":24}},"24":{"start":{"line":28,"column":4},"end":{"line":28,"column":45}},"25":{"start":{"line":29,"column":4},"end":{"line":29,"column":24}},"26":{"start":{"line":30,"column":4},"end":{"line":30,"column":45}},"27":{"start":{"line":31,"column":4},"end":{"line":31,"column":24}},"28":{"start":{"line":32,"column":4},"end":{"line":32,"column":87}},"29":{"start":{"line":33,"column":4},"end":{"line":33,"column":66}},"30":{"start":{"line":34,"column":4},"end":{"line":34,"column":69}},"31":{"start":{"line":50,"column":2},"end":{"line":55,"column":5}},"32":{"start":{"line":51,"column":4},"end":{"line":51,"column":115}},"33":{"start":{"line":52,"column":4},"end":{"line":52,"column":77}},"34":{"start":{"line":53,"column":4},"end":{"line":53,"column":105}},"35":{"start":{"line":54,"column":4},"end":{"line":54,"column":83}}},"fnMap":{"0":{"name":"(anonymous_0)","decl":{"start":{"line":2,"column":43},"end":{"line":2,"column":44}},"loc":{"start":{"line":2,"column":55},"end":{"line":57,"column":1}},"line":2},"1":{"name":"(anonymous_1)","decl":{"start":{"line":12,"column":76},"end":{"line":12,"column":77}},"loc":{"start":{"line":12,"column":88},"end":{"line":19,"column":3}},"line":12},"2":{"name":"(anonymous_2)","decl":{"start":{"line":21,"column":59},"end":{"line":21,"column":60}},"loc":{"start":{"line":21,"column":69},"end":{"line":35,"column":3}},"line":21},"3":{"name":"(anonymous_3)","decl":{"start":{"line":50,"column":68},"end":{"line":50,"column":69}},"loc":{"start":{"line":50,"column":78},"end":{"line":55,"column":3}},"line":50}},"branchMap":{},"s":{"0":1,"1":1,"2":1,"3":1,"4":1,"5":1,"6":1,"7":1,"8":1,"9":1,"10":1,"11":1,"12":1,"13":1,"14":1,"15":1,"16":1,"17":1,"18":1,"19":1,"20":1,"21":1,"22":1,"23":0,"24":0,"25":0,"26":0,"27":0,"28":0,"29":0,"30":0,"31":1,"32":1,"33":1,"34":1,"35":1},"f":{"0":1,"1":1,"2":1,"3":1},"b":{},"_coverageSchema":"1a1c01bbd47fc00a2c39e90264f33305004495a9","hash":"feae6a39a98703904a7aac25f57e9e8fd98a8306","contentHash":"f871d57e03fd6070d2aa86008d9bf470ad469a9a39c571ae9539ffcaad07f428"}}