{"F:\\protractor\\Hybrent3.2RC4\\conf.js":{"path":"F:\\protractor\\Hybrent3.2RC4\\conf.js","statementMap":{"0":{"start":{"line":1,"column":13},"end":{"line":1,"column":33}},"1":{"start":{"line":3,"column":17},"end":{"line":3,"column":54}},"2":{"start":{"line":4,"column":23},"end":{"line":4,"column":51}},"3":{"start":{"line":5,"column":21},"end":{"line":5,"column":58}},"4":{"start":{"line":9,"column":0},"end":{"line":125,"column":2}},"5":{"start":{"line":52,"column":4},"end":{"line":52,"column":41}},"6":{"start":{"line":53,"column":27},"end":{"line":53,"column":55}},"7":{"start":{"line":58,"column":4},"end":{"line":62,"column":8}},"8":{"start":{"line":93,"column":22},"end":{"line":93,"column":47}},"9":{"start":{"line":95,"column":4},"end":{"line":114,"column":7}},"10":{"start":{"line":96,"column":6},"end":{"line":96,"column":44}},"11":{"start":{"line":97,"column":6},"end":{"line":97,"column":43}},"12":{"start":{"line":98,"column":6},"end":{"line":98,"column":38}},"13":{"start":{"line":100,"column":23},"end":{"line":100,"column":60}},"14":{"start":{"line":102,"column":6},"end":{"line":112,"column":8}},"15":{"start":{"line":113,"column":6},"end":{"line":113,"column":58}}},"fnMap":{"0":{"name":"(anonymous_0)","decl":{"start":{"line":51,"column":13},"end":{"line":51,"column":14}},"loc":{"start":{"line":51,"column":25},"end":{"line":80,"column":3}},"line":51},"1":{"name":"(anonymous_1)","decl":{"start":{"line":91,"column":14},"end":{"line":91,"column":15}},"loc":{"start":{"line":91,"column":26},"end":{"line":116,"column":3}},"line":91},"2":{"name":"(anonymous_2)","decl":{"start":{"line":95,"column":21},"end":{"line":95,"column":22}},"loc":{"start":{"line":95,"column":37},"end":{"line":114,"column":5}},"line":95}},"branchMap":{},"s":{"0":1,"1":1,"2":1,"3":1,"4":1,"5":1,"6":1,"7":1,"8":1,"9":1,"10":1,"11":1,"12":1,"13":1,"14":1,"15":1},"f":{"0":1,"1":1,"2":1},"b":{},"_coverageSchema":"1a1c01bbd47fc00a2c39e90264f33305004495a9","hash":"2a42a119c49a36c3274fc310170c61b1aefd8ec6","contentHash":"88ff2ef0c56d485dba8d355f8b057376a3782e6361e5bc8ed15e96bdcc10be86"},"F:\\protractor\\Hybrent3.2RC4\\objects.js":{"path":"F:\\protractor\\Hybrent3.2RC4\\objects.js","statementMap":{"0":{"start":{"line":1,"column":0},"end":{"line":1,"column":56}},"1":{"start":{"line":3,"column":0},"end":{"line":8,"column":2}},"2":{"start":{"line":11,"column":0},"end":{"line":20,"column":2}},"3":{"start":{"line":22,"column":0},"end":{"line":27,"column":1}},"4":{"start":{"line":29,"column":0},"end":{"line":59,"column":1}},"5":{"start":{"line":61,"column":0},"end":{"line":64,"column":1}},"6":{"start":{"line":65,"column":0},"end":{"line":69,"column":1}},"7":{"start":{"line":71,"column":0},"end":{"line":74,"column":1}},"8":{"start":{"line":75,"column":0},"end":{"line":80,"column":1}},"9":{"start":{"line":82,"column":0},"end":{"line":84,"column":1}},"10":{"start":{"line":86,"column":0},"end":{"line":88,"column":1}},"11":{"start":{"line":90,"column":0},"end":{"line":93,"column":1}},"12":{"start":{"line":95,"column":0},"end":{"line":98,"column":1}},"13":{"start":{"line":100,"column":0},"end":{"line":103,"column":1}},"14":{"start":{"line":105,"column":0},"end":{"line":120,"column":1}},"15":{"start":{"line":122,"column":0},"end":{"line":126,"column":1}},"16":{"start":{"line":128,"column":0},"end":{"line":134,"column":1}},"17":{"start":{"line":136,"column":0},"end":{"line":139,"column":1}},"18":{"start":{"line":141,"column":0},"end":{"line":143,"column":1}}},"fnMap":{},"branchMap":{},"s":{"0":1,"1":1,"2":1,"3":1,"4":1,"5":1,"6":1,"7":1,"8":1,"9":1,"10":1,"11":1,"12":1,"13":1,"14":1,"15":1,"16":1,"17":1,"18":1},"f":{},"b":{},"_coverageSchema":"1a1c01bbd47fc00a2c39e90264f33305004495a9","hash":"8acbfec8124ed2576d00c83c1964605f69cf8156","contentHash":"b2b15db18c4346076159c919c57a02454a06116cae2205c5672f54a494eecc17"},"F:\\protractor\\Hybrent3.2RC4\\Testcases\\login\\login.js":{"path":"F:\\protractor\\Hybrent3.2RC4\\Testcases\\login\\login.js","statementMap":{"0":{"start":{"line":1,"column":0},"end":{"line":44,"column":3}},"1":{"start":{"line":3,"column":18},"end":{"line":3,"column":54}},"2":{"start":{"line":4,"column":11},"end":{"line":4,"column":40}},"3":{"start":{"line":5,"column":2},"end":{"line":8,"column":5}},"4":{"start":{"line":6,"column":4},"end":{"line":6,"column":41}},"5":{"start":{"line":7,"column":4},"end":{"line":7,"column":36}},"6":{"start":{"line":10,"column":2},"end":{"line":18,"column":5}},"7":{"start":{"line":12,"column":4},"end":{"line":12,"column":75}},"8":{"start":{"line":14,"column":4},"end":{"line":14,"column":44}},"9":{"start":{"line":15,"column":4},"end":{"line":15,"column":24}},"10":{"start":{"line":16,"column":4},"end":{"line":16,"column":64}},"11":{"start":{"line":20,"column":2},"end":{"line":29,"column":5}},"12":{"start":{"line":22,"column":4},"end":{"line":22,"column":74}},"13":{"start":{"line":24,"column":4},"end":{"line":24,"column":57}},"14":{"start":{"line":25,"column":4},"end":{"line":25,"column":57}},"15":{"start":{"line":26,"column":4},"end":{"line":26,"column":44}},"16":{"start":{"line":27,"column":4},"end":{"line":27,"column":24}},"17":{"start":{"line":28,"column":4},"end":{"line":28,"column":74}},"18":{"start":{"line":32,"column":2},"end":{"line":40,"column":5}},"19":{"start":{"line":33,"column":4},"end":{"line":33,"column":75}},"20":{"start":{"line":35,"column":4},"end":{"line":35,"column":79}},"21":{"start":{"line":36,"column":4},"end":{"line":36,"column":79}},"22":{"start":{"line":37,"column":4},"end":{"line":37,"column":44}},"23":{"start":{"line":38,"column":4},"end":{"line":38,"column":24}},"24":{"start":{"line":39,"column":4},"end":{"line":39,"column":52}}},"fnMap":{"0":{"name":"(anonymous_0)","decl":{"start":{"line":1,"column":33},"end":{"line":1,"column":34}},"loc":{"start":{"line":1,"column":45},"end":{"line":44,"column":1}},"line":1},"1":{"name":"(anonymous_1)","decl":{"start":{"line":5,"column":13},"end":{"line":5,"column":14}},"loc":{"start":{"line":5,"column":25},"end":{"line":8,"column":3}},"line":5},"2":{"name":"(anonymous_2)","decl":{"start":{"line":10,"column":50},"end":{"line":10,"column":51}},"loc":{"start":{"line":10,"column":62},"end":{"line":18,"column":3}},"line":10},"3":{"name":"(anonymous_3)","decl":{"start":{"line":20,"column":49},"end":{"line":20,"column":50}},"loc":{"start":{"line":20,"column":61},"end":{"line":29,"column":3}},"line":20},"4":{"name":"(anonymous_4)","decl":{"start":{"line":32,"column":51},"end":{"line":32,"column":52}},"loc":{"start":{"line":32,"column":63},"end":{"line":40,"column":3}},"line":32}},"branchMap":{},"s":{"0":1,"1":1,"2":1,"3":1,"4":3,"5":3,"6":1,"7":1,"8":1,"9":1,"10":1,"11":1,"12":1,"13":1,"14":1,"15":1,"16":1,"17":1,"18":1,"19":1,"20":1,"21":1,"22":1,"23":1,"24":1},"f":{"0":1,"1":3,"2":1,"3":1,"4":1},"b":{},"_coverageSchema":"1a1c01bbd47fc00a2c39e90264f33305004495a9","hash":"dce328353a2cf89ae03a6d6dc2899ee5757ff5c5","contentHash":"a5476196712de9f1d4162d1b5b78cc4eff432a331d65e04239366134b22a3522"},"F:\\protractor\\Hybrent3.2RC4\\Testcases\\Dashboard\\dash.js":{"path":"F:\\protractor\\Hybrent3.2RC4\\Testcases\\Dashboard\\dash.js","statementMap":{"0":{"start":{"line":1,"column":0},"end":{"line":16,"column":2}}},"fnMap":{},"branchMap":{},"s":{"0":1},"f":{},"b":{},"_coverageSchema":"1a1c01bbd47fc00a2c39e90264f33305004495a9","hash":"d9860b22c074d53cd8bff138bc78ecaa49bf682c","contentHash":"8eb9e5eefe5a1856430b06f4561719475d99f8d158ca313f58a4cfbc353aa659"},"F:\\protractor\\Hybrent3.2RC4\\Testcases\\Dashboard\\dashboard.js":{"path":"F:\\protractor\\Hybrent3.2RC4\\Testcases\\Dashboard\\dashboard.js","statementMap":{"0":{"start":{"line":1,"column":20},"end":{"line":1,"column":45}},"1":{"start":{"line":2,"column":14},"end":{"line":2,"column":34}},"2":{"start":{"line":3,"column":0},"end":{"line":190,"column":3}},"3":{"start":{"line":5,"column":11},"end":{"line":5,"column":40}},"4":{"start":{"line":6,"column":44},"end":{"line":6,"column":92}},"5":{"start":{"line":7,"column":21},"end":{"line":7,"column":63}},"6":{"start":{"line":9,"column":2},"end":{"line":19,"column":12}},"7":{"start":{"line":10,"column":4},"end":{"line":10,"column":75}},"8":{"start":{"line":11,"column":4},"end":{"line":11,"column":24}},"9":{"start":{"line":12,"column":4},"end":{"line":12,"column":94}},"10":{"start":{"line":13,"column":4},"end":{"line":13,"column":65}},"11":{"start":{"line":14,"column":4},"end":{"line":16,"column":6}},"12":{"start":{"line":15,"column":6},"end":{"line":15,"column":61}},"13":{"start":{"line":17,"column":4},"end":{"line":17,"column":24}},"14":{"start":{"line":18,"column":4},"end":{"line":18,"column":55}},"15":{"start":{"line":21,"column":2},"end":{"line":27,"column":5}},"16":{"start":{"line":22,"column":4},"end":{"line":22,"column":75}},"17":{"start":{"line":23,"column":4},"end":{"line":23,"column":94}},"18":{"start":{"line":24,"column":4},"end":{"line":24,"column":58}},"19":{"start":{"line":25,"column":4},"end":{"line":25,"column":24}},"20":{"start":{"line":26,"column":4},"end":{"line":26,"column":65}},"21":{"start":{"line":29,"column":2},"end":{"line":36,"column":5}},"22":{"start":{"line":30,"column":4},"end":{"line":30,"column":75}},"23":{"start":{"line":31,"column":4},"end":{"line":31,"column":94}},"24":{"start":{"line":32,"column":4},"end":{"line":32,"column":43}},"25":{"start":{"line":33,"column":4},"end":{"line":33,"column":24}},"26":{"start":{"line":34,"column":4},"end":{"line":34,"column":53}},"27":{"start":{"line":38,"column":2},"end":{"line":57,"column":5}},"28":{"start":{"line":39,"column":4},"end":{"line":39,"column":75}},"29":{"start":{"line":40,"column":4},"end":{"line":40,"column":94}},"30":{"start":{"line":41,"column":4},"end":{"line":41,"column":63}},"31":{"start":{"line":42,"column":4},"end":{"line":42,"column":75}},"32":{"start":{"line":44,"column":23},"end":{"line":44,"column":89}},"33":{"start":{"line":45,"column":4},"end":{"line":55,"column":7}},"34":{"start":{"line":46,"column":6},"end":{"line":53,"column":7}},"35":{"start":{"line":47,"column":8},"end":{"line":47,"column":44}},"36":{"start":{"line":48,"column":8},"end":{"line":48,"column":69}},"37":{"start":{"line":50,"column":8},"end":{"line":50,"column":53}},"38":{"start":{"line":51,"column":8},"end":{"line":51,"column":28}},"39":{"start":{"line":52,"column":8},"end":{"line":52,"column":45}},"40":{"start":{"line":59,"column":2},"end":{"line":67,"column":5}},"41":{"start":{"line":60,"column":4},"end":{"line":60,"column":75}},"42":{"start":{"line":61,"column":4},"end":{"line":61,"column":94}},"43":{"start":{"line":62,"column":4},"end":{"line":62,"column":61}},"44":{"start":{"line":63,"column":4},"end":{"line":63,"column":95}},"45":{"start":{"line":65,"column":4},"end":{"line":65,"column":24}},"46":{"start":{"line":66,"column":4},"end":{"line":66,"column":45}},"47":{"start":{"line":69,"column":2},"end":{"line":79,"column":5}},"48":{"start":{"line":70,"column":4},"end":{"line":70,"column":75}},"49":{"start":{"line":71,"column":4},"end":{"line":77,"column":6}},"50":{"start":{"line":72,"column":6},"end":{"line":76,"column":7}},"51":{"start":{"line":73,"column":8},"end":{"line":73,"column":58}},"52":{"start":{"line":75,"column":8},"end":{"line":75,"column":67}},"53":{"start":{"line":81,"column":2},"end":{"line":93,"column":5}},"54":{"start":{"line":82,"column":4},"end":{"line":82,"column":75}},"55":{"start":{"line":83,"column":4},"end":{"line":91,"column":6}},"56":{"start":{"line":84,"column":6},"end":{"line":90,"column":7}},"57":{"start":{"line":85,"column":8},"end":{"line":87,"column":11}},"58":{"start":{"line":86,"column":10},"end":{"line":86,"column":73}},"59":{"start":{"line":89,"column":8},"end":{"line":89,"column":60}},"60":{"start":{"line":95,"column":2},"end":{"line":103,"column":5}},"61":{"start":{"line":96,"column":4},"end":{"line":96,"column":75}},"62":{"start":{"line":97,"column":19},"end":{"line":97,"column":69}},"63":{"start":{"line":98,"column":4},"end":{"line":98,"column":21}},"64":{"start":{"line":100,"column":4},"end":{"line":100,"column":45}},"65":{"start":{"line":101,"column":4},"end":{"line":101,"column":24}},"66":{"start":{"line":102,"column":4},"end":{"line":102,"column":56}},"67":{"start":{"line":105,"column":2},"end":{"line":120,"column":5}},"68":{"start":{"line":106,"column":4},"end":{"line":106,"column":75}},"69":{"start":{"line":107,"column":4},"end":{"line":107,"column":46}},"70":{"start":{"line":108,"column":4},"end":{"line":108,"column":52}},"71":{"start":{"line":109,"column":25},"end":{"line":109,"column":75}},"72":{"start":{"line":110,"column":4},"end":{"line":110,"column":27}},"73":{"start":{"line":111,"column":21},"end":{"line":111,"column":99}},"74":{"start":{"line":112,"column":4},"end":{"line":118,"column":6}},"75":{"start":{"line":113,"column":6},"end":{"line":117,"column":7}},"76":{"start":{"line":113,"column":19},"end":{"line":113,"column":20}},"77":{"start":{"line":115,"column":8},"end":{"line":115,"column":60}},"78":{"start":{"line":122,"column":2},"end":{"line":163,"column":5}},"79":{"start":{"line":123,"column":4},"end":{"line":123,"column":46}},"80":{"start":{"line":125,"column":4},"end":{"line":125,"column":75}},"81":{"start":{"line":127,"column":4},"end":{"line":137,"column":6}},"82":{"start":{"line":128,"column":6},"end":{"line":136,"column":74}},"83":{"start":{"line":129,"column":8},"end":{"line":131,"column":10}},"84":{"start":{"line":130,"column":10},"end":{"line":130,"column":70}},"85":{"start":{"line":132,"column":8},"end":{"line":134,"column":10}},"86":{"start":{"line":133,"column":10},"end":{"line":133,"column":61}},"87":{"start":{"line":136,"column":8},"end":{"line":136,"column":74}},"88":{"start":{"line":138,"column":4},"end":{"line":138,"column":75}},"89":{"start":{"line":139,"column":4},"end":{"line":160,"column":6}},"90":{"start":{"line":140,"column":6},"end":{"line":158,"column":7}},"91":{"start":{"line":141,"column":8},"end":{"line":157,"column":10}},"92":{"start":{"line":142,"column":10},"end":{"line":142,"column":77}},"93":{"start":{"line":143,"column":10},"end":{"line":143,"column":93}},"94":{"start":{"line":144,"column":10},"end":{"line":144,"column":81}},"95":{"start":{"line":145,"column":34},"end":{"line":145,"column":96}},"96":{"start":{"line":146,"column":10},"end":{"line":149,"column":12}},"97":{"start":{"line":147,"column":12},"end":{"line":147,"column":59}},"98":{"start":{"line":148,"column":12},"end":{"line":148,"column":44}},"99":{"start":{"line":166,"column":2},"end":{"line":187,"column":5}},"100":{"start":{"line":167,"column":4},"end":{"line":167,"column":75}},"101":{"start":{"line":168,"column":4},"end":{"line":168,"column":46}},"102":{"start":{"line":169,"column":4},"end":{"line":185,"column":6}},"103":{"start":{"line":170,"column":6},"end":{"line":184,"column":7}},"104":{"start":{"line":171,"column":8},"end":{"line":171,"column":59}},"105":{"start":{"line":172,"column":20},"end":{"line":172,"column":90}},"106":{"start":{"line":173,"column":8},"end":{"line":175,"column":9}},"107":{"start":{"line":174,"column":10},"end":{"line":174,"column":40}},"108":{"start":{"line":176,"column":19},"end":{"line":176,"column":89}},"109":{"start":{"line":177,"column":8},"end":{"line":177,"column":54}},"110":{"start":{"line":178,"column":8},"end":{"line":178,"column":28}},"111":{"start":{"line":179,"column":8},"end":{"line":179,"column":61}},"112":{"start":{"line":183,"column":8},"end":{"line":183,"column":67}},"113":{"start":{"line":186,"column":4},"end":{"line":186,"column":46}}},"fnMap":{"0":{"name":"(anonymous_0)","decl":{"start":{"line":3,"column":33},"end":{"line":3,"column":34}},"loc":{"start":{"line":3,"column":45},"end":{"line":190,"column":1}},"line":3},"1":{"name":"(anonymous_1)","decl":{"start":{"line":9,"column":92},"end":{"line":9,"column":93}},"loc":{"start":{"line":9,"column":104},"end":{"line":19,"column":3}},"line":9},"2":{"name":"(anonymous_2)","decl":{"start":{"line":14,"column":51},"end":{"line":14,"column":52}},"loc":{"start":{"line":14,"column":76},"end":{"line":16,"column":5}},"line":14},"3":{"name":"(anonymous_3)","decl":{"start":{"line":21,"column":122},"end":{"line":21,"column":123}},"loc":{"start":{"line":21,"column":134},"end":{"line":27,"column":3}},"line":21},"4":{"name":"(anonymous_4)","decl":{"start":{"line":29,"column":90},"end":{"line":29,"column":91}},"loc":{"start":{"line":29,"column":102},"end":{"line":36,"column":3}},"line":29},"5":{"name":"(anonymous_5)","decl":{"start":{"line":38,"column":95},"end":{"line":38,"column":96}},"loc":{"start":{"line":38,"column":107},"end":{"line":57,"column":3}},"line":38},"6":{"name":"(anonymous_6)","decl":{"start":{"line":45,"column":34},"end":{"line":45,"column":35}},"loc":{"start":{"line":45,"column":53},"end":{"line":55,"column":5}},"line":45},"7":{"name":"(anonymous_7)","decl":{"start":{"line":59,"column":113},"end":{"line":59,"column":114}},"loc":{"start":{"line":59,"column":125},"end":{"line":67,"column":3}},"line":59},"8":{"name":"(anonymous_8)","decl":{"start":{"line":69,"column":63},"end":{"line":69,"column":64}},"loc":{"start":{"line":69,"column":75},"end":{"line":79,"column":3}},"line":69},"9":{"name":"(anonymous_9)","decl":{"start":{"line":71,"column":62},"end":{"line":71,"column":63}},"loc":{"start":{"line":71,"column":81},"end":{"line":77,"column":5}},"line":71},"10":{"name":"(anonymous_10)","decl":{"start":{"line":81,"column":63},"end":{"line":81,"column":64}},"loc":{"start":{"line":81,"column":75},"end":{"line":93,"column":3}},"line":81},"11":{"name":"(anonymous_11)","decl":{"start":{"line":83,"column":65},"end":{"line":83,"column":66}},"loc":{"start":{"line":83,"column":84},"end":{"line":91,"column":5}},"line":83},"12":{"name":"(anonymous_12)","decl":{"start":{"line":85,"column":67},"end":{"line":85,"column":68}},"loc":{"start":{"line":85,"column":84},"end":{"line":87,"column":9}},"line":85},"13":{"name":"(anonymous_13)","decl":{"start":{"line":95,"column":99},"end":{"line":95,"column":100}},"loc":{"start":{"line":95,"column":111},"end":{"line":103,"column":3}},"line":95},"14":{"name":"(anonymous_14)","decl":{"start":{"line":105,"column":102},"end":{"line":105,"column":103}},"loc":{"start":{"line":105,"column":114},"end":{"line":120,"column":3}},"line":105},"15":{"name":"(anonymous_15)","decl":{"start":{"line":112,"column":95},"end":{"line":112,"column":96}},"loc":{"start":{"line":112,"column":114},"end":{"line":118,"column":5}},"line":112},"16":{"name":"(anonymous_16)","decl":{"start":{"line":122,"column":131},"end":{"line":122,"column":132}},"loc":{"start":{"line":122,"column":143},"end":{"line":163,"column":3}},"line":122},"17":{"name":"(anonymous_17)","decl":{"start":{"line":127,"column":106},"end":{"line":127,"column":107}},"loc":{"start":{"line":127,"column":125},"end":{"line":137,"column":5}},"line":127},"18":{"name":"(anonymous_18)","decl":{"start":{"line":129,"column":108},"end":{"line":129,"column":109}},"loc":{"start":{"line":129,"column":125},"end":{"line":131,"column":9}},"line":129},"19":{"name":"(anonymous_19)","decl":{"start":{"line":132,"column":106},"end":{"line":132,"column":107}},"loc":{"start":{"line":132,"column":123},"end":{"line":134,"column":9}},"line":132},"20":{"name":"(anonymous_20)","decl":{"start":{"line":139,"column":126},"end":{"line":139,"column":127}},"loc":{"start":{"line":139,"column":145},"end":{"line":160,"column":5}},"line":139},"21":{"name":"(anonymous_21)","decl":{"start":{"line":141,"column":102},"end":{"line":141,"column":103}},"loc":{"start":{"line":141,"column":120},"end":{"line":157,"column":9}},"line":141},"22":{"name":"(anonymous_22)","decl":{"start":{"line":146,"column":41},"end":{"line":146,"column":42}},"loc":{"start":{"line":146,"column":57},"end":{"line":149,"column":11}},"line":146},"23":{"name":"(anonymous_23)","decl":{"start":{"line":166,"column":81},"end":{"line":166,"column":82}},"loc":{"start":{"line":166,"column":93},"end":{"line":187,"column":3}},"line":166},"24":{"name":"(anonymous_24)","decl":{"start":{"line":169,"column":83},"end":{"line":169,"column":84}},"loc":{"start":{"line":169,"column":102},"end":{"line":185,"column":5}},"line":169}},"branchMap":{"0":{"loc":{"start":{"line":46,"column":6},"end":{"line":53,"column":7}},"type":"if","locations":[{"start":{"line":46,"column":6},"end":{"line":53,"column":7}},{"start":{"line":46,"column":6},"end":{"line":53,"column":7}}],"line":46},"1":{"loc":{"start":{"line":72,"column":6},"end":{"line":76,"column":7}},"type":"if","locations":[{"start":{"line":72,"column":6},"end":{"line":76,"column":7}},{"start":{"line":72,"column":6},"end":{"line":76,"column":7}}],"line":72},"2":{"loc":{"start":{"line":84,"column":6},"end":{"line":90,"column":7}},"type":"if","locations":[{"start":{"line":84,"column":6},"end":{"line":90,"column":7}},{"start":{"line":84,"column":6},"end":{"line":90,"column":7}}],"line":84},"3":{"loc":{"start":{"line":128,"column":6},"end":{"line":136,"column":74}},"type":"if","locations":[{"start":{"line":128,"column":6},"end":{"line":136,"column":74}},{"start":{"line":128,"column":6},"end":{"line":136,"column":74}}],"line":128},"4":{"loc":{"start":{"line":140,"column":6},"end":{"line":158,"column":7}},"type":"if","locations":[{"start":{"line":140,"column":6},"end":{"line":158,"column":7}},{"start":{"line":140,"column":6},"end":{"line":158,"column":7}}],"line":140},"5":{"loc":{"start":{"line":170,"column":6},"end":{"line":184,"column":7}},"type":"if","locations":[{"start":{"line":170,"column":6},"end":{"line":184,"column":7}},{"start":{"line":170,"column":6},"end":{"line":184,"column":7}}],"line":170},"6":{"loc":{"start":{"line":173,"column":8},"end":{"line":175,"column":9}},"type":"if","locations":[{"start":{"line":173,"column":8},"end":{"line":175,"column":9}},{"start":{"line":173,"column":8},"end":{"line":175,"column":9}}],"line":173}},"s":{"0":1,"1":1,"2":1,"3":1,"4":1,"5":1,"6":1,"7":1,"8":1,"9":1,"10":1,"11":1,"12":1,"13":1,"14":1,"15":1,"16":1,"17":1,"18":1,"19":1,"20":1,"21":1,"22":1,"23":1,"24":1,"25":1,"26":1,"27":1,"28":1,"29":1,"30":1,"31":1,"32":1,"33":1,"34":1,"35":0,"36":0,"37":1,"38":1,"39":1,"40":1,"41":1,"42":1,"43":1,"44":1,"45":1,"46":1,"47":1,"48":1,"49":1,"50":1,"51":1,"52":0,"53":1,"54":1,"55":1,"56":1,"57":0,"58":0,"59":1,"60":1,"61":1,"62":1,"63":1,"64":1,"65":1,"66":1,"67":1,"68":1,"69":1,"70":1,"71":1,"72":1,"73":1,"74":1,"75":1,"76":1,"77":35,"78":1,"79":1,"80":1,"81":1,"82":1,"83":0,"84":0,"85":0,"86":0,"87":1,"88":1,"89":1,"90":1,"91":0,"92":0,"93":0,"94":0,"95":0,"96":0,"97":0,"98":0,"99":1,"100":1,"101":1,"102":1,"103":1,"104":1,"105":1,"106":1,"107":0,"108":1,"109":1,"110":1,"111":1,"112":0,"113":1},"f":{"0":1,"1":1,"2":1,"3":1,"4":1,"5":1,"6":1,"7":1,"8":1,"9":1,"10":1,"11":1,"12":0,"13":1,"14":1,"15":1,"16":1,"17":1,"18":0,"19":0,"20":1,"21":0,"22":0,"23":1,"24":1},"b":{"0":[0,1],"1":[1,0],"2":[0,1],"3":[0,1],"4":[0,1],"5":[1,0],"6":[0,1]},"_coverageSchema":"1a1c01bbd47fc00a2c39e90264f33305004495a9","hash":"d3d437500438e3185dfb051dda3bfea0f1135f95","contentHash":"9d1f8d929f0848693eb61509b27280ec5cca30d3520993f43d545864e00f48f6"},"F:\\protractor\\Hybrent3.2RC4\\Testcases\\Userfacility\\User_defaultfacility.js":{"path":"F:\\protractor\\Hybrent3.2RC4\\Testcases\\Userfacility\\User_defaultfacility.js","statementMap":{"0":{"start":{"line":1,"column":0},"end":{"line":30,"column":3}},"1":{"start":{"line":2,"column":11},"end":{"line":2,"column":40}},"2":{"start":{"line":3,"column":21},"end":{"line":3,"column":86}},"3":{"start":{"line":4,"column":21},"end":{"line":4,"column":73}},"4":{"start":{"line":5,"column":21},"end":{"line":5,"column":63}},"5":{"start":{"line":6,"column":22},"end":{"line":6,"column":59}},"6":{"start":{"line":7,"column":19},"end":{"line":7,"column":56}},"7":{"start":{"line":8,"column":17},"end":{"line":8,"column":19}},"8":{"start":{"line":9,"column":2},"end":{"line":28,"column":5}},"9":{"start":{"line":10,"column":4},"end":{"line":10,"column":24}},"10":{"start":{"line":11,"column":4},"end":{"line":11,"column":25}},"11":{"start":{"line":12,"column":4},"end":{"line":12,"column":25}},"12":{"start":{"line":13,"column":4},"end":{"line":19,"column":6}},"13":{"start":{"line":14,"column":6},"end":{"line":14,"column":61}},"14":{"start":{"line":15,"column":6},"end":{"line":15,"column":51}},"15":{"start":{"line":16,"column":6},"end":{"line":16,"column":26}},"16":{"start":{"line":17,"column":6},"end":{"line":17,"column":48}},"17":{"start":{"line":18,"column":6},"end":{"line":18,"column":57}},"18":{"start":{"line":21,"column":4},"end":{"line":27,"column":6}},"19":{"start":{"line":22,"column":6},"end":{"line":22,"column":61}},"20":{"start":{"line":23,"column":6},"end":{"line":23,"column":51}},"21":{"start":{"line":24,"column":6},"end":{"line":24,"column":26}},"22":{"start":{"line":25,"column":6},"end":{"line":25,"column":48}},"23":{"start":{"line":26,"column":6},"end":{"line":26,"column":57}}},"fnMap":{"0":{"name":"(anonymous_0)","decl":{"start":{"line":1,"column":34},"end":{"line":1,"column":35}},"loc":{"start":{"line":1,"column":46},"end":{"line":30,"column":1}},"line":1},"1":{"name":"(anonymous_1)","decl":{"start":{"line":9,"column":33},"end":{"line":9,"column":34}},"loc":{"start":{"line":9,"column":45},"end":{"line":28,"column":3}},"line":9},"2":{"name":"(anonymous_2)","decl":{"start":{"line":13,"column":51},"end":{"line":13,"column":52}},"loc":{"start":{"line":13,"column":76},"end":{"line":19,"column":5}},"line":13},"3":{"name":"(anonymous_3)","decl":{"start":{"line":21,"column":52},"end":{"line":21,"column":53}},"loc":{"start":{"line":21,"column":77},"end":{"line":27,"column":5}},"line":21}},"branchMap":{},"s":{"0":1,"1":1,"2":1,"3":1,"4":1,"5":1,"6":1,"7":1,"8":1,"9":1,"10":1,"11":1,"12":1,"13":1,"14":1,"15":1,"16":1,"17":1,"18":1,"19":1,"20":1,"21":1,"22":1,"23":1},"f":{"0":1,"1":1,"2":1,"3":1},"b":{},"_coverageSchema":"1a1c01bbd47fc00a2c39e90264f33305004495a9","hash":"cb7148e36ec08e6ab110a602642d020b995c810d","contentHash":"93e3d95cb3046cdd06943cbc1de9bcdf4d1f213d412737fc9bf5169a3ba4cb4b"},"F:\\protractor\\Hybrent3.2RC4\\Testcases\\ItemCatalog\\Itemsection.js":{"path":"F:\\protractor\\Hybrent3.2RC4\\Testcases\\ItemCatalog\\Itemsection.js","statementMap":{"0":{"start":{"line":1,"column":0},"end":{"line":496,"column":3}},"1":{"start":{"line":3,"column":11},"end":{"line":3,"column":40}},"2":{"start":{"line":4,"column":26},"end":{"line":4,"column":70}},"3":{"start":{"line":5,"column":26},"end":{"line":5,"column":70}},"4":{"start":{"line":6,"column":27},"end":{"line":6,"column":72}},"5":{"start":{"line":7,"column":27},"end":{"line":7,"column":72}},"6":{"start":{"line":8,"column":22},"end":{"line":8,"column":62}},"7":{"start":{"line":9,"column":22},"end":{"line":9,"column":62}},"8":{"start":{"line":10,"column":23},"end":{"line":10,"column":64}},"9":{"start":{"line":11,"column":20},"end":{"line":11,"column":58}},"10":{"start":{"line":12,"column":20},"end":{"line":12,"column":58}},"11":{"start":{"line":13,"column":21},"end":{"line":13,"column":60}},"12":{"start":{"line":14,"column":26},"end":{"line":14,"column":70}},"13":{"start":{"line":15,"column":26},"end":{"line":15,"column":70}},"14":{"start":{"line":16,"column":21},"end":{"line":16,"column":60}},"15":{"start":{"line":17,"column":15},"end":{"line":17,"column":48}},"16":{"start":{"line":18,"column":24},"end":{"line":18,"column":66}},"17":{"start":{"line":19,"column":17},"end":{"line":19,"column":52}},"18":{"start":{"line":20,"column":28},"end":{"line":20,"column":66}},"19":{"start":{"line":21,"column":20},"end":{"line":21,"column":58}},"20":{"start":{"line":22,"column":24},"end":{"line":22,"column":66}},"21":{"start":{"line":23,"column":18},"end":{"line":23,"column":54}},"22":{"start":{"line":24,"column":19},"end":{"line":24,"column":56}},"23":{"start":{"line":25,"column":21},"end":{"line":25,"column":87}},"24":{"start":{"line":26,"column":21},"end":{"line":26,"column":79}},"25":{"start":{"line":27,"column":21},"end":{"line":27,"column":63}},"26":{"start":{"line":28,"column":17},"end":{"line":28,"column":45}},"27":{"start":{"line":29,"column":16},"end":{"line":29,"column":50}},"28":{"start":{"line":30,"column":22},"end":{"line":30,"column":62}},"29":{"start":{"line":31,"column":18},"end":{"line":31,"column":54}},"30":{"start":{"line":32,"column":16},"end":{"line":32,"column":50}},"31":{"start":{"line":33,"column":12},"end":{"line":33,"column":39}},"32":{"start":{"line":34,"column":20},"end":{"line":34,"column":58}},"33":{"start":{"line":35,"column":16},"end":{"line":35,"column":50}},"34":{"start":{"line":36,"column":21},"end":{"line":36,"column":69}},"35":{"start":{"line":37,"column":23},"end":{"line":37,"column":51}},"36":{"start":{"line":40,"column":2},"end":{"line":46,"column":5}},"37":{"start":{"line":41,"column":4},"end":{"line":41,"column":75}},"38":{"start":{"line":42,"column":4},"end":{"line":42,"column":46}},"39":{"start":{"line":43,"column":4},"end":{"line":43,"column":24}},"40":{"start":{"line":44,"column":4},"end":{"line":44,"column":50}},"41":{"start":{"line":45,"column":4},"end":{"line":45,"column":63}},"42":{"start":{"line":48,"column":2},"end":{"line":59,"column":5}},"43":{"start":{"line":49,"column":4},"end":{"line":49,"column":24}},"44":{"start":{"line":50,"column":4},"end":{"line":50,"column":79}},"45":{"start":{"line":51,"column":4},"end":{"line":51,"column":78}},"46":{"start":{"line":52,"column":4},"end":{"line":52,"column":82}},"47":{"start":{"line":53,"column":4},"end":{"line":53,"column":140}},"48":{"start":{"line":54,"column":4},"end":{"line":54,"column":81}},"49":{"start":{"line":55,"column":4},"end":{"line":55,"column":76}},"50":{"start":{"line":56,"column":4},"end":{"line":56,"column":140}},"51":{"start":{"line":57,"column":4},"end":{"line":57,"column":85}},"52":{"start":{"line":58,"column":4},"end":{"line":58,"column":88}},"53":{"start":{"line":61,"column":2},"end":{"line":69,"column":5}},"54":{"start":{"line":62,"column":4},"end":{"line":67,"column":7}},"55":{"start":{"line":64,"column":6},"end":{"line":64,"column":26}},"56":{"start":{"line":65,"column":21},"end":{"line":65,"column":27}},"57":{"start":{"line":66,"column":6},"end":{"line":66,"column":74}},"58":{"start":{"line":71,"column":2},"end":{"line":79,"column":5}},"59":{"start":{"line":72,"column":4},"end":{"line":77,"column":7}},"60":{"start":{"line":74,"column":6},"end":{"line":74,"column":26}},"61":{"start":{"line":75,"column":21},"end":{"line":75,"column":27}},"62":{"start":{"line":76,"column":6},"end":{"line":76,"column":81}},"63":{"start":{"line":81,"column":2},"end":{"line":89,"column":5}},"64":{"start":{"line":82,"column":4},"end":{"line":87,"column":7}},"65":{"start":{"line":84,"column":6},"end":{"line":84,"column":26}},"66":{"start":{"line":85,"column":21},"end":{"line":85,"column":27}},"67":{"start":{"line":86,"column":6},"end":{"line":86,"column":121}},"68":{"start":{"line":91,"column":2},"end":{"line":99,"column":5}},"69":{"start":{"line":92,"column":4},"end":{"line":97,"column":7}},"70":{"start":{"line":94,"column":6},"end":{"line":94,"column":26}},"71":{"start":{"line":95,"column":21},"end":{"line":95,"column":27}},"72":{"start":{"line":96,"column":6},"end":{"line":96,"column":128}},"73":{"start":{"line":101,"column":2},"end":{"line":109,"column":5}},"74":{"start":{"line":102,"column":4},"end":{"line":107,"column":7}},"75":{"start":{"line":104,"column":6},"end":{"line":104,"column":26}},"76":{"start":{"line":105,"column":21},"end":{"line":105,"column":27}},"77":{"start":{"line":106,"column":6},"end":{"line":106,"column":98}},"78":{"start":{"line":111,"column":2},"end":{"line":139,"column":5}},"79":{"start":{"line":112,"column":4},"end":{"line":112,"column":24}},"80":{"start":{"line":113,"column":4},"end":{"line":113,"column":80}},"81":{"start":{"line":114,"column":4},"end":{"line":114,"column":24}},"82":{"start":{"line":115,"column":4},"end":{"line":115,"column":51}},"83":{"start":{"line":116,"column":4},"end":{"line":116,"column":24}},"84":{"start":{"line":117,"column":4},"end":{"line":117,"column":79}},"85":{"start":{"line":118,"column":4},"end":{"line":118,"column":72}},"86":{"start":{"line":119,"column":4},"end":{"line":119,"column":56}},"87":{"start":{"line":120,"column":4},"end":{"line":120,"column":83}},"88":{"start":{"line":121,"column":4},"end":{"line":121,"column":45}},"89":{"start":{"line":123,"column":4},"end":{"line":123,"column":108}},"90":{"start":{"line":124,"column":4},"end":{"line":124,"column":94}},"91":{"start":{"line":125,"column":4},"end":{"line":125,"column":24}},"92":{"start":{"line":126,"column":4},"end":{"line":126,"column":81}},"93":{"start":{"line":127,"column":4},"end":{"line":127,"column":44}},"94":{"start":{"line":128,"column":4},"end":{"line":128,"column":44}},"95":{"start":{"line":129,"column":4},"end":{"line":129,"column":45}},"96":{"start":{"line":130,"column":4},"end":{"line":130,"column":93}},"97":{"start":{"line":131,"column":4},"end":{"line":131,"column":62}},"98":{"start":{"line":132,"column":4},"end":{"line":132,"column":43}},"99":{"start":{"line":133,"column":4},"end":{"line":133,"column":24}},"100":{"start":{"line":134,"column":4},"end":{"line":134,"column":78}},"101":{"start":{"line":135,"column":4},"end":{"line":135,"column":79}},"102":{"start":{"line":136,"column":4},"end":{"line":136,"column":24}},"103":{"start":{"line":137,"column":4},"end":{"line":137,"column":81}},"104":{"start":{"line":138,"column":4},"end":{"line":138,"column":24}},"105":{"start":{"line":141,"column":2},"end":{"line":180,"column":5}},"106":{"start":{"line":142,"column":4},"end":{"line":142,"column":84}},"107":{"start":{"line":143,"column":4},"end":{"line":143,"column":24}},"108":{"start":{"line":144,"column":4},"end":{"line":144,"column":45}},"109":{"start":{"line":145,"column":4},"end":{"line":145,"column":24}},"110":{"start":{"line":146,"column":4},"end":{"line":179,"column":7}},"111":{"start":{"line":147,"column":6},"end":{"line":152,"column":8}},"112":{"start":{"line":149,"column":8},"end":{"line":149,"column":51}},"113":{"start":{"line":150,"column":8},"end":{"line":150,"column":26}},"114":{"start":{"line":153,"column":6},"end":{"line":153,"column":26}},"115":{"start":{"line":154,"column":6},"end":{"line":154,"column":77}},"116":{"start":{"line":155,"column":6},"end":{"line":155,"column":26}},"117":{"start":{"line":156,"column":6},"end":{"line":156,"column":114}},"118":{"start":{"line":157,"column":6},"end":{"line":157,"column":92}},"119":{"start":{"line":158,"column":6},"end":{"line":158,"column":47}},"120":{"start":{"line":159,"column":6},"end":{"line":159,"column":26}},"121":{"start":{"line":160,"column":6},"end":{"line":162,"column":8}},"122":{"start":{"line":161,"column":8},"end":{"line":161,"column":61}},"123":{"start":{"line":163,"column":6},"end":{"line":163,"column":26}},"124":{"start":{"line":164,"column":6},"end":{"line":164,"column":81}},"125":{"start":{"line":165,"column":6},"end":{"line":165,"column":56}},"126":{"start":{"line":166,"column":6},"end":{"line":166,"column":26}},"127":{"start":{"line":167,"column":6},"end":{"line":167,"column":59}},"128":{"start":{"line":168,"column":6},"end":{"line":168,"column":26}},"129":{"start":{"line":169,"column":6},"end":{"line":169,"column":58}},"130":{"start":{"line":170,"column":6},"end":{"line":170,"column":45}},"131":{"start":{"line":171,"column":6},"end":{"line":171,"column":26}},"132":{"start":{"line":172,"column":6},"end":{"line":172,"column":80}},"133":{"start":{"line":178,"column":6},"end":{"line":178,"column":67}},"134":{"start":{"line":182,"column":2},"end":{"line":222,"column":5}},"135":{"start":{"line":183,"column":4},"end":{"line":183,"column":24}},"136":{"start":{"line":184,"column":4},"end":{"line":184,"column":80}},"137":{"start":{"line":185,"column":4},"end":{"line":185,"column":24}},"138":{"start":{"line":186,"column":4},"end":{"line":186,"column":51}},"139":{"start":{"line":187,"column":4},"end":{"line":187,"column":24}},"140":{"start":{"line":188,"column":4},"end":{"line":188,"column":83}},"141":{"start":{"line":189,"column":4},"end":{"line":189,"column":73}},"142":{"start":{"line":190,"column":4},"end":{"line":190,"column":82}},"143":{"start":{"line":192,"column":4},"end":{"line":192,"column":24}},"144":{"start":{"line":193,"column":4},"end":{"line":193,"column":56}},"145":{"start":{"line":194,"column":4},"end":{"line":194,"column":82}},"146":{"start":{"line":195,"column":4},"end":{"line":195,"column":45}},"147":{"start":{"line":196,"column":4},"end":{"line":196,"column":24}},"148":{"start":{"line":197,"column":14},"end":{"line":197,"column":102}},"149":{"start":{"line":198,"column":4},"end":{"line":198,"column":16}},"150":{"start":{"line":199,"column":4},"end":{"line":199,"column":24}},"151":{"start":{"line":200,"column":17},"end":{"line":200,"column":105}},"152":{"start":{"line":201,"column":4},"end":{"line":201,"column":19}},"153":{"start":{"line":202,"column":4},"end":{"line":202,"column":24}},"154":{"start":{"line":203,"column":26},"end":{"line":203,"column":114}},"155":{"start":{"line":204,"column":4},"end":{"line":204,"column":28}},"156":{"start":{"line":205,"column":4},"end":{"line":205,"column":24}},"157":{"start":{"line":206,"column":4},"end":{"line":206,"column":94}},"158":{"start":{"line":207,"column":4},"end":{"line":207,"column":24}},"159":{"start":{"line":208,"column":4},"end":{"line":208,"column":81}},"160":{"start":{"line":209,"column":4},"end":{"line":209,"column":44}},"161":{"start":{"line":210,"column":4},"end":{"line":210,"column":44}},"162":{"start":{"line":211,"column":4},"end":{"line":211,"column":45}},"163":{"start":{"line":212,"column":4},"end":{"line":212,"column":93}},"164":{"start":{"line":213,"column":4},"end":{"line":213,"column":66}},"165":{"start":{"line":214,"column":4},"end":{"line":214,"column":43}},"166":{"start":{"line":215,"column":4},"end":{"line":215,"column":24}},"167":{"start":{"line":216,"column":4},"end":{"line":216,"column":78}},"168":{"start":{"line":217,"column":4},"end":{"line":217,"column":79}},"169":{"start":{"line":218,"column":4},"end":{"line":218,"column":24}},"170":{"start":{"line":219,"column":4},"end":{"line":219,"column":81}},"171":{"start":{"line":224,"column":2},"end":{"line":264,"column":5}},"172":{"start":{"line":225,"column":4},"end":{"line":225,"column":24}},"173":{"start":{"line":226,"column":4},"end":{"line":226,"column":88}},"174":{"start":{"line":227,"column":4},"end":{"line":227,"column":24}},"175":{"start":{"line":228,"column":4},"end":{"line":228,"column":45}},"176":{"start":{"line":229,"column":4},"end":{"line":229,"column":24}},"177":{"start":{"line":230,"column":4},"end":{"line":263,"column":7}},"178":{"start":{"line":231,"column":6},"end":{"line":236,"column":8}},"179":{"start":{"line":233,"column":8},"end":{"line":233,"column":61}},"180":{"start":{"line":234,"column":8},"end":{"line":234,"column":26}},"181":{"start":{"line":237,"column":6},"end":{"line":237,"column":26}},"182":{"start":{"line":238,"column":6},"end":{"line":238,"column":77}},"183":{"start":{"line":239,"column":6},"end":{"line":239,"column":26}},"184":{"start":{"line":240,"column":6},"end":{"line":240,"column":114}},"185":{"start":{"line":241,"column":6},"end":{"line":241,"column":92}},"186":{"start":{"line":242,"column":6},"end":{"line":242,"column":47}},"187":{"start":{"line":243,"column":6},"end":{"line":243,"column":26}},"188":{"start":{"line":244,"column":6},"end":{"line":246,"column":8}},"189":{"start":{"line":245,"column":8},"end":{"line":245,"column":61}},"190":{"start":{"line":247,"column":6},"end":{"line":247,"column":26}},"191":{"start":{"line":248,"column":6},"end":{"line":248,"column":81}},"192":{"start":{"line":249,"column":6},"end":{"line":249,"column":56}},"193":{"start":{"line":250,"column":6},"end":{"line":250,"column":26}},"194":{"start":{"line":251,"column":6},"end":{"line":251,"column":59}},"195":{"start":{"line":252,"column":6},"end":{"line":252,"column":26}},"196":{"start":{"line":253,"column":6},"end":{"line":253,"column":58}},"197":{"start":{"line":254,"column":6},"end":{"line":254,"column":45}},"198":{"start":{"line":255,"column":6},"end":{"line":255,"column":26}},"199":{"start":{"line":256,"column":6},"end":{"line":256,"column":80}},"200":{"start":{"line":262,"column":6},"end":{"line":262,"column":67}},"201":{"start":{"line":266,"column":2},"end":{"line":305,"column":5}},"202":{"start":{"line":267,"column":4},"end":{"line":267,"column":80}},"203":{"start":{"line":268,"column":4},"end":{"line":268,"column":51}},"204":{"start":{"line":269,"column":4},"end":{"line":269,"column":24}},"205":{"start":{"line":270,"column":4},"end":{"line":270,"column":77}},"206":{"start":{"line":271,"column":4},"end":{"line":271,"column":73}},"207":{"start":{"line":272,"column":4},"end":{"line":272,"column":71}},"208":{"start":{"line":274,"column":4},"end":{"line":274,"column":24}},"209":{"start":{"line":275,"column":4},"end":{"line":275,"column":56}},"210":{"start":{"line":276,"column":4},"end":{"line":276,"column":82}},"211":{"start":{"line":277,"column":4},"end":{"line":277,"column":45}},"212":{"start":{"line":278,"column":4},"end":{"line":278,"column":24}},"213":{"start":{"line":279,"column":14},"end":{"line":279,"column":102}},"214":{"start":{"line":280,"column":4},"end":{"line":280,"column":16}},"215":{"start":{"line":281,"column":4},"end":{"line":281,"column":24}},"216":{"start":{"line":282,"column":17},"end":{"line":282,"column":105}},"217":{"start":{"line":283,"column":4},"end":{"line":283,"column":19}},"218":{"start":{"line":284,"column":4},"end":{"line":284,"column":24}},"219":{"start":{"line":285,"column":26},"end":{"line":285,"column":114}},"220":{"start":{"line":286,"column":4},"end":{"line":286,"column":28}},"221":{"start":{"line":287,"column":4},"end":{"line":287,"column":24}},"222":{"start":{"line":288,"column":4},"end":{"line":288,"column":108}},"223":{"start":{"line":289,"column":4},"end":{"line":289,"column":94}},"224":{"start":{"line":290,"column":4},"end":{"line":290,"column":24}},"225":{"start":{"line":291,"column":4},"end":{"line":291,"column":81}},"226":{"start":{"line":292,"column":4},"end":{"line":292,"column":44}},"227":{"start":{"line":293,"column":4},"end":{"line":293,"column":44}},"228":{"start":{"line":294,"column":4},"end":{"line":294,"column":45}},"229":{"start":{"line":295,"column":4},"end":{"line":295,"column":93}},"230":{"start":{"line":296,"column":4},"end":{"line":296,"column":62}},"231":{"start":{"line":297,"column":4},"end":{"line":297,"column":43}},"232":{"start":{"line":298,"column":4},"end":{"line":298,"column":24}},"233":{"start":{"line":299,"column":4},"end":{"line":299,"column":78}},"234":{"start":{"line":300,"column":4},"end":{"line":300,"column":79}},"235":{"start":{"line":301,"column":4},"end":{"line":301,"column":24}},"236":{"start":{"line":302,"column":4},"end":{"line":302,"column":81}},"237":{"start":{"line":307,"column":2},"end":{"line":347,"column":5}},"238":{"start":{"line":308,"column":4},"end":{"line":308,"column":24}},"239":{"start":{"line":309,"column":4},"end":{"line":309,"column":84}},"240":{"start":{"line":310,"column":4},"end":{"line":310,"column":24}},"241":{"start":{"line":311,"column":4},"end":{"line":311,"column":45}},"242":{"start":{"line":312,"column":4},"end":{"line":312,"column":24}},"243":{"start":{"line":313,"column":4},"end":{"line":346,"column":7}},"244":{"start":{"line":314,"column":6},"end":{"line":319,"column":8}},"245":{"start":{"line":316,"column":8},"end":{"line":316,"column":50}},"246":{"start":{"line":317,"column":8},"end":{"line":317,"column":26}},"247":{"start":{"line":320,"column":6},"end":{"line":320,"column":26}},"248":{"start":{"line":321,"column":6},"end":{"line":321,"column":77}},"249":{"start":{"line":322,"column":6},"end":{"line":322,"column":26}},"250":{"start":{"line":323,"column":6},"end":{"line":323,"column":114}},"251":{"start":{"line":324,"column":6},"end":{"line":324,"column":92}},"252":{"start":{"line":325,"column":6},"end":{"line":325,"column":47}},"253":{"start":{"line":326,"column":6},"end":{"line":326,"column":26}},"254":{"start":{"line":327,"column":6},"end":{"line":329,"column":8}},"255":{"start":{"line":328,"column":8},"end":{"line":328,"column":61}},"256":{"start":{"line":330,"column":6},"end":{"line":330,"column":26}},"257":{"start":{"line":331,"column":6},"end":{"line":331,"column":81}},"258":{"start":{"line":332,"column":6},"end":{"line":332,"column":56}},"259":{"start":{"line":333,"column":6},"end":{"line":333,"column":26}},"260":{"start":{"line":334,"column":6},"end":{"line":334,"column":59}},"261":{"start":{"line":335,"column":6},"end":{"line":335,"column":26}},"262":{"start":{"line":336,"column":6},"end":{"line":336,"column":58}},"263":{"start":{"line":337,"column":6},"end":{"line":337,"column":45}},"264":{"start":{"line":338,"column":6},"end":{"line":338,"column":26}},"265":{"start":{"line":339,"column":6},"end":{"line":339,"column":80}},"266":{"start":{"line":345,"column":6},"end":{"line":345,"column":67}},"267":{"start":{"line":350,"column":2},"end":{"line":380,"column":5}},"268":{"start":{"line":351,"column":4},"end":{"line":351,"column":80}},"269":{"start":{"line":352,"column":4},"end":{"line":352,"column":51}},"270":{"start":{"line":353,"column":4},"end":{"line":353,"column":24}},"271":{"start":{"line":354,"column":4},"end":{"line":354,"column":84}},"272":{"start":{"line":355,"column":4},"end":{"line":355,"column":74}},"273":{"start":{"line":356,"column":4},"end":{"line":356,"column":77}},"274":{"start":{"line":358,"column":4},"end":{"line":358,"column":24}},"275":{"start":{"line":359,"column":4},"end":{"line":359,"column":56}},"276":{"start":{"line":360,"column":4},"end":{"line":360,"column":82}},"277":{"start":{"line":361,"column":4},"end":{"line":361,"column":45}},"278":{"start":{"line":362,"column":4},"end":{"line":362,"column":24}},"279":{"start":{"line":363,"column":4},"end":{"line":363,"column":108}},"280":{"start":{"line":364,"column":4},"end":{"line":364,"column":94}},"281":{"start":{"line":365,"column":4},"end":{"line":365,"column":24}},"282":{"start":{"line":366,"column":4},"end":{"line":366,"column":87}},"283":{"start":{"line":367,"column":4},"end":{"line":367,"column":44}},"284":{"start":{"line":368,"column":4},"end":{"line":368,"column":44}},"285":{"start":{"line":369,"column":4},"end":{"line":369,"column":45}},"286":{"start":{"line":370,"column":4},"end":{"line":370,"column":93}},"287":{"start":{"line":371,"column":4},"end":{"line":371,"column":67}},"288":{"start":{"line":372,"column":4},"end":{"line":372,"column":43}},"289":{"start":{"line":373,"column":4},"end":{"line":373,"column":24}},"290":{"start":{"line":374,"column":4},"end":{"line":374,"column":78}},"291":{"start":{"line":375,"column":4},"end":{"line":375,"column":79}},"292":{"start":{"line":376,"column":4},"end":{"line":376,"column":24}},"293":{"start":{"line":377,"column":4},"end":{"line":377,"column":81}},"294":{"start":{"line":382,"column":2},"end":{"line":422,"column":5}},"295":{"start":{"line":383,"column":4},"end":{"line":383,"column":24}},"296":{"start":{"line":384,"column":4},"end":{"line":384,"column":89}},"297":{"start":{"line":385,"column":4},"end":{"line":385,"column":24}},"298":{"start":{"line":386,"column":4},"end":{"line":386,"column":45}},"299":{"start":{"line":387,"column":4},"end":{"line":387,"column":24}},"300":{"start":{"line":388,"column":4},"end":{"line":421,"column":7}},"301":{"start":{"line":389,"column":6},"end":{"line":394,"column":8}},"302":{"start":{"line":391,"column":8},"end":{"line":391,"column":56}},"303":{"start":{"line":392,"column":8},"end":{"line":392,"column":26}},"304":{"start":{"line":395,"column":6},"end":{"line":395,"column":26}},"305":{"start":{"line":396,"column":6},"end":{"line":396,"column":77}},"306":{"start":{"line":397,"column":6},"end":{"line":397,"column":26}},"307":{"start":{"line":398,"column":6},"end":{"line":398,"column":114}},"308":{"start":{"line":399,"column":6},"end":{"line":399,"column":92}},"309":{"start":{"line":400,"column":6},"end":{"line":400,"column":47}},"310":{"start":{"line":401,"column":6},"end":{"line":401,"column":26}},"311":{"start":{"line":402,"column":6},"end":{"line":404,"column":8}},"312":{"start":{"line":403,"column":8},"end":{"line":403,"column":61}},"313":{"start":{"line":405,"column":6},"end":{"line":405,"column":26}},"314":{"start":{"line":406,"column":6},"end":{"line":406,"column":81}},"315":{"start":{"line":407,"column":6},"end":{"line":407,"column":56}},"316":{"start":{"line":408,"column":6},"end":{"line":408,"column":26}},"317":{"start":{"line":409,"column":6},"end":{"line":409,"column":59}},"318":{"start":{"line":410,"column":6},"end":{"line":410,"column":26}},"319":{"start":{"line":411,"column":6},"end":{"line":411,"column":58}},"320":{"start":{"line":412,"column":6},"end":{"line":412,"column":45}},"321":{"start":{"line":413,"column":6},"end":{"line":413,"column":26}},"322":{"start":{"line":414,"column":6},"end":{"line":414,"column":80}},"323":{"start":{"line":420,"column":6},"end":{"line":420,"column":67}},"324":{"start":{"line":424,"column":2},"end":{"line":440,"column":5}},"325":{"start":{"line":425,"column":4},"end":{"line":425,"column":67}},"326":{"start":{"line":426,"column":4},"end":{"line":426,"column":54}},"327":{"start":{"line":427,"column":4},"end":{"line":427,"column":24}},"328":{"start":{"line":428,"column":4},"end":{"line":428,"column":74}},"329":{"start":{"line":429,"column":4},"end":{"line":429,"column":77}},"330":{"start":{"line":430,"column":4},"end":{"line":430,"column":77}},"331":{"start":{"line":431,"column":4},"end":{"line":431,"column":96}},"332":{"start":{"line":433,"column":4},"end":{"line":433,"column":24}},"333":{"start":{"line":434,"column":4},"end":{"line":434,"column":43}},"334":{"start":{"line":435,"column":4},"end":{"line":435,"column":24}},"335":{"start":{"line":436,"column":4},"end":{"line":436,"column":81}},"336":{"start":{"line":437,"column":4},"end":{"line":437,"column":79}},"337":{"start":{"line":438,"column":4},"end":{"line":438,"column":24}},"338":{"start":{"line":439,"column":4},"end":{"line":439,"column":81}},"339":{"start":{"line":442,"column":2},"end":{"line":476,"column":5}},"340":{"start":{"line":443,"column":4},"end":{"line":443,"column":24}},"341":{"start":{"line":444,"column":4},"end":{"line":444,"column":85}},"342":{"start":{"line":445,"column":4},"end":{"line":445,"column":24}},"343":{"start":{"line":446,"column":4},"end":{"line":446,"column":45}},"344":{"start":{"line":447,"column":4},"end":{"line":447,"column":24}},"345":{"start":{"line":448,"column":4},"end":{"line":475,"column":7}},"346":{"start":{"line":449,"column":6},"end":{"line":454,"column":8}},"347":{"start":{"line":451,"column":8},"end":{"line":451,"column":52}},"348":{"start":{"line":452,"column":8},"end":{"line":452,"column":26}},"349":{"start":{"line":455,"column":6},"end":{"line":455,"column":26}},"350":{"start":{"line":456,"column":6},"end":{"line":456,"column":77}},"351":{"start":{"line":457,"column":6},"end":{"line":457,"column":26}},"352":{"start":{"line":458,"column":6},"end":{"line":458,"column":114}},"353":{"start":{"line":459,"column":6},"end":{"line":459,"column":92}},"354":{"start":{"line":460,"column":6},"end":{"line":460,"column":47}},"355":{"start":{"line":461,"column":6},"end":{"line":461,"column":26}},"356":{"start":{"line":462,"column":6},"end":{"line":464,"column":8}},"357":{"start":{"line":463,"column":8},"end":{"line":463,"column":61}},"358":{"start":{"line":465,"column":6},"end":{"line":465,"column":26}},"359":{"start":{"line":466,"column":6},"end":{"line":466,"column":81}},"360":{"start":{"line":467,"column":6},"end":{"line":467,"column":56}},"361":{"start":{"line":468,"column":6},"end":{"line":468,"column":26}},"362":{"start":{"line":469,"column":6},"end":{"line":469,"column":58}},"363":{"start":{"line":470,"column":6},"end":{"line":470,"column":45}},"364":{"start":{"line":471,"column":6},"end":{"line":471,"column":26}},"365":{"start":{"line":472,"column":6},"end":{"line":472,"column":80}},"366":{"start":{"line":474,"column":6},"end":{"line":474,"column":67}}},"fnMap":{"0":{"name":"(anonymous_0)","decl":{"start":{"line":1,"column":40},"end":{"line":1,"column":41}},"loc":{"start":{"line":1,"column":52},"end":{"line":496,"column":1}},"line":1},"1":{"name":"(anonymous_1)","decl":{"start":{"line":40,"column":38},"end":{"line":40,"column":39}},"loc":{"start":{"line":40,"column":50},"end":{"line":46,"column":3}},"line":40},"2":{"name":"(anonymous_2)","decl":{"start":{"line":48,"column":62},"end":{"line":48,"column":63}},"loc":{"start":{"line":48,"column":74},"end":{"line":59,"column":3}},"line":48},"3":{"name":"(anonymous_3)","decl":{"start":{"line":61,"column":75},"end":{"line":61,"column":76}},"loc":{"start":{"line":61,"column":87},"end":{"line":69,"column":3}},"line":61},"4":{"name":"(anonymous_4)","decl":{"start":{"line":63,"column":45},"end":{"line":63,"column":46}},"loc":{"start":{"line":63,"column":63},"end":{"line":67,"column":5}},"line":63},"5":{"name":"(anonymous_5)","decl":{"start":{"line":71,"column":98},"end":{"line":71,"column":99}},"loc":{"start":{"line":71,"column":110},"end":{"line":79,"column":3}},"line":71},"6":{"name":"(anonymous_6)","decl":{"start":{"line":73,"column":45},"end":{"line":73,"column":46}},"loc":{"start":{"line":73,"column":63},"end":{"line":77,"column":5}},"line":73},"7":{"name":"(anonymous_7)","decl":{"start":{"line":81,"column":71},"end":{"line":81,"column":72}},"loc":{"start":{"line":81,"column":83},"end":{"line":89,"column":3}},"line":81},"8":{"name":"(anonymous_8)","decl":{"start":{"line":83,"column":45},"end":{"line":83,"column":46}},"loc":{"start":{"line":83,"column":63},"end":{"line":87,"column":5}},"line":83},"9":{"name":"(anonymous_9)","decl":{"start":{"line":91,"column":80},"end":{"line":91,"column":81}},"loc":{"start":{"line":91,"column":92},"end":{"line":99,"column":3}},"line":91},"10":{"name":"(anonymous_10)","decl":{"start":{"line":93,"column":45},"end":{"line":93,"column":46}},"loc":{"start":{"line":93,"column":63},"end":{"line":97,"column":5}},"line":93},"11":{"name":"(anonymous_11)","decl":{"start":{"line":101,"column":86},"end":{"line":101,"column":87}},"loc":{"start":{"line":101,"column":98},"end":{"line":109,"column":3}},"line":101},"12":{"name":"(anonymous_12)","decl":{"start":{"line":103,"column":45},"end":{"line":103,"column":46}},"loc":{"start":{"line":103,"column":63},"end":{"line":107,"column":5}},"line":103},"13":{"name":"(anonymous_13)","decl":{"start":{"line":111,"column":21},"end":{"line":111,"column":22}},"loc":{"start":{"line":111,"column":33},"end":{"line":139,"column":3}},"line":111},"14":{"name":"(anonymous_14)","decl":{"start":{"line":141,"column":94},"end":{"line":141,"column":95}},"loc":{"start":{"line":141,"column":106},"end":{"line":180,"column":3}},"line":141},"15":{"name":"(anonymous_15)","decl":{"start":{"line":146,"column":51},"end":{"line":146,"column":52}},"loc":{"start":{"line":146,"column":78},"end":{"line":179,"column":5}},"line":146},"16":{"name":"(anonymous_16)","decl":{"start":{"line":147,"column":62},"end":{"line":147,"column":63}},"loc":{"start":{"line":147,"column":78},"end":{"line":152,"column":7}},"line":147},"17":{"name":"(anonymous_17)","decl":{"start":{"line":160,"column":52},"end":{"line":160,"column":53}},"loc":{"start":{"line":160,"column":68},"end":{"line":162,"column":7}},"line":160},"18":{"name":"(anonymous_18)","decl":{"start":{"line":182,"column":25},"end":{"line":182,"column":26}},"loc":{"start":{"line":182,"column":37},"end":{"line":222,"column":3}},"line":182},"19":{"name":"(anonymous_19)","decl":{"start":{"line":224,"column":98},"end":{"line":224,"column":99}},"loc":{"start":{"line":224,"column":110},"end":{"line":264,"column":3}},"line":224},"20":{"name":"(anonymous_20)","decl":{"start":{"line":230,"column":51},"end":{"line":230,"column":52}},"loc":{"start":{"line":230,"column":78},"end":{"line":263,"column":5}},"line":230},"21":{"name":"(anonymous_21)","decl":{"start":{"line":231,"column":62},"end":{"line":231,"column":63}},"loc":{"start":{"line":231,"column":78},"end":{"line":236,"column":7}},"line":231},"22":{"name":"(anonymous_22)","decl":{"start":{"line":244,"column":52},"end":{"line":244,"column":53}},"loc":{"start":{"line":244,"column":68},"end":{"line":246,"column":7}},"line":244},"23":{"name":"(anonymous_23)","decl":{"start":{"line":266,"column":29},"end":{"line":266,"column":30}},"loc":{"start":{"line":266,"column":41},"end":{"line":305,"column":3}},"line":266},"24":{"name":"(anonymous_24)","decl":{"start":{"line":307,"column":88},"end":{"line":307,"column":89}},"loc":{"start":{"line":307,"column":100},"end":{"line":347,"column":3}},"line":307},"25":{"name":"(anonymous_25)","decl":{"start":{"line":313,"column":51},"end":{"line":313,"column":52}},"loc":{"start":{"line":313,"column":78},"end":{"line":346,"column":5}},"line":313},"26":{"name":"(anonymous_26)","decl":{"start":{"line":314,"column":62},"end":{"line":314,"column":63}},"loc":{"start":{"line":314,"column":78},"end":{"line":319,"column":7}},"line":314},"27":{"name":"(anonymous_27)","decl":{"start":{"line":327,"column":52},"end":{"line":327,"column":53}},"loc":{"start":{"line":327,"column":68},"end":{"line":329,"column":7}},"line":327},"28":{"name":"(anonymous_28)","decl":{"start":{"line":350,"column":27},"end":{"line":350,"column":28}},"loc":{"start":{"line":350,"column":39},"end":{"line":380,"column":3}},"line":350},"29":{"name":"(anonymous_29)","decl":{"start":{"line":382,"column":86},"end":{"line":382,"column":87}},"loc":{"start":{"line":382,"column":98},"end":{"line":422,"column":3}},"line":382},"30":{"name":"(anonymous_30)","decl":{"start":{"line":388,"column":51},"end":{"line":388,"column":52}},"loc":{"start":{"line":388,"column":78},"end":{"line":421,"column":5}},"line":388},"31":{"name":"(anonymous_31)","decl":{"start":{"line":389,"column":62},"end":{"line":389,"column":63}},"loc":{"start":{"line":389,"column":78},"end":{"line":394,"column":7}},"line":389},"32":{"name":"(anonymous_32)","decl":{"start":{"line":402,"column":52},"end":{"line":402,"column":53}},"loc":{"start":{"line":402,"column":68},"end":{"line":404,"column":7}},"line":402},"33":{"name":"(anonymous_33)","decl":{"start":{"line":424,"column":25},"end":{"line":424,"column":26}},"loc":{"start":{"line":424,"column":37},"end":{"line":440,"column":3}},"line":424},"34":{"name":"(anonymous_34)","decl":{"start":{"line":442,"column":84},"end":{"line":442,"column":85}},"loc":{"start":{"line":442,"column":96},"end":{"line":476,"column":3}},"line":442},"35":{"name":"(anonymous_35)","decl":{"start":{"line":448,"column":51},"end":{"line":448,"column":52}},"loc":{"start":{"line":448,"column":78},"end":{"line":475,"column":5}},"line":448},"36":{"name":"(anonymous_36)","decl":{"start":{"line":449,"column":54},"end":{"line":449,"column":55}},"loc":{"start":{"line":449,"column":70},"end":{"line":454,"column":7}},"line":449},"37":{"name":"(anonymous_37)","decl":{"start":{"line":462,"column":52},"end":{"line":462,"column":53}},"loc":{"start":{"line":462,"column":68},"end":{"line":464,"column":7}},"line":462}},"branchMap":{},"s":{"0":1,"1":1,"2":1,"3":1,"4":1,"5":1,"6":1,"7":1,"8":1,"9":1,"10":1,"11":1,"12":1,"13":1,"14":1,"15":1,"16":1,"17":1,"18":1,"19":1,"20":1,"21":1,"22":1,"23":1,"24":1,"25":1,"26":1,"27":1,"28":1,"29":1,"30":1,"31":1,"32":1,"33":1,"34":1,"35":1,"36":1,"37":1,"38":1,"39":1,"40":1,"41":1,"42":1,"43":1,"44":1,"45":1,"46":1,"47":1,"48":1,"49":1,"50":1,"51":1,"52":1,"53":1,"54":1,"55":1,"56":1,"57":1,"58":1,"59":1,"60":1,"61":1,"62":1,"63":1,"64":0,"65":0,"66":0,"67":0,"68":1,"69":1,"70":1,"71":1,"72":1,"73":1,"74":1,"75":1,"76":1,"77":1,"78":1,"79":1,"80":1,"81":1,"82":1,"83":1,"84":1,"85":1,"86":1,"87":1,"88":1,"89":1,"90":1,"91":1,"92":1,"93":1,"94":1,"95":1,"96":1,"97":1,"98":1,"99":1,"100":1,"101":1,"102":1,"103":1,"104":1,"105":1,"106":1,"107":1,"108":1,"109":1,"110":1,"111":1,"112":1,"113":1,"114":1,"115":1,"116":1,"117":1,"118":1,"119":1,"120":1,"121":1,"122":1,"123":1,"124":1,"125":1,"126":1,"127":1,"128":1,"129":1,"130":1,"131":1,"132":1,"133":1,"134":1,"135":1,"136":1,"137":1,"138":1,"139":1,"140":1,"141":1,"142":1,"143":1,"144":1,"145":1,"146":1,"147":1,"148":1,"149":1,"150":1,"151":1,"152":1,"153":1,"154":1,"155":1,"156":1,"157":1,"158":1,"159":1,"160":1,"161":1,"162":1,"163":1,"164":1,"165":1,"166":1,"167":1,"168":1,"169":1,"170":1,"171":1,"172":1,"173":1,"174":1,"175":1,"176":1,"177":1,"178":1,"179":1,"180":1,"181":1,"182":1,"183":1,"184":1,"185":1,"186":1,"187":1,"188":1,"189":1,"190":1,"191":1,"192":1,"193":1,"194":1,"195":1,"196":1,"197":1,"198":1,"199":1,"200":1,"201":1,"202":1,"203":1,"204":1,"205":1,"206":1,"207":1,"208":1,"209":1,"210":1,"211":1,"212":1,"213":1,"214":1,"215":1,"216":1,"217":1,"218":1,"219":1,"220":1,"221":1,"222":1,"223":1,"224":1,"225":1,"226":1,"227":1,"228":1,"229":1,"230":1,"231":1,"232":1,"233":1,"234":1,"235":1,"236":1,"237":1,"238":1,"239":1,"240":1,"241":1,"242":1,"243":1,"244":1,"245":1,"246":1,"247":1,"248":1,"249":1,"250":1,"251":1,"252":1,"253":1,"254":1,"255":1,"256":1,"257":1,"258":1,"259":1,"260":1,"261":1,"262":1,"263":1,"264":1,"265":1,"266":1,"267":1,"268":1,"269":1,"270":1,"271":1,"272":1,"273":1,"274":1,"275":1,"276":1,"277":1,"278":1,"279":1,"280":1,"281":1,"282":1,"283":1,"284":1,"285":1,"286":1,"287":1,"288":1,"289":1,"290":1,"291":1,"292":1,"293":1,"294":1,"295":1,"296":1,"297":1,"298":1,"299":1,"300":1,"301":1,"302":1,"303":1,"304":1,"305":1,"306":1,"307":1,"308":1,"309":1,"310":1,"311":1,"312":1,"313":1,"314":1,"315":1,"316":1,"317":1,"318":1,"319":1,"320":1,"321":1,"322":1,"323":1,"324":1,"325":1,"326":1,"327":1,"328":1,"329":1,"330":1,"331":1,"332":1,"333":1,"334":1,"335":1,"336":1,"337":1,"338":1,"339":1,"340":1,"341":1,"342":1,"343":1,"344":1,"345":1,"346":1,"347":1,"348":1,"349":1,"350":1,"351":1,"352":1,"353":1,"354":1,"355":1,"356":1,"357":1,"358":1,"359":1,"360":1,"361":1,"362":1,"363":1,"364":1,"365":1,"366":1},"f":{"0":1,"1":1,"2":1,"3":1,"4":1,"5":1,"6":1,"7":0,"8":0,"9":1,"10":1,"11":1,"12":1,"13":1,"14":1,"15":1,"16":1,"17":1,"18":1,"19":1,"20":1,"21":1,"22":1,"23":1,"24":1,"25":1,"26":1,"27":1,"28":1,"29":1,"30":1,"31":1,"32":1,"33":1,"34":1,"35":1,"36":1,"37":1},"b":{},"_coverageSchema":"1a1c01bbd47fc00a2c39e90264f33305004495a9","hash":"d9cdb5865c44ac03a61cc19efc04c219bc144761","contentHash":"c6422c7159d7bed53b9e59ce986c8f65b915b66c18d68b601870e7c0e2d28038"},"F:\\protractor\\Hybrent3.2RC4\\Testcases\\Shop\\shop.js":{"path":"F:\\protractor\\Hybrent3.2RC4\\Testcases\\Shop\\shop.js","statementMap":{"0":{"start":{"line":1,"column":0},"end":{"line":123,"column":3}},"1":{"start":{"line":2,"column":11},"end":{"line":2,"column":40}},"2":{"start":{"line":3,"column":12},"end":{"line":3,"column":49}},"3":{"start":{"line":4,"column":15},"end":{"line":4,"column":48}},"4":{"start":{"line":5,"column":26},"end":{"line":5,"column":70}},"5":{"start":{"line":6,"column":19},"end":{"line":6,"column":56}},"6":{"start":{"line":7,"column":21},"end":{"line":7,"column":63}},"7":{"start":{"line":8,"column":22},"end":{"line":8,"column":51}},"8":{"start":{"line":9,"column":21},"end":{"line":9,"column":87}},"9":{"start":{"line":10,"column":21},"end":{"line":10,"column":79}},"10":{"start":{"line":11,"column":21},"end":{"line":11,"column":60}},"11":{"start":{"line":12,"column":20},"end":{"line":12,"column":58}},"12":{"start":{"line":13,"column":17},"end":{"line":13,"column":45}},"13":{"start":{"line":16,"column":2},"end":{"line":26,"column":4}},"14":{"start":{"line":17,"column":4},"end":{"line":17,"column":75}},"15":{"start":{"line":19,"column":4},"end":{"line":19,"column":41}},"16":{"start":{"line":20,"column":4},"end":{"line":20,"column":24}},"17":{"start":{"line":21,"column":4},"end":{"line":21,"column":47}},"18":{"start":{"line":22,"column":4},"end":{"line":25,"column":6}},"19":{"start":{"line":23,"column":6},"end":{"line":23,"column":76}},"20":{"start":{"line":24,"column":6},"end":{"line":24,"column":62}},"21":{"start":{"line":28,"column":2},"end":{"line":50,"column":5}},"22":{"start":{"line":29,"column":4},"end":{"line":29,"column":47}},"23":{"start":{"line":31,"column":16},"end":{"line":31,"column":57}},"24":{"start":{"line":32,"column":4},"end":{"line":34,"column":5}},"25":{"start":{"line":33,"column":6},"end":{"line":33,"column":47}},"26":{"start":{"line":35,"column":4},"end":{"line":35,"column":24}},"27":{"start":{"line":36,"column":4},"end":{"line":36,"column":78}},"28":{"start":{"line":37,"column":4},"end":{"line":37,"column":24}},"29":{"start":{"line":38,"column":4},"end":{"line":38,"column":53}},"30":{"start":{"line":39,"column":4},"end":{"line":39,"column":80}},"31":{"start":{"line":40,"column":4},"end":{"line":40,"column":24}},"32":{"start":{"line":41,"column":4},"end":{"line":41,"column":54}},"33":{"start":{"line":42,"column":4},"end":{"line":44,"column":5}},"34":{"start":{"line":43,"column":6},"end":{"line":43,"column":47}},"35":{"start":{"line":45,"column":4},"end":{"line":45,"column":42}},"36":{"start":{"line":46,"column":4},"end":{"line":46,"column":24}},"37":{"start":{"line":65,"column":2},"end":{"line":77,"column":5}},"38":{"start":{"line":66,"column":4},"end":{"line":66,"column":24}},"39":{"start":{"line":67,"column":4},"end":{"line":67,"column":41}},"40":{"start":{"line":68,"column":4},"end":{"line":68,"column":24}},"41":{"start":{"line":69,"column":4},"end":{"line":69,"column":53}},"42":{"start":{"line":70,"column":4},"end":{"line":70,"column":47}},"43":{"start":{"line":71,"column":4},"end":{"line":71,"column":51}},"44":{"start":{"line":72,"column":16},"end":{"line":72,"column":57}},"45":{"start":{"line":73,"column":4},"end":{"line":75,"column":5}},"46":{"start":{"line":74,"column":6},"end":{"line":74,"column":47}},"47":{"start":{"line":76,"column":4},"end":{"line":76,"column":24}},"48":{"start":{"line":79,"column":2},"end":{"line":88,"column":5}},"49":{"start":{"line":80,"column":4},"end":{"line":80,"column":51}},"50":{"start":{"line":81,"column":4},"end":{"line":81,"column":24}},"51":{"start":{"line":82,"column":4},"end":{"line":82,"column":53}},"52":{"start":{"line":83,"column":4},"end":{"line":83,"column":24}},"53":{"start":{"line":84,"column":16},"end":{"line":84,"column":57}},"54":{"start":{"line":85,"column":4},"end":{"line":87,"column":5}},"55":{"start":{"line":86,"column":6},"end":{"line":86,"column":47}},"56":{"start":{"line":90,"column":2},"end":{"line":95,"column":5}},"57":{"start":{"line":91,"column":4},"end":{"line":91,"column":24}},"58":{"start":{"line":92,"column":4},"end":{"line":92,"column":51}},"59":{"start":{"line":93,"column":4},"end":{"line":93,"column":24}},"60":{"start":{"line":94,"column":4},"end":{"line":94,"column":71}}},"fnMap":{"0":{"name":"(anonymous_0)","decl":{"start":{"line":1,"column":32},"end":{"line":1,"column":33}},"loc":{"start":{"line":1,"column":44},"end":{"line":123,"column":1}},"line":1},"1":{"name":"(anonymous_1)","decl":{"start":{"line":16,"column":71},"end":{"line":16,"column":72}},"loc":{"start":{"line":16,"column":83},"end":{"line":26,"column":3}},"line":16},"2":{"name":"(anonymous_2)","decl":{"start":{"line":22,"column":52},"end":{"line":22,"column":53}},"loc":{"start":{"line":22,"column":76},"end":{"line":25,"column":5}},"line":22},"3":{"name":"(anonymous_3)","decl":{"start":{"line":28,"column":89},"end":{"line":28,"column":90}},"loc":{"start":{"line":28,"column":101},"end":{"line":50,"column":3}},"line":28},"4":{"name":"(anonymous_4)","decl":{"start":{"line":65,"column":101},"end":{"line":65,"column":102}},"loc":{"start":{"line":65,"column":113},"end":{"line":77,"column":3}},"line":65},"5":{"name":"(anonymous_5)","decl":{"start":{"line":79,"column":107},"end":{"line":79,"column":108}},"loc":{"start":{"line":79,"column":119},"end":{"line":88,"column":3}},"line":79},"6":{"name":"(anonymous_6)","decl":{"start":{"line":90,"column":59},"end":{"line":90,"column":60}},"loc":{"start":{"line":90,"column":71},"end":{"line":95,"column":3}},"line":90}},"branchMap":{"0":{"loc":{"start":{"line":32,"column":4},"end":{"line":34,"column":5}},"type":"if","locations":[{"start":{"line":32,"column":4},"end":{"line":34,"column":5}},{"start":{"line":32,"column":4},"end":{"line":34,"column":5}}],"line":32},"1":{"loc":{"start":{"line":42,"column":4},"end":{"line":44,"column":5}},"type":"if","locations":[{"start":{"line":42,"column":4},"end":{"line":44,"column":5}},{"start":{"line":42,"column":4},"end":{"line":44,"column":5}}],"line":42},"2":{"loc":{"start":{"line":73,"column":4},"end":{"line":75,"column":5}},"type":"if","locations":[{"start":{"line":73,"column":4},"end":{"line":75,"column":5}},{"start":{"line":73,"column":4},"end":{"line":75,"column":5}}],"line":73},"3":{"loc":{"start":{"line":85,"column":4},"end":{"line":87,"column":5}},"type":"if","locations":[{"start":{"line":85,"column":4},"end":{"line":87,"column":5}},{"start":{"line":85,"column":4},"end":{"line":87,"column":5}}],"line":85}},"s":{"0":1,"1":1,"2":1,"3":1,"4":1,"5":1,"6":1,"7":1,"8":1,"9":1,"10":1,"11":1,"12":1,"13":1,"14":1,"15":1,"16":1,"17":1,"18":1,"19":1,"20":1,"21":1,"22":1,"23":1,"24":1,"25":0,"26":1,"27":1,"28":1,"29":1,"30":1,"31":1,"32":1,"33":1,"34":0,"35":1,"36":1,"37":1,"38":1,"39":1,"40":1,"41":1,"42":1,"43":1,"44":1,"45":1,"46":0,"47":1,"48":1,"49":1,"50":1,"51":1,"52":1,"53":1,"54":1,"55":0,"56":1,"57":1,"58":1,"59":1,"60":1},"f":{"0":1,"1":1,"2":1,"3":1,"4":1,"5":1,"6":1},"b":{"0":[0,1],"1":[0,1],"2":[0,1],"3":[0,1]},"_coverageSchema":"1a1c01bbd47fc00a2c39e90264f33305004495a9","hash":"0e1b8889259c248fe025f70cefa6cb2cad50abe7","contentHash":"6660577a9c2113791753b971581cc7912a4988461ebda86f3db58704d01abe14"},"F:\\protractor\\Hybrent3.2RC4\\Testcases\\Cart\\cart.js":{"path":"F:\\protractor\\Hybrent3.2RC4\\Testcases\\Cart\\cart.js","statementMap":{"0":{"start":{"line":1,"column":0},"end":{"line":66,"column":3}},"1":{"start":{"line":2,"column":11},"end":{"line":2,"column":40}},"2":{"start":{"line":3,"column":26},"end":{"line":3,"column":70}},"3":{"start":{"line":4,"column":19},"end":{"line":4,"column":56}},"4":{"start":{"line":5,"column":15},"end":{"line":5,"column":51}},"5":{"start":{"line":6,"column":17},"end":{"line":6,"column":45}},"6":{"start":{"line":7,"column":23},"end":{"line":7,"column":51}},"7":{"start":{"line":8,"column":2},"end":{"line":10,"column":4}},"8":{"start":{"line":9,"column":4},"end":{"line":9,"column":41}},"9":{"start":{"line":12,"column":2},"end":{"line":16,"column":5}},"10":{"start":{"line":13,"column":4},"end":{"line":13,"column":49}},"11":{"start":{"line":14,"column":4},"end":{"line":14,"column":24}},"12":{"start":{"line":15,"column":4},"end":{"line":15,"column":50}},"13":{"start":{"line":18,"column":2},"end":{"line":32,"column":5}},"14":{"start":{"line":19,"column":4},"end":{"line":19,"column":78}},"15":{"start":{"line":20,"column":4},"end":{"line":20,"column":86}},"16":{"start":{"line":21,"column":4},"end":{"line":21,"column":24}},"17":{"start":{"line":24,"column":4},"end":{"line":24,"column":63}},"18":{"start":{"line":25,"column":4},"end":{"line":25,"column":40}},"19":{"start":{"line":26,"column":4},"end":{"line":26,"column":24}},"20":{"start":{"line":27,"column":4},"end":{"line":27,"column":40}},"21":{"start":{"line":28,"column":4},"end":{"line":28,"column":24}},"22":{"start":{"line":29,"column":4},"end":{"line":29,"column":40}},"23":{"start":{"line":30,"column":4},"end":{"line":30,"column":24}},"24":{"start":{"line":31,"column":4},"end":{"line":31,"column":79}},"25":{"start":{"line":34,"column":2},"end":{"line":60,"column":5}},"26":{"start":{"line":35,"column":4},"end":{"line":35,"column":24}},"27":{"start":{"line":36,"column":23},"end":{"line":36,"column":88}},"28":{"start":{"line":37,"column":4},"end":{"line":37,"column":25}},"29":{"start":{"line":38,"column":4},"end":{"line":38,"column":24}},"30":{"start":{"line":39,"column":4},"end":{"line":39,"column":79}},"31":{"start":{"line":40,"column":4},"end":{"line":40,"column":24}},"32":{"start":{"line":41,"column":4},"end":{"line":41,"column":98}},"33":{"start":{"line":42,"column":4},"end":{"line":42,"column":24}},"34":{"start":{"line":43,"column":4},"end":{"line":43,"column":54}},"35":{"start":{"line":44,"column":4},"end":{"line":44,"column":24}},"36":{"start":{"line":45,"column":4},"end":{"line":45,"column":82}},"37":{"start":{"line":46,"column":4},"end":{"line":46,"column":24}},"38":{"start":{"line":47,"column":17},"end":{"line":47,"column":56}},"39":{"start":{"line":48,"column":4},"end":{"line":56,"column":7}},"40":{"start":{"line":49,"column":6},"end":{"line":54,"column":7}},"41":{"start":{"line":50,"column":8},"end":{"line":50,"column":68}},"42":{"start":{"line":51,"column":8},"end":{"line":51,"column":46}},"43":{"start":{"line":53,"column":8},"end":{"line":53,"column":72}},"44":{"start":{"line":57,"column":4},"end":{"line":57,"column":128}},"45":{"start":{"line":58,"column":4},"end":{"line":58,"column":109}}},"fnMap":{"0":{"name":"(anonymous_0)","decl":{"start":{"line":1,"column":32},"end":{"line":1,"column":33}},"loc":{"start":{"line":1,"column":44},"end":{"line":66,"column":1}},"line":1},"1":{"name":"(anonymous_1)","decl":{"start":{"line":8,"column":13},"end":{"line":8,"column":14}},"loc":{"start":{"line":8,"column":25},"end":{"line":10,"column":3}},"line":8},"2":{"name":"(anonymous_2)","decl":{"start":{"line":12,"column":23},"end":{"line":12,"column":24}},"loc":{"start":{"line":12,"column":35},"end":{"line":16,"column":3}},"line":12},"3":{"name":"(anonymous_3)","decl":{"start":{"line":18,"column":25},"end":{"line":18,"column":26}},"loc":{"start":{"line":18,"column":37},"end":{"line":32,"column":3}},"line":18},"4":{"name":"(anonymous_4)","decl":{"start":{"line":34,"column":20},"end":{"line":34,"column":21}},"loc":{"start":{"line":34,"column":32},"end":{"line":60,"column":3}},"line":34},"5":{"name":"(anonymous_5)","decl":{"start":{"line":48,"column":28},"end":{"line":48,"column":29}},"loc":{"start":{"line":48,"column":47},"end":{"line":56,"column":5}},"line":48}},"branchMap":{"0":{"loc":{"start":{"line":49,"column":6},"end":{"line":54,"column":7}},"type":"if","locations":[{"start":{"line":49,"column":6},"end":{"line":54,"column":7}},{"start":{"line":49,"column":6},"end":{"line":54,"column":7}}],"line":49}},"s":{"0":1,"1":1,"2":1,"3":1,"4":1,"5":1,"6":1,"7":1,"8":3,"9":1,"10":1,"11":1,"12":1,"13":1,"14":1,"15":1,"16":1,"17":1,"18":1,"19":1,"20":1,"21":1,"22":1,"23":1,"24":1,"25":1,"26":1,"27":1,"28":1,"29":1,"30":1,"31":1,"32":1,"33":1,"34":1,"35":1,"36":1,"37":1,"38":1,"39":1,"40":1,"41":1,"42":1,"43":0,"44":1,"45":1},"f":{"0":1,"1":3,"2":1,"3":1,"4":1,"5":1},"b":{"0":[1,0]},"_coverageSchema":"1a1c01bbd47fc00a2c39e90264f33305004495a9","hash":"071281e1035474c04ef743e76baf5a3f86f9a18b","contentHash":"a929f1ca063ec7e30e2232b808f2984eecb865e379e6cd7342c29bf7ea763df2"},"F:\\protractor\\Hybrent3.2RC4\\Testcases\\Order\\order.js":{"path":"F:\\protractor\\Hybrent3.2RC4\\Testcases\\Order\\order.js","statementMap":{"0":{"start":{"line":1,"column":0},"end":{"line":164,"column":3}},"1":{"start":{"line":2,"column":11},"end":{"line":2,"column":40}},"2":{"start":{"line":3,"column":15},"end":{"line":3,"column":51}},"3":{"start":{"line":4,"column":19},"end":{"line":4,"column":56}},"4":{"start":{"line":5,"column":17},"end":{"line":5,"column":45}},"5":{"start":{"line":6,"column":23},"end":{"line":6,"column":51}},"6":{"start":{"line":7,"column":2},"end":{"line":12,"column":5}},"7":{"start":{"line":8,"column":4},"end":{"line":8,"column":43}},"8":{"start":{"line":9,"column":4},"end":{"line":9,"column":24}},"9":{"start":{"line":10,"column":4},"end":{"line":10,"column":52}},"10":{"start":{"line":13,"column":2},"end":{"line":22,"column":5}},"11":{"start":{"line":14,"column":4},"end":{"line":14,"column":24}},"12":{"start":{"line":15,"column":4},"end":{"line":15,"column":76}},"13":{"start":{"line":16,"column":4},"end":{"line":16,"column":82}},"14":{"start":{"line":17,"column":4},"end":{"line":17,"column":80}},"15":{"start":{"line":18,"column":4},"end":{"line":18,"column":74}},"16":{"start":{"line":19,"column":4},"end":{"line":19,"column":93}},"17":{"start":{"line":20,"column":4},"end":{"line":20,"column":96}},"18":{"start":{"line":21,"column":4},"end":{"line":21,"column":88}},"19":{"start":{"line":24,"column":2},"end":{"line":35,"column":5}},"20":{"start":{"line":25,"column":4},"end":{"line":25,"column":57}},"21":{"start":{"line":26,"column":4},"end":{"line":26,"column":24}},"22":{"start":{"line":27,"column":4},"end":{"line":27,"column":73}},"23":{"start":{"line":28,"column":4},"end":{"line":28,"column":24}},"24":{"start":{"line":29,"column":4},"end":{"line":29,"column":60}},"25":{"start":{"line":30,"column":4},"end":{"line":30,"column":24}},"26":{"start":{"line":31,"column":4},"end":{"line":31,"column":45}},"27":{"start":{"line":32,"column":4},"end":{"line":32,"column":24}},"28":{"start":{"line":33,"column":4},"end":{"line":33,"column":79}},"29":{"start":{"line":37,"column":2},"end":{"line":41,"column":5}},"30":{"start":{"line":38,"column":4},"end":{"line":38,"column":54}},"31":{"start":{"line":39,"column":4},"end":{"line":39,"column":24}},"32":{"start":{"line":40,"column":4},"end":{"line":40,"column":57}},"33":{"start":{"line":43,"column":2},"end":{"line":59,"column":5}},"34":{"start":{"line":44,"column":4},"end":{"line":44,"column":24}},"35":{"start":{"line":45,"column":4},"end":{"line":47,"column":7}},"36":{"start":{"line":46,"column":6},"end":{"line":46,"column":46}},"37":{"start":{"line":48,"column":4},"end":{"line":48,"column":24}},"38":{"start":{"line":49,"column":4},"end":{"line":49,"column":63}},"39":{"start":{"line":50,"column":4},"end":{"line":50,"column":51}},"40":{"start":{"line":51,"column":4},"end":{"line":54,"column":6}},"41":{"start":{"line":52,"column":6},"end":{"line":52,"column":26}},"42":{"start":{"line":53,"column":6},"end":{"line":53,"column":45}},"43":{"start":{"line":55,"column":4},"end":{"line":55,"column":24}},"44":{"start":{"line":56,"column":4},"end":{"line":56,"column":81}},"45":{"start":{"line":57,"column":4},"end":{"line":57,"column":24}},"46":{"start":{"line":58,"column":4},"end":{"line":58,"column":52}},"47":{"start":{"line":61,"column":2},"end":{"line":73,"column":5}},"48":{"start":{"line":62,"column":4},"end":{"line":62,"column":24}},"49":{"start":{"line":63,"column":4},"end":{"line":63,"column":54}},"50":{"start":{"line":64,"column":4},"end":{"line":64,"column":24}},"51":{"start":{"line":65,"column":4},"end":{"line":67,"column":7}},"52":{"start":{"line":66,"column":6},"end":{"line":66,"column":50}},"53":{"start":{"line":68,"column":4},"end":{"line":68,"column":24}},"54":{"start":{"line":69,"column":4},"end":{"line":69,"column":73}},"55":{"start":{"line":70,"column":4},"end":{"line":70,"column":89}},"56":{"start":{"line":71,"column":4},"end":{"line":71,"column":85}},"57":{"start":{"line":72,"column":4},"end":{"line":72,"column":79}},"58":{"start":{"line":75,"column":2},"end":{"line":87,"column":5}},"59":{"start":{"line":76,"column":4},"end":{"line":76,"column":24}},"60":{"start":{"line":77,"column":4},"end":{"line":77,"column":48}},"61":{"start":{"line":78,"column":4},"end":{"line":78,"column":24}},"62":{"start":{"line":79,"column":4},"end":{"line":79,"column":44}},"63":{"start":{"line":80,"column":4},"end":{"line":80,"column":24}},"64":{"start":{"line":81,"column":4},"end":{"line":81,"column":91}},"65":{"start":{"line":82,"column":4},"end":{"line":82,"column":24}},"66":{"start":{"line":83,"column":4},"end":{"line":83,"column":43}},"67":{"start":{"line":84,"column":4},"end":{"line":84,"column":24}},"68":{"start":{"line":85,"column":4},"end":{"line":85,"column":80}},"69":{"start":{"line":89,"column":2},"end":{"line":128,"column":5}},"70":{"start":{"line":90,"column":4},"end":{"line":90,"column":24}},"71":{"start":{"line":91,"column":21},"end":{"line":91,"column":59}},"72":{"start":{"line":92,"column":4},"end":{"line":99,"column":7}},"73":{"start":{"line":93,"column":6},"end":{"line":98,"column":7}},"74":{"start":{"line":94,"column":8},"end":{"line":94,"column":57}},"75":{"start":{"line":95,"column":8},"end":{"line":95,"column":27}},"76":{"start":{"line":97,"column":8},"end":{"line":97,"column":66}},"77":{"start":{"line":100,"column":4},"end":{"line":100,"column":24}},"78":{"start":{"line":101,"column":4},"end":{"line":107,"column
[...]
mn":3}},"line":86},"10":{"name":"(anonymous_10)","decl":{"start":{"line":95,"column":56},"end":{"line":95,"column":57}},"loc":{"start":{"line":95,"column":68},"end":{"line":102,"column":3}},"line":95},"11":{"name":"(anonymous_11)","decl":{"start":{"line":104,"column":66},"end":{"line":104,"column":67}},"loc":{"start":{"line":104,"column":78},"end":{"line":111,"column":3}},"line":104},"12":{"name":"(anonymous_12)","decl":{"start":{"line":113,"column":70},"end":{"line":113,"column":71}},"loc":{"start":{"line":113,"column":82},"end":{"line":120,"column":3}},"line":113},"13":{"name":"(anonymous_13)","decl":{"start":{"line":122,"column":68},"end":{"line":122,"column":69}},"loc":{"start":{"line":122,"column":80},"end":{"line":129,"column":3}},"line":122},"14":{"name":"(anonymous_14)","decl":{"start":{"line":131,"column":66},"end":{"line":131,"column":67}},"loc":{"start":{"line":131,"column":78},"end":{"line":138,"column":3}},"line":131},"15":{"name":"(anonymous_15)","decl":{"start":{"line":140,"column":66},"end":{"line":140,"column":67}},"loc":{"start":{"line":140,"column":78},"end":{"line":147,"column":3}},"line":140}},"branchMap":{},"s":{"0":1,"1":1,"2":1,"3":1,"4":1,"5":1,"6":1,"7":1,"8":1,"9":1,"10":1,"11":1,"12":1,"13":1,"14":1,"15":1,"16":1,"17":1,"18":1,"19":1,"20":1,"21":1,"22":1,"23":1,"24":1,"25":1,"26":1,"27":1,"28":1,"29":1,"30":1,"31":1,"32":1,"33":1,"34":1,"35":1,"36":1,"37":1,"38":1,"39":1,"40":1,"41":1,"42":1,"43":1,"44":1,"45":1,"46":1,"47":1,"48":1,"49":1,"50":1,"51":1,"52":1,"53":1,"54":1,"55":1,"56":1,"57":1,"58":1,"59":1,"60":1,"61":1,"62":1,"63":1,"64":1,"65":1,"66":1,"67":1,"68":1,"69":1,"70":1,"71":1,"72":1,"73":1,"74":1,"75":1,"76":1,"77":1,"78":1,"79":1,"80":1,"81":1,"82":1,"83":1,"84":1,"85":1,"86":1,"87":1,"88":1,"89":1,"90":1,"91":1,"92":1,"93":1,"94":1,"95":1,"96":1,"97":1,"98":1,"99":1,"100":1,"101":1,"102":1},"f":{"0":1,"1":1,"2":1,"3":1,"4":1,"5":1,"6":1,"7":1,"8":1,"9":1,"10":1,"11":1,"12":1,"13":1,"14":1,"15":1},"b":{},"_coverageSchema":"1a1c01bbd47fc00a2c39e90264f33305004495a9","hash":"733c498864aa3b1cc39a8824798674459f14d601","contentHash":"66b97a0eaf0f28e1d81a086138cb2fe1c5d968970d229d54bdbd3cf4b8c16f82"},"F:\\protractor\\Hybrent3.2RC4\\Testcases\\Admin_section\\Vendor_account_setup.js":{"path":"F:\\protractor\\Hybrent3.2RC4\\Testcases\\Admin_section\\Vendor_account_setup.js","statementMap":{"0":{"start":{"line":1,"column":0},"end":{"line":50,"column":3}},"1":{"start":{"line":2,"column":11},"end":{"line":2,"column":40}},"2":{"start":{"line":3,"column":17},"end":{"line":3,"column":45}},"3":{"start":{"line":4,"column":19},"end":{"line":4,"column":56}},"4":{"start":{"line":5,"column":20},"end":{"line":5,"column":46}},"5":{"start":{"line":8,"column":2},"end":{"line":15,"column":5}},"6":{"start":{"line":9,"column":4},"end":{"line":9,"column":69}},"7":{"start":{"line":10,"column":4},"end":{"line":10,"column":24}},"8":{"start":{"line":11,"column":4},"end":{"line":11,"column":58}},"9":{"start":{"line":12,"column":4},"end":{"line":12,"column":24}},"10":{"start":{"line":13,"column":4},"end":{"line":13,"column":74}},"11":{"start":{"line":14,"column":4},"end":{"line":14,"column":64}},"12":{"start":{"line":17,"column":2},"end":{"line":35,"column":5}},"13":{"start":{"line":18,"column":4},"end":{"line":18,"column":24}},"14":{"start":{"line":19,"column":4},"end":{"line":19,"column":64}},"15":{"start":{"line":20,"column":4},"end":{"line":20,"column":24}},"16":{"start":{"line":21,"column":4},"end":{"line":21,"column":76}},"17":{"start":{"line":22,"column":4},"end":{"line":22,"column":24}},"18":{"start":{"line":23,"column":4},"end":{"line":23,"column":45}},"19":{"start":{"line":24,"column":4},"end":{"line":24,"column":24}},"20":{"start":{"line":25,"column":4},"end":{"line":25,"column":68}},"21":{"start":{"line":26,"column":4},"end":{"line":26,"column":24}},"22":{"start":{"line":27,"column":4},"end":{"line":27,"column":92}},"23":{"start":{"line":28,"column":4},"end":{"line":28,"column":24}},"24":{"start":{"line":29,"column":4},"end":{"line":29,"column":54}},"25":{"start":{"line":30,"column":4},"end":{"line":30,"column":24}},"26":{"start":{"line":31,"column":4},"end":{"line":33,"column":6}},"27":{"start":{"line":32,"column":6},"end":{"line":32,"column":82}},"28":{"start":{"line":37,"column":2},"end":{"line":41,"column":5}},"29":{"start":{"line":38,"column":4},"end":{"line":38,"column":43}},"30":{"start":{"line":39,"column":4},"end":{"line":39,"column":24}},"31":{"start":{"line":40,"column":4},"end":{"line":40,"column":92}},"32":{"start":{"line":43,"column":2},"end":{"line":48,"column":5}},"33":{"start":{"line":44,"column":4},"end":{"line":44,"column":44}},"34":{"start":{"line":45,"column":4},"end":{"line":45,"column":24}},"35":{"start":{"line":46,"column":4},"end":{"line":46,"column":52}}},"fnMap":{"0":{"name":"(anonymous_0)","decl":{"start":{"line":1,"column":41},"end":{"line":1,"column":42}},"loc":{"start":{"line":1,"column":53},"end":{"line":50,"column":1}},"line":1},"1":{"name":"(anonymous_1)","decl":{"start":{"line":8,"column":42},"end":{"line":8,"column":43}},"loc":{"start":{"line":8,"column":54},"end":{"line":15,"column":3}},"line":8},"2":{"name":"(anonymous_2)","decl":{"start":{"line":17,"column":99},"end":{"line":17,"column":100}},"loc":{"start":{"line":17,"column":111},"end":{"line":35,"column":3}},"line":17},"3":{"name":"(anonymous_3)","decl":{"start":{"line":31,"column":79},"end":{"line":31,"column":80}},"loc":{"start":{"line":31,"column":103},"end":{"line":33,"column":5}},"line":31},"4":{"name":"(anonymous_4)","decl":{"start":{"line":37,"column":103},"end":{"line":37,"column":104}},"loc":{"start":{"line":37,"column":115},"end":{"line":41,"column":3}},"line":37},"5":{"name":"(anonymous_5)","decl":{"start":{"line":43,"column":81},"end":{"line":43,"column":82}},"loc":{"start":{"line":43,"column":93},"end":{"line":48,"column":3}},"line":43}},"branchMap":{},"s":{"0":1,"1":1,"2":1,"3":1,"4":1,"5":1,"6":1,"7":1,"8":1,"9":1,"10":1,"11":1,"12":1,"13":1,"14":1,"15":1,"16":1,"17":1,"18":1,"19":1,"20":1,"21":1,"22":1,"23":1,"24":1,"25":1,"26":1,"27":1,"28":1,"29":1,"30":1,"31":1,"32":1,"33":1,"34":1,"35":1},"f":{"0":1,"1":1,"2":1,"3":1,"4":1,"5":1},"b":{},"_coverageSchema":"1a1c01bbd47fc00a2c39e90264f33305004495a9","hash":"ad9ad77f0abe86f9de24f2abccfdc2af32d2e0da","contentHash":"ea8e74a384ab6c9ad9ffa8ba21fb6718de16b27ad7717f284c9467e865e560b8"},"F:\\protractor\\Hybrent3.2RC4\\Testcases\\Admin_section\\Vendor.js":{"path":"F:\\protractor\\Hybrent3.2RC4\\Testcases\\Admin_section\\Vendor.js","statementMap":{"0":{"start":{"line":1,"column":0},"end":{"line":33,"column":3}},"1":{"start":{"line":2,"column":11},"end":{"line":2,"column":40}},"2":{"start":{"line":3,"column":17},"end":{"line":3,"column":45}},"3":{"start":{"line":4,"column":19},"end":{"line":4,"column":56}},"4":{"start":{"line":5,"column":20},"end":{"line":5,"column":46}},"5":{"start":{"line":8,"column":2},"end":{"line":15,"column":5}},"6":{"start":{"line":9,"column":4},"end":{"line":9,"column":69}},"7":{"start":{"line":10,"column":4},"end":{"line":10,"column":24}},"8":{"start":{"line":11,"column":4},"end":{"line":11,"column":44}},"9":{"start":{"line":12,"column":4},"end":{"line":12,"column":24}},"10":{"start":{"line":13,"column":4},"end":{"line":13,"column":74}},"11":{"start":{"line":14,"column":4},"end":{"line":14,"column":49}},"12":{"start":{"line":17,"column":2},"end":{"line":20,"column":5}},"13":{"start":{"line":18,"column":4},"end":{"line":18,"column":71}},"14":{"start":{"line":19,"column":4},"end":{"line":19,"column":71}},"15":{"start":{"line":22,"column":2},"end":{"line":30,"column":5}},"16":{"start":{"line":23,"column":4},"end":{"line":23,"column":68}},"17":{"start":{"line":24,"column":4},"end":{"line":24,"column":24}},"18":{"start":{"line":25,"column":4},"end":{"line":25,"column":45}},"19":{"start":{"line":26,"column":4},"end":{"line":26,"column":75}},"20":{"start":{"line":27,"column":4},"end":{"line":27,"column":24}},"21":{"start":{"line":28,"column":4},"end":{"line":28,"column":95}}},"fnMap":{"0":{"name":"(anonymous_0)","decl":{"start":{"line":1,"column":26},"end":{"line":1,"column":27}},"loc":{"start":{"line":1,"column":38},"end":{"line":33,"column":1}},"line":1},"1":{"name":"(anonymous_1)","decl":{"start":{"line":8,"column":27},"end":{"line":8,"column":28}},"loc":{"start":{"line":8,"column":39},"end":{"line":15,"column":3}},"line":8},"2":{"name":"(anonymous_2)","decl":{"start":{"line":17,"column":68},"end":{"line":17,"column":69}},"loc":{"start":{"line":17,"column":80},"end":{"line":20,"column":3}},"line":17},"3":{"name":"(anonymous_3)","decl":{"start":{"line":22,"column":37},"end":{"line":22,"column":38}},"loc":{"start":{"line":22,"column":49},"end":{"line":30,"column":3}},"line":22}},"branchMap":{},"s":{"0":1,"1":1,"2":1,"3":1,"4":1,"5":1,"6":1,"7":1,"8":1,"9":1,"10":1,"11":1,"12":1,"13":1,"14":1,"15":1,"16":1,"17":1,"18":1,"19":1,"20":1,"21":1},"f":{"0":1,"1":1,"2":1,"3":1},"b":{},"_coverageSchema":"1a1c01bbd47fc00a2c39e90264f33305004495a9","hash":"254b94b26df41a0dd19e1333d2783ee25356efae","contentHash":"58ea9ef4f607dec82cf1b12b3238813723b13bcb9909be4c60221dbba5bd995b"},"F:\\protractor\\Hybrent3.2RC4\\Testcases\\DME\\Start_new_claim.js":{"path":"F:\\protractor\\Hybrent3.2RC4\\Testcases\\DME\\Start_new_claim.js","statementMap":{"0":{"start":{"line":1,"column":20},"end":{"line":1,"column":70}},"1":{"start":{"line":2,"column":0},"end":{"line":62,"column":3}},"2":{"start":{"line":3,"column":11},"end":{"line":3,"column":40}},"3":{"start":{"line":4,"column":17},"end":{"line":4,"column":45}},"4":{"start":{"line":5,"column":16},"end":{"line":5,"column":50}},"5":{"start":{"line":6,"column":22},"end":{"line":6,"column":62}},"6":{"start":{"line":7,"column":18},"end":{"line":7,"column":54}},"7":{"start":{"line":8,"column":16},"end":{"line":8,"column":50}},"8":{"start":{"line":9,"column":22},"end":{"line":9,"column":59}},"9":{"start":{"line":10,"column":19},"end":{"line":10,"column":56}},"10":{"start":{"line":11,"column":23},"end":{"line":11,"column":51}},"11":{"start":{"line":13,"column":2},"end":{"line":20,"column":5}},"12":{"start":{"line":14,"column":4},"end":{"line":16,"column":7}},"13":{"start":{"line":15,"column":6},"end":{"line":15,"column":78}},"14":{"start":{"line":17,"column":4},"end":{"line":17,"column":24}},"15":{"start":{"line":18,"column":4},"end":{"line":18,"column":75}},"16":{"start":{"line":19,"column":4},"end":{"line":19,"column":69}},"17":{"start":{"line":22,"column":2},"end":{"line":34,"column":5}},"18":{"start":{"line":23,"column":4},"end":{"line":23,"column":77}},"19":{"start":{"line":24,"column":4},"end":{"line":24,"column":24}},"20":{"start":{"line":26,"column":4},"end":{"line":26,"column":86}},"21":{"start":{"line":27,"column":4},"end":{"line":27,"column":24}},"22":{"start":{"line":28,"column":4},"end":{"line":28,"column":45}},"23":{"start":{"line":29,"column":4},"end":{"line":29,"column":24}},"24":{"start":{"line":30,"column":4},"end":{"line":30,"column":45}},"25":{"start":{"line":31,"column":4},"end":{"line":31,"column":24}},"26":{"start":{"line":32,"column":24},"end":{"line":32,"column":53}},"27":{"start":{"line":33,"column":4},"end":{"line":33,"column":103}},"28":{"start":{"line":36,"column":2},"end":{"line":50,"column":5}},"29":{"start":{"line":37,"column":4},"end":{"line":37,"column":24}},"30":{"start":{"line":38,"column":4},"end":{"line":38,"column":46}},"31":{"start":{"line":39,"column":4},"end":{"line":39,"column":24}},"32":{"start":{"line":41,"column":4},"end":{"line":41,"column":77}},"33":{"start":{"line":42,"column":4},"end":{"line":42,"column":24}},"34":{"start":{"line":43,"column":4},"end":{"line":43,"column":45}},"35":{"start":{"line":44,"column":4},"end":{"line":44,"column":24}},"36":{"start":{"line":45,"column":4},"end":{"line":45,"column":42}},"37":{"start":{"line":46,"column":4},"end":{"line":46,"column":24}},"38":{"start":{"line":47,"column":4},"end":{"line":47,"column":80}},"39":{"start":{"line":48,"column":4},"end":{"line":48,"column":24}},"40":{"start":{"line":49,"column":4},"end":{"line":49,"column":46}},"41":{"start":{"line":52,"column":2},"end":{"line":60,"column":5}},"42":{"start":{"line":53,"column":4},"end":{"line":53,"column":24}},"43":{"start":{"line":54,"column":4},"end":{"line":59,"column":7}},"44":{"start":{"line":55,"column":6},"end":{"line":55,"column":26}},"45":{"start":{"line":56,"column":6},"end":{"line":56,"column":70}},"46":{"start":{"line":57,"column":4},"end":{"line":57,"column":24}},"47":{"start":{"line":58,"column":4},"end":{"line":58,"column":53}}},"fnMap":{"0":{"name":"(anonymous_0)","decl":{"start":{"line":2,"column":31},"end":{"line":2,"column":32}},"loc":{"start":{"line":2,"column":43},"end":{"line":62,"column":1}},"line":2},"1":{"name":"(anonymous_1)","decl":{"start":{"line":13,"column":41},"end":{"line":13,"column":42}},"loc":{"start":{"line":13,"column":53},"end":{"line":20,"column":3}},"line":13},"2":{"name":"(anonymous_2)","decl":{"start":{"line":14,"column":146},"end":{"line":14,"column":147}},"loc":{"start":{"line":14,"column":158},"end":{"line":16,"column":5}},"line":14},"3":{"name":"(anonymous_3)","decl":{"start":{"line":22,"column":69},"end":{"line":22,"column":70}},"loc":{"start":{"line":22,"column":81},"end":{"line":34,"column":3}},"line":22},"4":{"name":"(anonymous_4)","decl":{"start":{"line":36,"column":75},"end":{"line":36,"column":76}},"loc":{"start":{"line":36,"column":85},"end":{"line":50,"column":3}},"line":36},"5":{"name":"(anonymous_5)","decl":{"start":{"line":52,"column":82},"end":{"line":52,"column":83}},"loc":{"start":{"line":52,"column":92},"end":{"line":60,"column":3}},"line":52},"6":{"name":"(anonymous_6)","decl":{"start":{"line":54,"column":119},"end":{"line":54,"column":120}},"loc":{"start":{"line":54,"column":131},"end":{"line":59,"column":5}},"line":54}},"branchMap":{},"s":{"0":1,"1":1,"2":1,"3":1,"4":1,"5":1,"6":1,"7":1,"8":1,"9":1,"10":1,"11":1,"12":1,"13":1,"14":1,"15":1,"16":1,"17":1,"18":1,"19":1,"20":1,"21":1,"22":1,"23":1,"24":1,"25":1,"26":1,"27":1,"28":1,"29":1,"30":1,"31":1,"32":1,"33":1,"34":1,"35":1,"36":1,"37":1,"38":1,"39":1,"40":1,"41":1,"42":1,"43":1,"44":1,"45":1,"46":1,"47":1},"f":{"0":1,"1":1,"2":1,"3":1,"4":1,"5":1,"6":1},"b":{},"_coverageSchema":"1a1c01bbd47fc00a2c39e90264f33305004495a9","hash":"7b2fc684d5e44a44e72fc57378956e5f614740ad","contentHash":"6752797f8f82625a832448d97cf40b95359bfa131ea555fc4765e60767bf1467"},"F:\\protractor\\Hybrent3.2RC4\\Testcases\\DME\\Start_new_claimlisting.js":{"path":"F:\\protractor\\Hybrent3.2RC4\\Testcases\\DME\\Start_new_claimlisting.js","statementMap":{"0":{"start":{"line":1,"column":20},"end":{"line":1,"column":70}},"1":{"start":{"line":2,"column":0},"end":{"line":67,"column":3}},"2":{"start":{"line":3,"column":11},"end":{"line":3,"column":40}},"3":{"start":{"line":4,"column":17},"end":{"line":4,"column":45}},"4":{"start":{"line":5,"column":16},"end":{"line":5,"column":50}},"5":{"start":{"line":6,"column":22},"end":{"line":6,"column":62}},"6":{"start":{"line":7,"column":18},"end":{"line":7,"column":54}},"7":{"start":{"line":8,"column":16},"end":{"line":8,"column":50}},"8":{"start":{"line":9,"column":22},"end":{"line":9,"column":59}},"9":{"start":{"line":10,"column":19},"end":{"line":10,"column":56}},"10":{"start":{"line":11,"column":23},"end":{"line":11,"column":51}},"11":{"start":{"line":12,"column":2},"end":{"line":18,"column":5}},"12":{"start":{"line":13,"column":4},"end":{"line":13,"column":24}},"13":{"start":{"line":14,"column":4},"end":{"line":14,"column":82}},"14":{"start":{"line":15,"column":4},"end":{"line":15,"column":69}},"15":{"start":{"line":16,"column":4},"end":{"line":16,"column":82}},"16":{"start":{"line":17,"column":4},"end":{"line":17,"column":81}},"17":{"start":{"line":20,"column":2},"end":{"line":33,"column":5}},"18":{"start":{"line":21,"column":4},"end":{"line":21,"column":44}},"19":{"start":{"line":22,"column":4},"end":{"line":22,"column":24}},"20":{"start":{"line":24,"column":4},"end":{"line":24,"column":81}},"21":{"start":{"line":25,"column":4},"end":{"line":25,"column":24}},"22":{"start":{"line":26,"column":4},"end":{"line":26,"column":45}},"23":{"start":{"line":27,"column":4},"end":{"line":27,"column":24}},"24":{"start":{"line":28,"column":4},"end":{"line":28,"column":45}},"25":{"start":{"line":29,"column":4},"end":{"line":29,"column":24}},"26":{"start":{"line":30,"column":4},"end":{"line":30,"column":52}},"27":{"start":{"line":31,"column":4},"end":{"line":31,"column":24}},"28":{"start":{"line":32,"column":4},"end":{"line":32,"column":69}},"29":{"start":{"line":35,"column":2},"end":{"line":45,"column":5}},"30":{"start":{"line":36,"column":4},"end":{"line":36,"column":68}},"31":{"start":{"line":37,"column":4},"end":{"line":37,"column":24}},"32":{"start":{"line":38,"column":4},"end":{"line":38,"column":82}},"33":{"start":{"line":39,"column":4},"end":{"line":39,"column":24}},"34":{"start":{"line":40,"column":4},"end":{"line":43,"column":6}},"35":{"start":{"line":41,"column":4},"end":{"line":41,"column":46}},"36":{"start":{"line":42,"column":4},"end":{"line":42,"column":24}},"37":{"start":{"line":44,"column":4},"end":{"line":44,"column":40}},"38":{"start":{"line":47,"column":2},"end":{"line":65,"column":5}},"39":{"start":{"line":48,"column":4},"end":{"line":48,"column":24}},"40":{"start":{"line":49,"column":4},"end":{"line":49,"column":44}},"41":{"start":{"line":50,"column":4},"end":{"line":50,"column":24}},"42":{"start":{"line":52,"column":4},"end":{"line":52,"column":81}},"43":{"start":{"line":53,"column":4},"end":{"line":53,"column":24}},"44":{"start":{"line":54,"column":4},"end":{"line":54,"column":45}},"45":{"start":{"line":55,"column":4},"end":{"line":55,"column":24}},"46":{"start":{"line":56,"column":4},"end":{"line":56,"column":45}},"47":{"start":{"line":57,"column":4},"end":{"line":57,"column":24}},"48":{"start":{"line":58,"column":4},"end":{"line":58,"column":52}},"49":{"start":{"line":59,"column":4},"end":{"line":59,"column":24}},"50":{"start":{"line":60,"column":4},"end":{"line":60,"column":69}},"51":{"start":{"line":61,"column":4},"end":{"line":61,"column":24}},"52":{"start":{"line":62,"column":4},"end":{"line":62,"column":77}},"53":{"start":{"line":63,"column":4},"end":{"line":63,"column":24}},"54":{"start":{"line":64,"column":4},"end":{"line":64,"column":82}}},"fnMap":{"0":{"name":"(anonymous_0)","decl":{"start":{"line":2,"column":31},"end":{"line":2,"column":32}},"loc":{"start":{"line":2,"column":43},"end":{"line":67,"column":1}},"line":2},"1":{"name":"(anonymous_1)","decl":{"start":{"line":12,"column":76},"end":{"line":12,"column":77}},"loc":{"start":{"line":12,"column":88},"end":{"line":18,"column":3}},"line":12},"2":{"name":"(anonymous_2)","decl":{"start":{"line":20,"column":59},"end":{"line":20,"column":60}},"loc":{"start":{"line":20,"column":69},"end":{"line":33,"column":3}},"line":20},"3":{"name":"(anonymous_3)","decl":{"start":{"line":35,"column":33},"end":{"line":35,"column":34}},"loc":{"start":{"line":35,"column":43},"end":{"line":45,"column":3}},"line":35},"4":{"name":"(anonymous_4)","decl":{"start":{"line":40,"column":51},"end":{"line":40,"column":52}},"loc":{"start":{"line":40,"column":72},"end":{"line":43,"column":5}},"line":40},"5":{"name":"(anonymous_5)","decl":{"start":{"line":47,"column":68},"end":{"line":47,"column":69}},"loc":{"start":{"line":47,"column":78},"end":{"line":65,"column":3}},"line":47}},"branchMap":{},"s":{"0":1,"1":1,"2":1,"3":1,"4":1,"5":1,"6":1,"7":1,"8":1,"9":1,"10":1,"11":1,"12":1,"13":1,"14":1,"15":1,"16":1,"17":1,"18":1,"19":1,"20":1,"21":1,"22":1,"23":1,"24":1,"25":1,"26":1,"27":1,"28":1,"29":1,"30":1,"31":1,"32":1,"33":1,"34":1,"35":0,"36":0,"37":1,"38":1,"39":1,"40":1,"41":1,"42":1,"43":1,"44":1,"45":1,"46":1,"47":1,"48":1,"49":1,"50":1,"51":1,"52":1,"53":1,"54":1},"f":{"0":1,"1":1,"2":1,"3":1,"4":0,"5":1},"b":{},"_coverageSchema":"1a1c01bbd47fc00a2c39e90264f33305004495a9","hash":"fb734f5f92a7f2c6a591dd1be92d1dbd3c990fd4","contentHash":"1f28e1a4ff3c099732377ebb2e9aefdf649743fa1893c4832739a6ae98a93821"}}