<?xml version="1.0" encoding="UTF-8" ?>
<testsuites disabled="0" errors="0" failures="0" tests="2" time="20.523">
 <testsuite name="chrome.Hybrent Login Module" timestamp="2019-10-18T21:50:43" hostname="localhost" time="19.433" errors="0" tests="1" skipped="0" disabled="0" failures="0">
  <testcase classname="chrome.Hybrent Login Module" name="Login: Try login with correct credentials." time="19.374" />
 </testsuite>
 <testsuite name="chrome.user default facility" timestamp="2019-10-18T21:51:02" hostname="localhost" time="1.09" errors="0" tests="1" skipped="0" disabled="0" failures="0">
  <testcase classname="chrome.user default facility" name="user default facility is" time="1.087" />
 </testsuite>
</testsuites>